{"C:/Users/zeyad/Frontend-Dev-Packages-Registry/src/App.tsx":{"_coverageSchema":"1a1c01bbd47fc00a2c39e90264f33305004495a9","b":{"0":[1,0],"1":[1,0],"2":[1,1],"3":[0,1],"4":[0,2],"5":[0,2],"6":[1,0],"7":[1,1],"8":[1,0],"9":[1,1],"10":[0,0],"11":[0,0]},"branchMap":{"0":{"line":3,"loc":{"end":{"column":97,"line":3},"start":{"column":20,"line":3}},"locations":[{"end":{"column":60,"line":3},"start":{"column":20,"line":3}},{"end":{"column":97,"line":3},"start":{"column":64,"line":3}}],"type":"binary-expr"},"1":{"line":6,"loc":{"end":{"column":1,"line":16},"start":{"column":0,"line":6}},"locations":[{"end":{"column":1,"line":16},"start":{"column":0,"line":6}},{"end":{"column":null,"line":null},"start":{"column":null,"line":null}}],"type":"if"},"2":{"line":6,"loc":{"end":{"column":35,"line":6},"start":{"column":4,"line":6}},"locations":[{"end":{"column":19,"line":6},"start":{"column":4,"line":6}},{"end":{"column":35,"line":6},"start":{"column":23,"line":6}}],"type":"binary-expr"},"3":{"line":7,"loc":{"end":{"column":3,"line":9},"start":{"column":2,"line":7}},"locations":[{"end":{"column":3,"line":9},"start":{"column":2,"line":7}},{"end":{"column":null,"line":null},"start":{"column":null,"line":null}}],"type":"if"},"4":{"line":46,"loc":{"end":{"column":16,"line":54},"start":{"column":17,"line":46}},"locations":[{"end":{"column":16,"line":50},"start":{"column":51,"line":46}},{"end":{"column":16,"line":54},"start":{"column":35,"line":50}}],"type":"cond-expr"},"5":{"line":69,"loc":{"end":{"column":16,"line":77},"start":{"column":17,"line":69}},"locations":[{"end":{"column":16,"line":73},"start":{"column":51,"line":69}},{"end":{"column":16,"line":77},"start":{"column":35,"line":73}}],"type":"cond-expr"},"6":{"line":121,"loc":{"end":{"column":1,"line":124},"start":{"column":0,"line":121}},"locations":[{"end":{"column":1,"line":124},"start":{"column":0,"line":121}},{"end":{"column":null,"line":null},"start":{"column":null,"line":null}}],"type":"if"},"7":{"line":121,"loc":{"end":{"column":35,"line":121},"start":{"column":4,"line":121}},"locations":[{"end":{"column":19,"line":121},"start":{"column":4,"line":121}},{"end":{"column":35,"line":121},"start":{"column":23,"line":121}}],"type":"binary-expr"},"8":{"line":125,"loc":{"end":{"column":1,"line":134},"start":{"column":0,"line":125}},"locations":[{"end":{"column":1,"line":134},"start":{"column":0,"line":125}},{"end":{"column":null,"line":null},"start":{"column":null,"line":null}}],"type":"if"},"9":{"line":125,"loc":{"end":{"column":35,"line":125},"start":{"column":4,"line":125}},"locations":[{"end":{"column":19,"line":125},"start":{"column":4,"line":125}},{"end":{"column":35,"line":125},"start":{"column":23,"line":125}}],"type":"binary-expr"},"10":{"line":129,"loc":{"end":{"column":31,"line":129},"start":{"column":6,"line":129}},"locations":[{"end":{"column":31,"line":129},"start":{"column":6,"line":129}},{"end":{"column":null,"line":null},"start":{"column":null,"line":null}}],"type":"if"},"11":{"line":131,"loc":{"end":{"column":75,"line":131},"start":{"column":6,"line":131}},"locations":[{"end":{"column":75,"line":131},"start":{"column":6,"line":131}},{"end":{"column":null,"line":null},"start":{"column":null,"line":null}}],"type":"if"}},"f":{"0":1,"1":2,"2":2,"3":1,"4":0},"fnMap":{"0":{"decl":{"end":{"column":25,"line":12},"start":{"column":24,"line":12}},"line":12,"loc":{"end":{"column":3,"line":14},"start":{"column":38,"line":12}},"name":"(anonymous_0)"},"1":{"decl":{"end":{"column":13,"line":25},"start":{"column":12,"line":25}},"line":25,"loc":{"end":{"column":1,"line":115},"start":{"column":18,"line":25}},"name":"(anonymous_1)"},"2":{"decl":{"end":{"column":13,"line":28},"start":{"column":12,"line":28}},"line":28,"loc":{"end":{"column":3,"line":31},"start":{"column":18,"line":28}},"name":"(anonymous_2)"},"3":{"decl":{"end":{"column":53,"line":126},"start":{"column":52,"line":126}},"line":126,"loc":{"end":{"column":3,"line":133},"start":{"column":72,"line":126}},"name":"(anonymous_3)"},"4":{"decl":{"end":{"column":28,"line":128},"start":{"column":27,"line":128}},"line":128,"loc":{"end":{"column":5,"line":132},"start":{"column":44,"line":128}},"name":"(anonymous_4)"}},"hash":"9383fd18a135728d01d90987d3d94e742dd3a341","inputSourceMap":{"file":"C:/Users/zeyad/Frontend-Dev-Packages-Registry/src/App.tsx","ignoreList":[],"mappings":"AAkBiC;2BAlBjC;AAAgBA,MAAUC,cAAS,OAAQ,sBAAO;AAAA;AAAA;AAAA;AAAA;AAAA;AAAA;AAAA;AAAA;AAAA;AAAA;AAAA;AAAA;AAAA;AAAA;AAAA;AAClD,SAASC,iBAAiBC,QAAQC,QAAQC,OAAOC,gBAAgB;AACjE,OAAOC,iBAAiB;AACxB,OAAOC,eAAe;AACtB,OAAOC,cAAc;AACrB,OAAOC,YAAY;AACnB,OAAOC,kBAAkB;AACzB,MAAMC,MAAgBA,MAAM;AAAAC,KAAA;AAC1B,QAAM,CAACC,iBAAiBC,kBAAkB,IAAIf,SAAkB,KAAK;AAErEC,YAAU,MAAM;AACd,UAAMe,QAAQC,aAAaC,QAAQ,WAAW;AAC9CH,uBAAmB,CAAC,CAACC,KAAK;AAAA,EAC5B,GAAG,EAAE;AAEL,SACE,uBAAC,UACC,iCAAC,UACC;AAAA,2BAAC,SAAM,MAAK,KAAI,SAAS,uBAAC,iBAAD;AAAA;AAAA;AAAA;AAAA,WAAY,KAArC;AAAA;AAAA;AAAA;AAAA,WAAyC;AAAA,IACzC;AAAA,MAAC;AAAA;AAAA,QACC,MAAK;AAAA,QACL,SACEF,kBAAkB,uBAAC,YAAS,IAAG,SAAQ,SAAO,QAA5B;AAAA;AAAA;AAAA;AAAA,eAA4B,IAAM,uBAAC,aAAU,sBAAX;AAAA;AAAA;AAAA;AAAA,eAAkD;AAAA;AAAA,MAH1G;AAAA;AAAA;AAAA;AAAA;AAAA;AAAA;AAAA;AAAA,IAIG;AAAA,IAEH;AAAA,MAAC;AAAA;AAAA,QACC,MAAK;AAAA,QACL,SACEA,kBACE,uBAAC,YAAS,sBAAV;AAAA;AAAA;AAAA;AAAA,eAAiD,IAEjD,uBAAC,YAAS,IAAG,UAAS,SAAO,QAA7B;AAAA;AAAA;AAAA;AAAA,eAA6B;AAAA;AAAA,MANnC;AAAA;AAAA;AAAA;AAAA;AAAA;AAAA;AAAA;AAAA,IAQG;AAAA,IAGH,uBAAC,SAAM,MAAK,WAAU,SAAS,uBAAC,YAAD;AAAA;AAAA;AAAA;AAAA,WAAO,KAAtC;AAAA;AAAA;AAAA;AAAA,WAA0C;AAAA,IAE1C,uBAAC,SAAM,MAAK,oBAAmB,SAAS,uBAAC,kBAAD;AAAA;AAAA;AAAA;AAAA,WAAa,KAArD;AAAA;AAAA;AAAA;AAAA,WAAyD;AAAA,OArB3D;AAAA;AAAA;AAAA;AAAA,SAsBA,KAvBF;AAAA;AAAA;AAAA;AAAA,SAwBA;AAEJ;AAAED,GAnCID,KAAa;AAAAO,KAAbP;AAqCN,eAAeA;AAAI,IAAAO;AAAAC,aAAAD,IAAA","names":["useState","useEffect","BrowserRouter","Router","Routes","Route","Navigate","LandingPage","LoginPage","HomePage","Tracks","AdminActions","App","_s","isAuthenticated","setIsAuthenticated","token","localStorage","getItem","_c","$RefreshReg$"],"sources":["C:/Users/zeyad/Frontend-Dev-Packages-Registry/src/App.tsx"],"version":3},"path":"C:/Users/zeyad/Frontend-Dev-Packages-Registry/src/App.tsx","s":{"0":1,"1":1,"2":1,"3":0,"4":1,"5":1,"6":1,"7":1,"8":1,"9":1,"10":1,"11":2,"12":2,"13":2,"14":2,"15":2,"16":2,"17":1,"18":1,"19":1,"20":1,"21":1,"22":1,"23":1,"24":1,"25":1,"26":1,"27":0,"28":0,"29":0,"30":0,"31":0},"statementMap":{"0":{"end":{"column":97,"line":3},"start":{"column":20,"line":3}},"1":{"end":{"column":1,"line":16},"start":{"column":0,"line":6}},"2":{"end":{"column":3,"line":9},"start":{"column":2,"line":7}},"3":{"end":{"column":165,"line":8},"start":{"column":4,"line":8}},"4":{"end":{"column":39,"line":10},"start":{"column":2,"line":10}},"5":{"end":{"column":39,"line":11},"start":{"column":2,"line":11}},"6":{"end":{"column":4,"line":14},"start":{"column":2,"line":12}},"7":{"end":{"column":101,"line":13},"start":{"column":4,"line":13}},"8":{"end":{"column":75,"line":15},"start":{"column":2,"line":15}},"9":{"end":{"column":23,"line":17},"start":{"column":9,"line":17}},"10":{"end":{"column":1,"line":115},"start":{"column":12,"line":25}},"11":{"end":{"column":7,"line":26},"start":{"column":2,"line":26}},"12":{"end":{"column":63,"line":27},"start":{"column":48,"line":27}},"13":{"end":{"column":9,"line":31},"start":{"column":2,"line":28}},"14":{"end":{"column":51,"line":29},"start":{"column":18,"line":29}},"15":{"end":{"column":32,"line":30},"start":{"column":4,"line":30}},"16":{"end":{"column":11,"line":114},"start":{"column":2,"line":32}},"17":{"end":{"column":40,"line":116},"start":{"column":0,"line":116}},"18":{"end":{"column":9,"line":117},"start":{"column":0,"line":117}},"19":{"end":{"column":24,"line":120},"start":{"column":0,"line":120}},"20":{"end":{"column":1,"line":124},"start":{"column":0,"line":121}},"21":{"end":{"column":39,"line":122},"start":{"column":2,"line":122}},"22":{"end":{"column":39,"line":123},"start":{"column":2,"line":123}},"23":{"end":{"column":1,"line":134},"start":{"column":0,"line":125}},"24":{"end":{"column":5,"line":133},"start":{"column":2,"line":126}},"25":{"end":{"column":127,"line":127},"start":{"column":4,"line":127}},"26":{"end":{"column":7,"line":132},"start":{"column":4,"line":128}},"27":{"end":{"column":31,"line":129},"start":{"column":6,"line":129}},"28":{"end":{"column":31,"line":129},"start":{"column":24,"line":129}},"29":{"end":{"column":176,"line":130},"start":{"column":32,"line":130}},"30":{"end":{"column":75,"line":131},"start":{"column":6,"line":131}},"31":{"end":{"column":75,"line":131},"start":{"column":29,"line":131}}}},"C:/Users/zeyad/Frontend-Dev-Packages-Registry/src/Components/AssignPackage.tsx":{"_coverageSchema":"1a1c01bbd47fc00a2c39e90264f33305004495a9","b":{"0":[1,0],"1":[1,0],"2":[1,1],"3":[0,1],"4":[0,0],"5":[0,0],"6":[0,0],"7":[0,0],"8":[0,0],"9":[0,0],"10":[0,0],"11":[0,0],"12":[0,0],"13":[1,0],"14":[1,1],"15":[1,0],"16":[1,1],"17":[0,0],"18":[0,0]},"branchMap":{"0":{"line":3,"loc":{"end":{"column":97,"line":3},"start":{"column":20,"line":3}},"locations":[{"end":{"column":60,"line":3},"start":{"column":20,"line":3}},{"end":{"column":97,"line":3},"start":{"column":64,"line":3}}],"type":"binary-expr"},"1":{"line":6,"loc":{"end":{"column":1,"line":16},"start":{"column":0,"line":6}},"locations":[{"end":{"column":1,"line":16},"start":{"column":0,"line":6}},{"end":{"column":null,"line":null},"start":{"column":null,"line":null}}],"type":"if"},"2":{"line":6,"loc":{"end":{"column":35,"line":6},"start":{"column":4,"line":6}},"locations":[{"end":{"column":19,"line":6},"start":{"column":4,"line":6}},{"end":{"column":35,"line":6},"start":{"column":23,"line":6}}],"type":"binary-expr"},"3":{"line":7,"loc":{"end":{"column":3,"line":9},"start":{"column":2,"line":7}},"locations":[{"end":{"column":3,"line":9},"start":{"column":2,"line":7}},{"end":{"column":null,"line":null},"start":{"column":null,"line":null}}],"type":"if"},"4":{"line":28,"loc":{"end":{"column":5,"line":32},"start":{"column":4,"line":28}},"locations":[{"end":{"column":5,"line":32},"start":{"column":4,"line":28}},{"end":{"column":null,"line":null},"start":{"column":null,"line":null}}],"type":"if"},"5":{"line":28,"loc":{"end":{"column":44,"line":28},"start":{"column":8,"line":28}},"locations":[{"end":{"column":23,"line":28},"start":{"column":8,"line":28}},{"end":{"column":44,"line":28},"start":{"column":27,"line":28}}],"type":"binary-expr"},"6":{"line":40,"loc":{"end":{"column":7,"line":53},"start":{"column":6,"line":40}},"locations":[{"end":{"column":7,"line":53},"start":{"column":6,"line":40}},{"end":{"column":7,"line":53},"start":{"column":13,"line":51}}],"type":"if"},"7":{"line":42,"loc":{"end":{"column":79,"line":42},"start":{"column":27,"line":42}},"locations":[{"end":{"column":54,"line":42},"start":{"column":27,"line":42}},{"end":{"column":79,"line":42},"start":{"column":58,"line":42}}],"type":"binary-expr"},"8":{"line":45,"loc":{"end":{"column":9,"line":49},"start":{"column":8,"line":45}},"locations":[{"end":{"column":9,"line":49},"start":{"column":8,"line":45}},{"end":{"column":9,"line":49},"start":{"column":15,"line":47}}],"type":"if"},"9":{"line":45,"loc":{"end":{"column":54,"line":45},"start":{"column":12,"line":45}},"locations":[{"end":{"column":21,"line":45},"start":{"column":12,"line":45}},{"end":{"column":54,"line":45},"start":{"column":25,"line":45}}],"type":"binary-expr"},"10":{"line":46,"loc":{"end":{"column":63,"line":46},"start":{"column":26,"line":46}},"locations":[{"end":{"column":41,"line":46},"start":{"column":26,"line":46}},{"end":{"column":63,"line":46},"start":{"column":45,"line":46}}],"type":"binary-expr"},"11":{"line":127,"loc":{"end":{"column":12,"line":131},"start":{"column":4,"line":127}},"locations":[{"end":{"column":16,"line":127},"start":{"column":4,"line":127}},{"end":{"column":12,"line":131},"start":{"column":36,"line":127}}],"type":"binary-expr"},"12":{"line":132,"loc":{"end":{"column":12,"line":136},"start":{"column":4,"line":132}},"locations":[{"end":{"column":18,"line":132},"start":{"column":4,"line":132}},{"end":{"column":12,"line":136},"start":{"column":38,"line":132}}],"type":"binary-expr"},"13":{"line":148,"loc":{"end":{"column":1,"line":151},"start":{"column":0,"line":148}},"locations":[{"end":{"column":1,"line":151},"start":{"column":0,"line":148}},{"end":{"column":null,"line":null},"start":{"column":null,"line":null}}],"type":"if"},"14":{"line":148,"loc":{"end":{"column":35,"line":148},"start":{"column":4,"line":148}},"locations":[{"end":{"column":19,"line":148},"start":{"column":4,"line":148}},{"end":{"column":35,"line":148},"start":{"column":23,"line":148}}],"type":"binary-expr"},"15":{"line":152,"loc":{"end":{"column":1,"line":161},"start":{"column":0,"line":152}},"locations":[{"end":{"column":1,"line":161},"start":{"column":0,"line":152}},{"end":{"column":null,"line":null},"start":{"column":null,"line":null}}],"type":"if"},"16":{"line":152,"loc":{"end":{"column":35,"line":152},"start":{"column":4,"line":152}},"locations":[{"end":{"column":19,"line":152},"start":{"column":4,"line":152}},{"end":{"column":35,"line":152},"start":{"column":23,"line":152}}],"type":"binary-expr"},"17":{"line":156,"loc":{"end":{"column":31,"line":156},"start":{"column":6,"line":156}},"locations":[{"end":{"column":31,"line":156},"start":{"column":6,"line":156}},{"end":{"column":null,"line":null},"start":{"column":null,"line":null}}],"type":"if"},"18":{"line":158,"loc":{"end":{"column":75,"line":158},"start":{"column":6,"line":158}},"locations":[{"end":{"column":75,"line":158},"start":{"column":6,"line":158}},{"end":{"column":null,"line":null},"start":{"column":null,"line":null}}],"type":"if"}},"f":{"0":1,"1":0,"2":0,"3":0,"4":0,"5":1,"6":0},"fnMap":{"0":{"decl":{"end":{"column":25,"line":12},"start":{"column":24,"line":12}},"line":12,"loc":{"end":{"column":3,"line":14},"start":{"column":38,"line":12}},"name":"(anonymous_0)"},"1":{"decl":{"end":{"column":30,"line":21},"start":{"column":29,"line":21}},"line":21,"loc":{"end":{"column":1,"line":142},"start":{"column":35,"line":21}},"name":"(anonymous_1)"},"2":{"decl":{"end":{"column":43,"line":27},"start":{"column":42,"line":27}},"line":27,"loc":{"end":{"column":3,"line":55},"start":{"column":54,"line":27}},"name":"(anonymous_2)"},"3":{"decl":{"end":{"column":21,"line":76},"start":{"column":20,"line":76}},"line":76,"loc":{"end":{"column":55,"line":76},"start":{"column":27,"line":76}},"name":"(anonymous_3)"},"4":{"decl":{"end":{"column":21,"line":106},"start":{"column":20,"line":106}},"line":106,"loc":{"end":{"column":53,"line":106},"start":{"column":27,"line":106}},"name":"(anonymous_4)"},"5":{"decl":{"end":{"column":53,"line":153},"start":{"column":52,"line":153}},"line":153,"loc":{"end":{"column":3,"line":160},"start":{"column":72,"line":153}},"name":"(anonymous_5)"},"6":{"decl":{"end":{"column":28,"line":155},"start":{"column":27,"line":155}},"line":155,"loc":{"end":{"column":5,"line":159},"start":{"column":44,"line":155}},"name":"(anonymous_6)"}},"hash":"2214ba43365f12ac179b7acc2d2334807295b439","inputSourceMap":{"file":"C:/Users/zeyad/Frontend-Dev-Packages-Registry/src/Components/AssignPackage.tsx","ignoreList":[],"mappings":"AAgDM;2BAhDN;AAAgBA,MAAUC,cAAW,OAAQ,sBAAO;AAAA;AAAA;AAAA;AAAA;AAAA;AAAA;AAAA;AAAA;AAAA;AAAA;AAAA;AAAA;AAAA;AAAA;AAAA;AACpD,OAAOC,WAA2B;AAClC,SAASC,4BAA4B;AAGrC,MAAMC,uBAAiCA,MAAM;AAAAC,KAAA;AAC3C,QAAM,CAACC,SAASC,UAAU,IAAIP,SAAiB,EAAE;AACjD,QAAM,CAACQ,WAAWC,YAAY,IAAIT,SAAiB,EAAE;AACrD,QAAM,CAACU,cAAcC,eAAe,IAAIX,SAAwB,IAAI;AACpE,QAAM,CAACY,gBAAgBC,iBAAiB,IAAIb,SAAwB,IAAI;AAExE,QAAMc,sBAAsBb,YAAY,YAAY;AAElD,QAAI,CAACK,QAAQS,KAAK,KAAK,CAACP,UAAUO,KAAK,GAAG;AACxCJ,sBAAgB,4CAA4C;AAC5DE,wBAAkB,IAAI;AACtB;AAAA,IACF;AAEA,QAAI;AACFF,sBAAgB,IAAI;AACpBE,wBAAkB,IAAI;AAEtB,YAAMG,cAA8B,EAAEC,YAAYC,SAASV,SAAS,EAAE;AACtE,YAAMW,kBAAkB,MAAMhB,qBAAqBa,aAAaE,SAASZ,OAAO,CAAC;AACjFO,wBAAkBM,eAAe;AAAA,IACnC,SAASC,KAAK;AACZ,UAAIlB,MAAMmB,aAAaD,GAAG,GAAG;AAC3B,cAAME,aAAaF;AACnB,cAAMG,aAAaD,WAAWE,UAAUC,UAAU;AAClD,cAAMC,YAAYJ,WAAWE,UAAUG;AACvC,YAAIjB,gBAAe;AAEnB,YAAIgB,aAAa,OAAOA,cAAc,UAAU;AAC9ChB,0BAAgBgB,UAAiCE,SAASN,WAAWO;AAAAA,QACvE,OAAO;AACLnB,0BAAeY,WAAWO;AAAAA,QAC5B;AAEAlB,wBAAgB,SAASY,UAAU,KAAKb,aAAY,EAAE;AAAA,MACxD,OAAO;AACLC,wBAAgB,+BAA+B;AAAA,MACjD;AAAA,IACF;AAAA,EACF,GAAG,CAACL,SAASE,SAAS,CAAC;AAEvB,SACE,uBAAC,SAAI,WAAU,kBACb;AAAA,2BAAC,QAAG,WAAU,iCAAgC,uCAA9C;AAAA;AAAA;AAAA;AAAA,WAAqE;AAAA,IAGrE,uBAAC,SAAI,WAAU,mBACb;AAAA,6BAAC,WAAM,SAAQ,kBAAiB,WAAU,sBAAqB,0BAA/D;AAAA;AAAA;AAAA;AAAA,aAAyE;AAAA,MACzE;AAAA,QAAC;AAAA;AAAA,UACC,IAAG;AAAA,UACH,MAAK;AAAA,UACL,WAAU;AAAA,UACV,aAAY;AAAA,UACZ,OAAOA;AAAAA,UACP,UAAU,CAACsB,MAAMrB,aAAaqB,EAAEC,OAAOC,KAAK;AAAA;AAAA,QAN9C;AAAA;AAAA;AAAA;AAAA;AAAA;AAAA;AAAA;AAAA,MAMgD;AAAA,SARlD;AAAA;AAAA;AAAA;AAAA,WAUA;AAAA,IAGA,uBAAC,SAAI,WAAU,mBACb;AAAA,6BAAC,WAAM,SAAQ,gBAAe,WAAU,sBAAqB,wBAA7D;AAAA;AAAA;AAAA;AAAA,aAAqE;AAAA,MACrE;AAAA,QAAC;AAAA;AAAA,UACC,IAAG;AAAA,UACH,MAAK;AAAA,UACL,WAAU;AAAA,UACV,aAAY;AAAA,UACZ,OAAO1B;AAAAA,UACP,UAAU,CAACwB,MAAMvB,WAAWuB,EAAEC,OAAOC,KAAK;AAAA;AAAA,QAN5C;AAAA;AAAA;AAAA;AAAA;AAAA;AAAA;AAAA;AAAA,MAM8C;AAAA,SARhD;AAAA;AAAA;AAAA;AAAA,WAUA;AAAA,IAGA,uBAAC,YAAO,SAASlB,qBAAqB,WAAU,+BAA8B,uCAA9E;AAAA;AAAA;AAAA;AAAA,WAEA;AAAA,IAGCJ,gBACC,uBAAC,SAAI,WAAU,2BAA0B,MAAK,SAC3CA,0BADH;AAAA;AAAA;AAAA;AAAA,WAEA;AAAA,IAIDE,kBACC,uBAAC,SAAI,WAAU,4BAA2B,MAAK,SAC5CA,4BADH;AAAA;AAAA;AAAA;AAAA,WAEA;AAAA,OA7CJ;AAAA;AAAA;AAAA;AAAA,SA+CA;AAEJ;AAAEP,GA3FID,sBAA8B;AAAA6B,KAA9B7B;AA6FN,eAAeA;AAAqB,IAAA6B;AAAAC,aAAAD,IAAA","names":["useState","useCallback","axios","assignPackageToGroup","AssignPackageToGroup","_s","groupId","setGroupId","packageId","setPackageId","errorMessage","setErrorMessage","successMessage","setSuccessMessage","handleAssignPackage","trim","requestData","package_id","parseInt","responseMessage","err","isAxiosError","axiosError","statusCode","response","status","errorData","data","error","message","e","target","value","_c","$RefreshReg$"],"sources":["C:/Users/zeyad/Frontend-Dev-Packages-Registry/src/Components/AssignPackage.tsx"],"version":3},"path":"C:/Users/zeyad/Frontend-Dev-Packages-Registry/src/Components/AssignPackage.tsx","s":{"0":1,"1":1,"2":1,"3":0,"4":1,"5":1,"6":1,"7":1,"8":1,"9":1,"10":1,"11":0,"12":0,"13":0,"14":0,"15":0,"16":0,"17":0,"18":0,"19":0,"20":0,"21":0,"22":0,"23":0,"24":0,"25":0,"26":0,"27":0,"28":0,"29":0,"30":0,"31":0,"32":0,"33":0,"34":0,"35":0,"36":0,"37":0,"38":0,"39":0,"40":1,"41":1,"42":1,"43":1,"44":1,"45":1,"46":1,"47":1,"48":1,"49":1,"50":0,"51":0,"52":0,"53":0,"54":0},"statementMap":{"0":{"end":{"column":97,"line":3},"start":{"column":20,"line":3}},"1":{"end":{"column":1,"line":16},"start":{"column":0,"line":6}},"2":{"end":{"column":3,"line":9},"start":{"column":2,"line":7}},"3":{"end":{"column":165,"line":8},"start":{"column":4,"line":8}},"4":{"end":{"column":39,"line":10},"start":{"column":2,"line":10}},"5":{"end":{"column":39,"line":11},"start":{"column":2,"line":11}},"6":{"end":{"column":4,"line":14},"start":{"column":2,"line":12}},"7":{"end":{"column":122,"line":13},"start":{"column":4,"line":13}},"8":{"end":{"column":75,"line":15},"start":{"column":2,"line":15}},"9":{"end":{"column":23,"line":17},"start":{"column":9,"line":17}},"10":{"end":{"column":1,"line":142},"start":{"column":29,"line":21}},"11":{"end":{"column":7,"line":22},"start":{"column":2,"line":22}},"12":{"end":{"column":44,"line":23},"start":{"column":32,"line":23}},"13":{"end":{"column":48,"line":24},"start":{"column":36,"line":24}},"14":{"end":{"column":56,"line":25},"start":{"column":42,"line":25}},"15":{"end":{"column":60,"line":26},"start":{"column":46,"line":26}},"16":{"end":{"column":26,"line":55},"start":{"column":30,"line":27}},"17":{"end":{"column":5,"line":32},"start":{"column":4,"line":28}},"18":{"end":{"column":68,"line":29},"start":{"column":6,"line":29}},"19":{"end":{"column":30,"line":30},"start":{"column":6,"line":30}},"20":{"end":{"column":13,"line":31},"start":{"column":6,"line":31}},"21":{"end":{"column":5,"line":54},"start":{"column":4,"line":33}},"22":{"end":{"column":28,"line":34},"start":{"column":6,"line":34}},"23":{"end":{"column":30,"line":35},"start":{"column":6,"line":35}},"24":{"end":{"column":61,"line":36},"start":{"column":26,"line":36}},"25":{"end":{"column":88,"line":37},"start":{"column":30,"line":37}},"26":{"end":{"column":41,"line":38},"start":{"column":6,"line":38}},"27":{"end":{"column":7,"line":53},"start":{"column":6,"line":40}},"28":{"end":{"column":30,"line":41},"start":{"column":27,"line":41}},"29":{"end":{"column":79,"line":42},"start":{"column":27,"line":42}},"30":{"end":{"column":51,"line":43},"start":{"column":26,"line":43}},"31":{"end":{"column":30,"line":44},"start":{"column":28,"line":44}},"32":{"end":{"column":9,"line":49},"start":{"column":8,"line":45}},"33":{"end":{"column":64,"line":46},"start":{"column":10,"line":46}},"34":{"end":{"column":45,"line":48},"start":{"column":10,"line":48}},"35":{"end":{"column":65,"line":50},"start":{"column":8,"line":50}},"36":{"end":{"column":57,"line":52},"start":{"column":8,"line":52}},"37":{"end":{"column":11,"line":141},"start":{"column":2,"line":56}},"38":{"end":{"column":55,"line":76},"start":{"column":27,"line":76}},"39":{"end":{"column":53,"line":106},"start":{"column":27,"line":106}},"40":{"end":{"column":57,"line":143},"start":{"column":0,"line":143}},"41":{"end":{"column":26,"line":144},"start":{"column":0,"line":144}},"42":{"end":{"column":41,"line":147},"start":{"column":0,"line":147}},"43":{"end":{"column":1,"line":151},"start":{"column":0,"line":148}},"44":{"end":{"column":39,"line":149},"start":{"column":2,"line":149}},"45":{"end":{"column":39,"line":150},"start":{"column":2,"line":150}},"46":{"end":{"column":1,"line":161},"start":{"column":0,"line":152}},"47":{"end":{"column":5,"line":160},"start":{"column":2,"line":153}},"48":{"end":{"column":148,"line":154},"start":{"column":4,"line":154}},"49":{"end":{"column":7,"line":159},"start":{"column":4,"line":155}},"50":{"end":{"column":31,"line":156},"start":{"column":6,"line":156}},"51":{"end":{"column":31,"line":156},"start":{"column":24,"line":156}},"52":{"end":{"column":197,"line":157},"start":{"column":32,"line":157}},"53":{"end":{"column":75,"line":158},"start":{"column":6,"line":158}},"54":{"end":{"column":75,"line":158},"start":{"column":29,"line":158}}}},"C:/Users/zeyad/Frontend-Dev-Packages-Registry/src/Components/AssignUser.tsx":{"_coverageSchema":"1a1c01bbd47fc00a2c39e90264f33305004495a9","b":{"0":[1,0],"1":[1,0],"2":[1,1],"3":[0,1],"4":[0,0],"5":[0,0],"6":[0,0],"7":[0,0],"8":[0,0],"9":[0,0],"10":[0,0],"11":[0,0],"12":[0,0],"13":[1,0],"14":[1,1],"15":[1,0],"16":[1,1],"17":[0,0],"18":[0,0]},"branchMap":{"0":{"line":3,"loc":{"end":{"column":97,"line":3},"start":{"column":20,"line":3}},"locations":[{"end":{"column":60,"line":3},"start":{"column":20,"line":3}},{"end":{"column":97,"line":3},"start":{"column":64,"line":3}}],"type":"binary-expr"},"1":{"line":6,"loc":{"end":{"column":1,"line":16},"start":{"column":0,"line":6}},"locations":[{"end":{"column":1,"line":16},"start":{"column":0,"line":6}},{"end":{"column":null,"line":null},"start":{"column":null,"line":null}}],"type":"if"},"2":{"line":6,"loc":{"end":{"column":35,"line":6},"start":{"column":4,"line":6}},"locations":[{"end":{"column":19,"line":6},"start":{"column":4,"line":6}},{"end":{"column":35,"line":6},"start":{"column":23,"line":6}}],"type":"binary-expr"},"3":{"line":7,"loc":{"end":{"column":3,"line":9},"start":{"column":2,"line":7}},"locations":[{"end":{"column":3,"line":9},"start":{"column":2,"line":7}},{"end":{"column":null,"line":null},"start":{"column":null,"line":null}}],"type":"if"},"4":{"line":28,"loc":{"end":{"column":5,"line":32},"start":{"column":4,"line":28}},"locations":[{"end":{"column":5,"line":32},"start":{"column":4,"line":28}},{"end":{"column":null,"line":null},"start":{"column":null,"line":null}}],"type":"if"},"5":{"line":28,"loc":{"end":{"column":41,"line":28},"start":{"column":8,"line":28}},"locations":[{"end":{"column":22,"line":28},"start":{"column":8,"line":28}},{"end":{"column":41,"line":28},"start":{"column":26,"line":28}}],"type":"binary-expr"},"6":{"line":40,"loc":{"end":{"column":7,"line":53},"start":{"column":6,"line":40}},"locations":[{"end":{"column":7,"line":53},"start":{"column":6,"line":40}},{"end":{"column":7,"line":53},"start":{"column":13,"line":51}}],"type":"if"},"7":{"line":42,"loc":{"end":{"column":79,"line":42},"start":{"column":27,"line":42}},"locations":[{"end":{"column":54,"line":42},"start":{"column":27,"line":42}},{"end":{"column":79,"line":42},"start":{"column":58,"line":42}}],"type":"binary-expr"},"8":{"line":45,"loc":{"end":{"column":9,"line":49},"start":{"column":8,"line":45}},"locations":[{"end":{"column":9,"line":49},"start":{"column":8,"line":45}},{"end":{"column":9,"line":49},"start":{"column":15,"line":47}}],"type":"if"},"9":{"line":45,"loc":{"end":{"column":54,"line":45},"start":{"column":12,"line":45}},"locations":[{"end":{"column":21,"line":45},"start":{"column":12,"line":45}},{"end":{"column":54,"line":45},"start":{"column":25,"line":45}}],"type":"binary-expr"},"10":{"line":46,"loc":{"end":{"column":63,"line":46},"start":{"column":26,"line":46}},"locations":[{"end":{"column":41,"line":46},"start":{"column":26,"line":46}},{"end":{"column":63,"line":46},"start":{"column":45,"line":46}}],"type":"binary-expr"},"11":{"line":127,"loc":{"end":{"column":12,"line":131},"start":{"column":4,"line":127}},"locations":[{"end":{"column":16,"line":127},"start":{"column":4,"line":127}},{"end":{"column":12,"line":131},"start":{"column":36,"line":127}}],"type":"binary-expr"},"12":{"line":132,"loc":{"end":{"column":12,"line":136},"start":{"column":4,"line":132}},"locations":[{"end":{"column":18,"line":132},"start":{"column":4,"line":132}},{"end":{"column":12,"line":136},"start":{"column":38,"line":132}}],"type":"binary-expr"},"13":{"line":148,"loc":{"end":{"column":1,"line":151},"start":{"column":0,"line":148}},"locations":[{"end":{"column":1,"line":151},"start":{"column":0,"line":148}},{"end":{"column":null,"line":null},"start":{"column":null,"line":null}}],"type":"if"},"14":{"line":148,"loc":{"end":{"column":35,"line":148},"start":{"column":4,"line":148}},"locations":[{"end":{"column":19,"line":148},"start":{"column":4,"line":148}},{"end":{"column":35,"line":148},"start":{"column":23,"line":148}}],"type":"binary-expr"},"15":{"line":152,"loc":{"end":{"column":1,"line":161},"start":{"column":0,"line":152}},"locations":[{"end":{"column":1,"line":161},"start":{"column":0,"line":152}},{"end":{"column":null,"line":null},"start":{"column":null,"line":null}}],"type":"if"},"16":{"line":152,"loc":{"end":{"column":35,"line":152},"start":{"column":4,"line":152}},"locations":[{"end":{"column":19,"line":152},"start":{"column":4,"line":152}},{"end":{"column":35,"line":152},"start":{"column":23,"line":152}}],"type":"binary-expr"},"17":{"line":156,"loc":{"end":{"column":31,"line":156},"start":{"column":6,"line":156}},"locations":[{"end":{"column":31,"line":156},"start":{"column":6,"line":156}},{"end":{"column":null,"line":null},"start":{"column":null,"line":null}}],"type":"if"},"18":{"line":158,"loc":{"end":{"column":75,"line":158},"start":{"column":6,"line":158}},"locations":[{"end":{"column":75,"line":158},"start":{"column":6,"line":158}},{"end":{"column":null,"line":null},"start":{"column":null,"line":null}}],"type":"if"}},"f":{"0":1,"1":0,"2":0,"3":0,"4":0,"5":1,"6":0},"fnMap":{"0":{"decl":{"end":{"column":25,"line":12},"start":{"column":24,"line":12}},"line":12,"loc":{"end":{"column":3,"line":14},"start":{"column":38,"line":12}},"name":"(anonymous_0)"},"1":{"decl":{"end":{"column":27,"line":21},"start":{"column":26,"line":21}},"line":21,"loc":{"end":{"column":1,"line":142},"start":{"column":32,"line":21}},"name":"(anonymous_1)"},"2":{"decl":{"end":{"column":40,"line":27},"start":{"column":39,"line":27}},"line":27,"loc":{"end":{"column":3,"line":55},"start":{"column":51,"line":27}},"name":"(anonymous_2)"},"3":{"decl":{"end":{"column":21,"line":76},"start":{"column":20,"line":76}},"line":76,"loc":{"end":{"column":52,"line":76},"start":{"column":27,"line":76}},"name":"(anonymous_3)"},"4":{"decl":{"end":{"column":21,"line":106},"start":{"column":20,"line":106}},"line":106,"loc":{"end":{"column":53,"line":106},"start":{"column":27,"line":106}},"name":"(anonymous_4)"},"5":{"decl":{"end":{"column":53,"line":153},"start":{"column":52,"line":153}},"line":153,"loc":{"end":{"column":3,"line":160},"start":{"column":72,"line":153}},"name":"(anonymous_5)"},"6":{"decl":{"end":{"column":28,"line":155},"start":{"column":27,"line":155}},"line":155,"loc":{"end":{"column":5,"line":159},"start":{"column":44,"line":155}},"name":"(anonymous_6)"}},"hash":"af2b46e6aa85ed430d8167ee563133b2be1d1bd5","inputSourceMap":{"file":"C:/Users/zeyad/Frontend-Dev-Packages-Registry/src/Components/AssignUser.tsx","ignoreList":[],"mappings":"AAgDM;2BAhDN;AAAgBA,MAAUC,cAAW,OAAQ,sBAAO;AAAA;AAAA;AAAA;AAAA;AAAA;AAAA;AAAA;AAAA;AAAA;AAAA;AAAA;AAAA;AAAA;AAAA;AAAA;AACpD,OAAOC,WAA2B;AAClC,SAASC,yBAAyB;AAGlC,MAAMC,oBAA8BA,MAAM;AAAAC,KAAA;AACxC,QAAM,CAACC,QAAQC,SAAS,IAAIP,SAAiB,EAAE;AAC/C,QAAM,CAACQ,SAASC,UAAU,IAAIT,SAAiB,EAAE;AACjD,QAAM,CAACU,cAAcC,eAAe,IAAIX,SAAwB,IAAI;AACpE,QAAM,CAACY,gBAAgBC,iBAAiB,IAAIb,SAAwB,IAAI;AAExE,QAAMc,mBAAmBb,YAAY,YAAY;AAE/C,QAAI,CAACK,OAAOS,KAAK,KAAK,CAACP,QAAQO,KAAK,GAAG;AACrCJ,sBAAgB,yCAAyC;AACzDE,wBAAkB,IAAI;AACtB;AAAA,IACF;AAEA,QAAI;AACFF,sBAAgB,IAAI;AACpBE,wBAAkB,IAAI;AAEtB,YAAMG,cAA4B,EAAEC,SAASC,SAASZ,MAAM,EAAE;AAC9D,YAAMa,kBAAkB,MAAMhB,kBAAkBa,aAAaE,SAASV,OAAO,CAAC;AAC9EK,wBAAkBM,eAAe;AAAA,IACnC,SAASC,KAAK;AACZ,UAAIlB,MAAMmB,aAAaD,GAAG,GAAG;AAC3B,cAAME,aAAaF;AACnB,cAAMG,aAAaD,WAAWE,UAAUC,UAAU;AAClD,cAAMC,YAAYJ,WAAWE,UAAUG;AACvC,YAAIjB,gBAAe;AAEnB,YAAIgB,aAAa,OAAOA,cAAc,UAAU;AAC9ChB,0BAAgBgB,UAAiCE,SAASN,WAAWO;AAAAA,QACvE,OAAO;AACLnB,0BAAeY,WAAWO;AAAAA,QAC5B;AAEAlB,wBAAgB,SAASY,UAAU,KAAKb,aAAY,EAAE;AAAA,MACxD,OAAO;AACLC,wBAAgB,+BAA+B;AAAA,MACjD;AAAA,IACF;AAAA,EACF,GAAG,CAACL,QAAQE,OAAO,CAAC;AAEpB,SACE,uBAAC,SAAI,WAAU,kBACb;AAAA,2BAAC,QAAG,WAAU,iCAAgC,oCAA9C;AAAA;AAAA;AAAA;AAAA,WAAkE;AAAA,IAGlE,uBAAC,SAAI,WAAU,mBACb;AAAA,6BAAC,WAAM,SAAQ,eAAc,WAAU,sBAAqB,uBAA5D;AAAA;AAAA;AAAA;AAAA,aAAmE;AAAA,MACnE;AAAA,QAAC;AAAA;AAAA,UACC,IAAG;AAAA,UACH,MAAK;AAAA,UACL,WAAU;AAAA,UACV,aAAY;AAAA,UACZ,OAAOF;AAAAA,UACP,UAAU,CAACwB,MAAMvB,UAAUuB,EAAEC,OAAOC,KAAK;AAAA;AAAA,QAN3C;AAAA;AAAA;AAAA;AAAA;AAAA;AAAA;AAAA;AAAA,MAM6C;AAAA,SAR/C;AAAA;AAAA;AAAA;AAAA,WAUA;AAAA,IAGA,uBAAC,SAAI,WAAU,mBACb;AAAA,6BAAC,WAAM,SAAQ,gBAAe,WAAU,sBAAqB,wBAA7D;AAAA;AAAA;AAAA;AAAA,aAAqE;AAAA,MACrE;AAAA,QAAC;AAAA;AAAA,UACC,IAAG;AAAA,UACH,MAAK;AAAA,UACL,WAAU;AAAA,UACV,aAAY;AAAA,UACZ,OAAOxB;AAAAA,UACP,UAAU,CAACsB,MAAMrB,WAAWqB,EAAEC,OAAOC,KAAK;AAAA;AAAA,QAN5C;AAAA;AAAA;AAAA;AAAA;AAAA;AAAA;AAAA;AAAA,MAM8C;AAAA,SARhD;AAAA;AAAA;AAAA;AAAA,WAUA;AAAA,IAGA,uBAAC,YAAO,SAASlB,kBAAkB,IAAG,gBAAe,WAAU,+BAA8B,oCAA7F;AAAA;AAAA;AAAA;AAAA,WAEA;AAAA,IAGCJ,gBACC,uBAAC,SAAI,WAAU,2BAA0B,IAAG,gBAAe,MAAK,SAC7DA,0BADH;AAAA;AAAA;AAAA;AAAA,WAEA;AAAA,IAIDE,kBACC,uBAAC,SAAI,WAAU,4BAA2B,IAAG,kBAAiB,MAAK,SAChEA,4BADH;AAAA;AAAA;AAAA;AAAA,WAEA;AAAA,OA7CJ;AAAA;AAAA;AAAA;AAAA,SA+CA;AAEJ;AAAEP,GA3FID,mBAA2B;AAAA6B,KAA3B7B;AA6FN,eAAeA;AAAkB,IAAA6B;AAAAC,aAAAD,IAAA","names":["useState","useCallback","axios","assignUserToGroup","AssignUserToGroup","_s","userId","setUserId","groupId","setGroupId","errorMessage","setErrorMessage","successMessage","setSuccessMessage","handleAssignUser","trim","requestData","user_id","parseInt","responseMessage","err","isAxiosError","axiosError","statusCode","response","status","errorData","data","error","message","e","target","value","_c","$RefreshReg$"],"sources":["C:/Users/zeyad/Frontend-Dev-Packages-Registry/src/Components/AssignUser.tsx"],"version":3},"path":"C:/Users/zeyad/Frontend-Dev-Packages-Registry/src/Components/AssignUser.tsx","s":{"0":1,"1":1,"2":1,"3":0,"4":1,"5":1,"6":1,"7":1,"8":1,"9":1,"10":1,"11":0,"12":0,"13":0,"14":0,"15":0,"16":0,"17":0,"18":0,"19":0,"20":0,"21":0,"22":0,"23":0,"24":0,"25":0,"26":0,"27":0,"28":0,"29":0,"30":0,"31":0,"32":0,"33":0,"34":0,"35":0,"36":0,"37":0,"38":0,"39":0,"40":1,"41":1,"42":1,"43":1,"44":1,"45":1,"46":1,"47":1,"48":1,"49":1,"50":0,"51":0,"52":0,"53":0,"54":0},"statementMap":{"0":{"end":{"column":97,"line":3},"start":{"column":20,"line":3}},"1":{"end":{"column":1,"line":16},"start":{"column":0,"line":6}},"2":{"end":{"column":3,"line":9},"start":{"column":2,"line":7}},"3":{"end":{"column":165,"line":8},"start":{"column":4,"line":8}},"4":{"end":{"column":39,"line":10},"start":{"column":2,"line":10}},"5":{"end":{"column":39,"line":11},"start":{"column":2,"line":11}},"6":{"end":{"column":4,"line":14},"start":{"column":2,"line":12}},"7":{"end":{"column":119,"line":13},"start":{"column":4,"line":13}},"8":{"end":{"column":75,"line":15},"start":{"column":2,"line":15}},"9":{"end":{"column":23,"line":17},"start":{"column":9,"line":17}},"10":{"end":{"column":1,"line":142},"start":{"column":26,"line":21}},"11":{"end":{"column":7,"line":22},"start":{"column":2,"line":22}},"12":{"end":{"column":42,"line":23},"start":{"column":30,"line":23}},"13":{"end":{"column":44,"line":24},"start":{"column":32,"line":24}},"14":{"end":{"column":56,"line":25},"start":{"column":42,"line":25}},"15":{"end":{"column":60,"line":26},"start":{"column":46,"line":26}},"16":{"end":{"column":23,"line":55},"start":{"column":27,"line":27}},"17":{"end":{"column":5,"line":32},"start":{"column":4,"line":28}},"18":{"end":{"column":65,"line":29},"start":{"column":6,"line":29}},"19":{"end":{"column":30,"line":30},"start":{"column":6,"line":30}},"20":{"end":{"column":13,"line":31},"start":{"column":6,"line":31}},"21":{"end":{"column":5,"line":54},"start":{"column":4,"line":33}},"22":{"end":{"column":28,"line":34},"start":{"column":6,"line":34}},"23":{"end":{"column":30,"line":35},"start":{"column":6,"line":35}},"24":{"end":{"column":55,"line":36},"start":{"column":26,"line":36}},"25":{"end":{"column":85,"line":37},"start":{"column":30,"line":37}},"26":{"end":{"column":41,"line":38},"start":{"column":6,"line":38}},"27":{"end":{"column":7,"line":53},"start":{"column":6,"line":40}},"28":{"end":{"column":30,"line":41},"start":{"column":27,"line":41}},"29":{"end":{"column":79,"line":42},"start":{"column":27,"line":42}},"30":{"end":{"column":51,"line":43},"start":{"column":26,"line":43}},"31":{"end":{"column":30,"line":44},"start":{"column":28,"line":44}},"32":{"end":{"column":9,"line":49},"start":{"column":8,"line":45}},"33":{"end":{"column":64,"line":46},"start":{"column":10,"line":46}},"34":{"end":{"column":45,"line":48},"start":{"column":10,"line":48}},"35":{"end":{"column":65,"line":50},"start":{"column":8,"line":50}},"36":{"end":{"column":57,"line":52},"start":{"column":8,"line":52}},"37":{"end":{"column":11,"line":141},"start":{"column":2,"line":56}},"38":{"end":{"column":52,"line":76},"start":{"column":27,"line":76}},"39":{"end":{"column":53,"line":106},"start":{"column":27,"line":106}},"40":{"end":{"column":54,"line":143},"start":{"column":0,"line":143}},"41":{"end":{"column":23,"line":144},"start":{"column":0,"line":144}},"42":{"end":{"column":38,"line":147},"start":{"column":0,"line":147}},"43":{"end":{"column":1,"line":151},"start":{"column":0,"line":148}},"44":{"end":{"column":39,"line":149},"start":{"column":2,"line":149}},"45":{"end":{"column":39,"line":150},"start":{"column":2,"line":150}},"46":{"end":{"column":1,"line":161},"start":{"column":0,"line":152}},"47":{"end":{"column":5,"line":160},"start":{"column":2,"line":153}},"48":{"end":{"column":145,"line":154},"start":{"column":4,"line":154}},"49":{"end":{"column":7,"line":159},"start":{"column":4,"line":155}},"50":{"end":{"column":31,"line":156},"start":{"column":6,"line":156}},"51":{"end":{"column":31,"line":156},"start":{"column":24,"line":156}},"52":{"end":{"column":194,"line":157},"start":{"column":32,"line":157}},"53":{"end":{"column":75,"line":158},"start":{"column":6,"line":158}},"54":{"end":{"column":75,"line":158},"start":{"column":29,"line":158}}}},"C:/Users/zeyad/Frontend-Dev-Packages-Registry/src/Components/Authenticate.tsx":{"_coverageSchema":"1a1c01bbd47fc00a2c39e90264f33305004495a9","b":{"0":[1,0],"1":[1,0],"2":[1,1],"3":[0,1],"4":[0,0],"5":[0,0],"6":[0,0],"7":[0,0],"8":[0,0],"9":[2,0],"10":[2,0],"11":[1,0],"12":[1,1],"13":[1,0],"14":[1,1],"15":[0,0],"16":[0,0]},"branchMap":{"0":{"line":3,"loc":{"end":{"column":97,"line":3},"start":{"column":20,"line":3}},"locations":[{"end":{"column":60,"line":3},"start":{"column":20,"line":3}},{"end":{"column":97,"line":3},"start":{"column":64,"line":3}}],"type":"binary-expr"},"1":{"line":6,"loc":{"end":{"column":1,"line":16},"start":{"column":0,"line":6}},"locations":[{"end":{"column":1,"line":16},"start":{"column":0,"line":6}},{"end":{"column":null,"line":null},"start":{"column":null,"line":null}}],"type":"if"},"2":{"line":6,"loc":{"end":{"column":35,"line":6},"start":{"column":4,"line":6}},"locations":[{"end":{"column":19,"line":6},"start":{"column":4,"line":6}},{"end":{"column":35,"line":6},"start":{"column":23,"line":6}}],"type":"binary-expr"},"3":{"line":7,"loc":{"end":{"column":3,"line":9},"start":{"column":2,"line":7}},"locations":[{"end":{"column":3,"line":9},"start":{"column":2,"line":7}},{"end":{"column":null,"line":null},"start":{"column":null,"line":null}}],"type":"if"},"4":{"line":34,"loc":{"end":{"column":7,"line":47},"start":{"column":6,"line":34}},"locations":[{"end":{"column":7,"line":47},"start":{"column":6,"line":34}},{"end":{"column":7,"line":47},"start":{"column":13,"line":45}}],"type":"if"},"5":{"line":36,"loc":{"end":{"column":79,"line":36},"start":{"column":27,"line":36}},"locations":[{"end":{"column":54,"line":36},"start":{"column":27,"line":36}},{"end":{"column":79,"line":36},"start":{"column":58,"line":36}}],"type":"binary-expr"},"6":{"line":39,"loc":{"end":{"column":9,"line":43},"start":{"column":8,"line":39}},"locations":[{"end":{"column":9,"line":43},"start":{"column":8,"line":39}},{"end":{"column":9,"line":43},"start":{"column":15,"line":41}}],"type":"if"},"7":{"line":39,"loc":{"end":{"column":54,"line":39},"start":{"column":12,"line":39}},"locations":[{"end":{"column":21,"line":39},"start":{"column":12,"line":39}},{"end":{"column":54,"line":39},"start":{"column":25,"line":39}}],"type":"binary-expr"},"8":{"line":40,"loc":{"end":{"column":63,"line":40},"start":{"column":26,"line":40}},"locations":[{"end":{"column":41,"line":40},"start":{"column":26,"line":40}},{"end":{"column":63,"line":40},"start":{"column":45,"line":40}}],"type":"binary-expr"},"9":{"line":113,"loc":{"end":{"column":12,"line":131},"start":{"column":4,"line":113}},"locations":[{"end":{"column":9,"line":113},"start":{"column":4,"line":113}},{"end":{"column":12,"line":131},"start":{"column":29,"line":113}}],"type":"binary-expr"},"10":{"line":132,"loc":{"end":{"column":12,"line":147},"start":{"column":4,"line":132}},"locations":[{"end":{"column":16,"line":132},"start":{"column":4,"line":132}},{"end":{"column":12,"line":147},"start":{"column":36,"line":132}}],"type":"binary-expr"},"11":{"line":159,"loc":{"end":{"column":1,"line":162},"start":{"column":0,"line":159}},"locations":[{"end":{"column":1,"line":162},"start":{"column":0,"line":159}},{"end":{"column":null,"line":null},"start":{"column":null,"line":null}}],"type":"if"},"12":{"line":159,"loc":{"end":{"column":35,"line":159},"start":{"column":4,"line":159}},"locations":[{"end":{"column":19,"line":159},"start":{"column":4,"line":159}},{"end":{"column":35,"line":159},"start":{"column":23,"line":159}}],"type":"binary-expr"},"13":{"line":163,"loc":{"end":{"column":1,"line":172},"start":{"column":0,"line":163}},"locations":[{"end":{"column":1,"line":172},"start":{"column":0,"line":163}},{"end":{"column":null,"line":null},"start":{"column":null,"line":null}}],"type":"if"},"14":{"line":163,"loc":{"end":{"column":35,"line":163},"start":{"column":4,"line":163}},"locations":[{"end":{"column":19,"line":163},"start":{"column":4,"line":163}},{"end":{"column":35,"line":163},"start":{"column":23,"line":163}}],"type":"binary-expr"},"15":{"line":167,"loc":{"end":{"column":31,"line":167},"start":{"column":6,"line":167}},"locations":[{"end":{"column":31,"line":167},"start":{"column":6,"line":167}},{"end":{"column":null,"line":null},"start":{"column":null,"line":null}}],"type":"if"},"16":{"line":169,"loc":{"end":{"column":75,"line":169},"start":{"column":6,"line":169}},"locations":[{"end":{"column":75,"line":169},"start":{"column":6,"line":169}},{"end":{"column":null,"line":null},"start":{"column":null,"line":null}}],"type":"if"}},"f":{"0":1,"1":2,"2":0,"3":0,"4":0,"5":1,"6":0},"fnMap":{"0":{"decl":{"end":{"column":25,"line":12},"start":{"column":24,"line":12}},"line":12,"loc":{"end":{"column":3,"line":14},"start":{"column":38,"line":12}},"name":"(anonymous_0)"},"1":{"decl":{"end":{"column":22,"line":21},"start":{"column":21,"line":21}},"line":21,"loc":{"end":{"column":1,"line":153},"start":{"column":38,"line":21}},"name":"(anonymous_1)"},"2":{"decl":{"end":{"column":29,"line":26},"start":{"column":28,"line":26}},"line":26,"loc":{"end":{"column":3,"line":50},"start":{"column":40,"line":26}},"name":"(anonymous_2)"},"3":{"decl":{"end":{"column":19,"line":61},"start":{"column":18,"line":61}},"line":61,"loc":{"end":{"column":107,"line":61},"start":{"column":25,"line":61}},"name":"(anonymous_3)"},"4":{"decl":{"end":{"column":19,"line":81},"start":{"column":18,"line":81}},"line":81,"loc":{"end":{"column":97,"line":81},"start":{"column":25,"line":81}},"name":"(anonymous_4)"},"5":{"decl":{"end":{"column":53,"line":164},"start":{"column":52,"line":164}},"line":164,"loc":{"end":{"column":3,"line":171},"start":{"column":72,"line":164}},"name":"(anonymous_5)"},"6":{"decl":{"end":{"column":28,"line":166},"start":{"column":27,"line":166}},"line":166,"loc":{"end":{"column":5,"line":170},"start":{"column":44,"line":166}},"name":"(anonymous_6)"}},"hash":"c684c0a58666c76bef762928a9e1a8c8e3d1a7c2","inputSourceMap":{"file":"C:/Users/zeyad/Frontend-Dev-Packages-Registry/src/Components/Authenticate.tsx","ignoreList":[],"mappings":"AA0CM;2BA1CN;AAAgBA,MAAQ,cAAe;AAAA;AAAA;AAAA;AAAA;AAAA;AAAA;AAAA;AAAA;AAAA;AAAA;AAAA;AAAA;AAAA;AAAA;AAAA;AACvC,SAASC,oBAAoB;AAE7B,OAAOC,WAA2B;AAMlC,MAAMC,eAA4CA,CAAC,EAAEC,QAAQ,MAAO;AAAAC,KAAA;AAClE,QAAM,CAACC,aAAaC,cAAc,IAAIP,SAAwB,EAACQ,MAAK,EAACC,MAAK,IAAGC,SAAQ,MAAK,GAAEC,QAAO,EAACC,UAAS,GAAE,EAAC,CAAC;AACjH,QAAM,CAACC,OAAOC,QAAQ,IAAId,SAAiB,EAAE;AAC7C,QAAM,CAACe,cAAcC,eAAe,IAAIhB,SAAwB,IAAI;AAEpE,QAAMiB,oBAAoB,YAAY;AACpC,QAAI;AACF,YAAMC,SAAS,MAAMjB,aAAaK,WAAW;AAC7Ca,cAAQC,IAAIF,OAAOL,KAAK;AACxBC,eAASI,OAAOL,KAAK;AACrBT,cAAQc,OAAOL,KAAK;AACpBG,sBAAgB,IAAI;AAAA,IACtB,SAASK,KAAK;AACZ,UAAInB,MAAMoB,aAAaD,GAAG,GAAG;AAC3B,cAAME,aAAaF;AACnB,cAAMG,aAAaD,WAAWE,UAAUC,UAAU;AAClD,cAAMC,YAAYJ,WAAWE,UAAUG;AACvC,YAAIb,gBAAe;AACnB,YAAIY,aAAa,OAAOA,cAAc,UAAU;AAC9CZ,0BAAgBY,UAAiCE,SAASN,WAAWO;AAAAA,QACvE,OAAO;AACLf,0BAAeQ,WAAWO;AAAAA,QAC5B;AACAd,wBAAgB,SAASQ,UAAU,KAAKT,aAAY,EAAE;AAAA,MACxD,OAAO;AACLC,wBAAgB,+BAA+B;AAAA,MACjD;AACAG,cAAQU,MAAM,gCAAgCR,GAAG;AAAA,IACnD;AAAA,EACF;AAEA,SACE,uBAAC,SAAI,WAAU,aACb;AAAA;AAAA,MAAC;AAAA;AAAA,QACC,MAAK;AAAA,QACL,WAAU;AAAA,QACV,cAAW;AAAA,QACX,aAAY;AAAA,QACZ,IAAG;AAAA,QACH,OAAOf,YAAYE,KAAKC;AAAAA,QACxB,UAAU,CAACsB,MAAMxB,eAAe,EAAC,GAAGD,aAAaE,MAAK,EAACC,MAAKsB,EAAEC,OAAOC,OAAMvB,SAAQ,MAAK,EAAC,CAAC;AAAA;AAAA,MAP5F;AAAA;AAAA;AAAA;AAAA;AAAA;AAAA;AAAA;AAAA,IAO8F;AAAA,IAE9F;AAAA,MAAC;AAAA;AAAA,QACC,MAAK;AAAA,QACL,WAAU;AAAA,QACV,cAAW;AAAA,QACX,aAAY;AAAA,QACZ,IAAG;AAAA,QACH,OAAOJ,YAAYK,OAAOC;AAAAA,QAC1B,UAAU,CAACmB,MAAMxB,eAAe,EAAC,GAAGD,aAAaK,QAAO,EAACC,UAASmB,EAAEC,OAAOC,MAAK,EAAC,CAAC;AAAA;AAAA,MAPpF;AAAA;AAAA;AAAA;AAAA;AAAA;AAAA;AAAA;AAAA,IAOsF;AAAA,IAEtF,uBAAC,SAAI,WAAU,iCACb;AAAA,MAAC;AAAA;AAAA,QACC,SAAShB;AAAAA,QACT,IAAG;AAAA,QACH,WAAU;AAAA,QAA2B;AAAA;AAAA,MAHvC;AAAA;AAAA;AAAA;AAAA;AAAA;AAAA;AAAA;AAAA,IAKA,KANF;AAAA;AAAA;AAAA;AAAA,WAOA;AAAA,IAECJ,SACC,uBAAC,SAAI,WAAU,uBAAsB,MAAK,SACxC;AAAA,6BAAC,QAAG,WAAU,iBAAgB,8BAA9B;AAAA;AAAA;AAAA;AAAA,aAA4C;AAAA,MAC5C,uBAAC,OACEP;AAAAA,oBAAYE,KAAKC;AAAAA,QAAK;AAAA,WADzB;AAAA;AAAA;AAAA;AAAA,aAEA;AAAA,SAJF;AAAA;AAAA;AAAA;AAAA,WAKA;AAAA,IAEDM,gBACC,uBAAC,SAAI,WAAU,sBAAqB,MAAK,SACvC;AAAA,6BAAC,QAAG,WAAU,iBAAgB,sBAA9B;AAAA;AAAA;AAAA;AAAA,aAAoC;AAAA,MACpC,uBAAC,OACEA,0BADH;AAAA;AAAA;AAAA;AAAA,aAEE;AAAA,SAJJ;AAAA;AAAA;AAAA;AAAA,WAKA;AAAA,OA1CJ;AAAA;AAAA;AAAA;AAAA,SA4CA;AAEJ;AAAEV,GA9EIF,cAAyC;AAAA+B,KAAzC/B;AAgFN,eAAeA;AAAa,IAAA+B;AAAAC,aAAAD,IAAA","names":["useState","authenticate","axios","Authenticate","onLogin","_s","credentials","setCredentials","User","name","isAdmin","Secret","password","token","setToken","errorMessage","setErrorMessage","fetchAuthenticate","result","console","log","err","isAxiosError","axiosError","statusCode","response","status","errorData","data","error","message","e","target","value","_c","$RefreshReg$"],"sources":["C:/Users/zeyad/Frontend-Dev-Packages-Registry/src/Components/Authenticate.tsx"],"version":3},"path":"C:/Users/zeyad/Frontend-Dev-Packages-Registry/src/Components/Authenticate.tsx","s":{"0":1,"1":1,"2":1,"3":0,"4":1,"5":1,"6":1,"7":1,"8":1,"9":1,"10":1,"11":2,"12":2,"13":2,"14":2,"15":2,"16":0,"17":0,"18":0,"19":0,"20":0,"21":0,"22":0,"23":0,"24":0,"25":0,"26":0,"27":0,"28":0,"29":0,"30":0,"31":0,"32":0,"33":2,"34":0,"35":0,"36":1,"37":1,"38":1,"39":1,"40":1,"41":1,"42":1,"43":1,"44":1,"45":1,"46":0,"47":0,"48":0,"49":0,"50":0},"statementMap":{"0":{"end":{"column":97,"line":3},"start":{"column":20,"line":3}},"1":{"end":{"column":1,"line":16},"start":{"column":0,"line":6}},"2":{"end":{"column":3,"line":9},"start":{"column":2,"line":7}},"3":{"end":{"column":165,"line":8},"start":{"column":4,"line":8}},"4":{"end":{"column":39,"line":10},"start":{"column":2,"line":10}},"5":{"end":{"column":39,"line":11},"start":{"column":2,"line":11}},"6":{"end":{"column":4,"line":14},"start":{"column":2,"line":12}},"7":{"end":{"column":121,"line":13},"start":{"column":4,"line":13}},"8":{"end":{"column":75,"line":15},"start":{"column":2,"line":15}},"9":{"end":{"column":23,"line":17},"start":{"column":9,"line":17}},"10":{"end":{"column":1,"line":153},"start":{"column":21,"line":21}},"11":{"end":{"column":7,"line":22},"start":{"column":2,"line":22}},"12":{"end":{"column":114,"line":23},"start":{"column":40,"line":23}},"13":{"end":{"column":40,"line":24},"start":{"column":28,"line":24}},"14":{"end":{"column":56,"line":25},"start":{"column":42,"line":25}},"15":{"end":{"column":3,"line":50},"start":{"column":28,"line":26}},"16":{"end":{"column":5,"line":49},"start":{"column":4,"line":27}},"17":{"end":{"column":52,"line":28},"start":{"column":21,"line":28}},"18":{"end":{"column":32,"line":29},"start":{"column":6,"line":29}},"19":{"end":{"column":29,"line":30},"start":{"column":6,"line":30}},"20":{"end":{"column":28,"line":31},"start":{"column":6,"line":31}},"21":{"end":{"column":28,"line":32},"start":{"column":6,"line":32}},"22":{"end":{"column":7,"line":47},"start":{"column":6,"line":34}},"23":{"end":{"column":30,"line":35},"start":{"column":27,"line":35}},"24":{"end":{"column":79,"line":36},"start":{"column":27,"line":36}},"25":{"end":{"column":51,"line":37},"start":{"column":26,"line":37}},"26":{"end":{"column":30,"line":38},"start":{"column":28,"line":38}},"27":{"end":{"column":9,"line":43},"start":{"column":8,"line":39}},"28":{"end":{"column":64,"line":40},"start":{"column":10,"line":40}},"29":{"end":{"column":45,"line":42},"start":{"column":10,"line":42}},"30":{"end":{"column":65,"line":44},"start":{"column":8,"line":44}},"31":{"end":{"column":57,"line":46},"start":{"column":8,"line":46}},"32":{"end":{"column":57,"line":48},"start":{"column":6,"line":48}},"33":{"end":{"column":11,"line":152},"start":{"column":2,"line":51}},"34":{"end":{"column":107,"line":61},"start":{"column":25,"line":61}},"35":{"end":{"column":97,"line":81},"start":{"column":25,"line":81}},"36":{"end":{"column":49,"line":154},"start":{"column":0,"line":154}},"37":{"end":{"column":18,"line":155},"start":{"column":0,"line":155}},"38":{"end":{"column":33,"line":158},"start":{"column":0,"line":158}},"39":{"end":{"column":1,"line":162},"start":{"column":0,"line":159}},"40":{"end":{"column":39,"line":160},"start":{"column":2,"line":160}},"41":{"end":{"column":39,"line":161},"start":{"column":2,"line":161}},"42":{"end":{"column":1,"line":172},"start":{"column":0,"line":163}},"43":{"end":{"column":5,"line":171},"start":{"column":2,"line":164}},"44":{"end":{"column":147,"line":165},"start":{"column":4,"line":165}},"45":{"end":{"column":7,"line":170},"start":{"column":4,"line":166}},"46":{"end":{"column":31,"line":167},"start":{"column":6,"line":167}},"47":{"end":{"column":31,"line":167},"start":{"column":24,"line":167}},"48":{"end":{"column":196,"line":168},"start":{"column":32,"line":168}},"49":{"end":{"column":75,"line":169},"start":{"column":6,"line":169}},"50":{"end":{"column":75,"line":169},"start":{"column":29,"line":169}}}},"C:/Users/zeyad/Frontend-Dev-Packages-Registry/src/Components/CreateGroup.tsx":{"_coverageSchema":"1a1c01bbd47fc00a2c39e90264f33305004495a9","b":{"0":[1,0],"1":[1,0],"2":[1,1],"3":[0,1],"4":[0,0],"5":[0,0],"6":[0,0],"7":[0,0],"8":[0,0],"9":[0,0],"10":[0,0],"11":[0,0],"12":[1,0],"13":[1,1],"14":[1,0],"15":[1,1],"16":[0,0],"17":[0,0]},"branchMap":{"0":{"line":3,"loc":{"end":{"column":97,"line":3},"start":{"column":20,"line":3}},"locations":[{"end":{"column":60,"line":3},"start":{"column":20,"line":3}},{"end":{"column":97,"line":3},"start":{"column":64,"line":3}}],"type":"binary-expr"},"1":{"line":6,"loc":{"end":{"column":1,"line":16},"start":{"column":0,"line":6}},"locations":[{"end":{"column":1,"line":16},"start":{"column":0,"line":6}},{"end":{"column":null,"line":null},"start":{"column":null,"line":null}}],"type":"if"},"2":{"line":6,"loc":{"end":{"column":35,"line":6},"start":{"column":4,"line":6}},"locations":[{"end":{"column":19,"line":6},"start":{"column":4,"line":6}},{"end":{"column":35,"line":6},"start":{"column":23,"line":6}}],"type":"binary-expr"},"3":{"line":7,"loc":{"end":{"column":3,"line":9},"start":{"column":2,"line":7}},"locations":[{"end":{"column":3,"line":9},"start":{"column":2,"line":7}},{"end":{"column":null,"line":null},"start":{"column":null,"line":null}}],"type":"if"},"4":{"line":27,"loc":{"end":{"column":5,"line":31},"start":{"column":4,"line":27}},"locations":[{"end":{"column":5,"line":31},"start":{"column":4,"line":27}},{"end":{"column":null,"line":null},"start":{"column":null,"line":null}}],"type":"if"},"5":{"line":39,"loc":{"end":{"column":7,"line":52},"start":{"column":6,"line":39}},"locations":[{"end":{"column":7,"line":52},"start":{"column":6,"line":39}},{"end":{"column":7,"line":52},"start":{"column":13,"line":50}}],"type":"if"},"6":{"line":41,"loc":{"end":{"column":79,"line":41},"start":{"column":27,"line":41}},"locations":[{"end":{"column":54,"line":41},"start":{"column":27,"line":41}},{"end":{"column":79,"line":41},"start":{"column":58,"line":41}}],"type":"binary-expr"},"7":{"line":44,"loc":{"end":{"column":9,"line":48},"start":{"column":8,"line":44}},"locations":[{"end":{"column":9,"line":48},"start":{"column":8,"line":44}},{"end":{"column":9,"line":48},"start":{"column":15,"line":46}}],"type":"if"},"8":{"line":44,"loc":{"end":{"column":54,"line":44},"start":{"column":12,"line":44}},"locations":[{"end":{"column":21,"line":44},"start":{"column":12,"line":44}},{"end":{"column":54,"line":44},"start":{"column":25,"line":44}}],"type":"binary-expr"},"9":{"line":45,"loc":{"end":{"column":63,"line":45},"start":{"column":26,"line":45}},"locations":[{"end":{"column":41,"line":45},"start":{"column":26,"line":45}},{"end":{"column":63,"line":45},"start":{"column":45,"line":45}}],"type":"binary-expr"},"10":{"line":96,"loc":{"end":{"column":12,"line":100},"start":{"column":4,"line":96}},"locations":[{"end":{"column":16,"line":96},"start":{"column":4,"line":96}},{"end":{"column":12,"line":100},"start":{"column":36,"line":96}}],"type":"binary-expr"},"11":{"line":101,"loc":{"end":{"column":12,"line":105},"start":{"column":4,"line":101}},"locations":[{"end":{"column":18,"line":101},"start":{"column":4,"line":101}},{"end":{"column":12,"line":105},"start":{"column":38,"line":101}}],"type":"binary-expr"},"12":{"line":117,"loc":{"end":{"column":1,"line":120},"start":{"column":0,"line":117}},"locations":[{"end":{"column":1,"line":120},"start":{"column":0,"line":117}},{"end":{"column":null,"line":null},"start":{"column":null,"line":null}}],"type":"if"},"13":{"line":117,"loc":{"end":{"column":35,"line":117},"start":{"column":4,"line":117}},"locations":[{"end":{"column":19,"line":117},"start":{"column":4,"line":117}},{"end":{"column":35,"line":117},"start":{"column":23,"line":117}}],"type":"binary-expr"},"14":{"line":121,"loc":{"end":{"column":1,"line":130},"start":{"column":0,"line":121}},"locations":[{"end":{"column":1,"line":130},"start":{"column":0,"line":121}},{"end":{"column":null,"line":null},"start":{"column":null,"line":null}}],"type":"if"},"15":{"line":121,"loc":{"end":{"column":35,"line":121},"start":{"column":4,"line":121}},"locations":[{"end":{"column":19,"line":121},"start":{"column":4,"line":121}},{"end":{"column":35,"line":121},"start":{"column":23,"line":121}}],"type":"binary-expr"},"16":{"line":125,"loc":{"end":{"column":31,"line":125},"start":{"column":6,"line":125}},"locations":[{"end":{"column":31,"line":125},"start":{"column":6,"line":125}},{"end":{"column":null,"line":null},"start":{"column":null,"line":null}}],"type":"if"},"17":{"line":127,"loc":{"end":{"column":75,"line":127},"start":{"column":6,"line":127}},"locations":[{"end":{"column":75,"line":127},"start":{"column":6,"line":127}},{"end":{"column":null,"line":null},"start":{"column":null,"line":null}}],"type":"if"}},"f":{"0":1,"1":0,"2":0,"3":0,"4":1,"5":0},"fnMap":{"0":{"decl":{"end":{"column":25,"line":12},"start":{"column":24,"line":12}},"line":12,"loc":{"end":{"column":3,"line":14},"start":{"column":38,"line":12}},"name":"(anonymous_0)"},"1":{"decl":{"end":{"column":21,"line":21},"start":{"column":20,"line":21}},"line":21,"loc":{"end":{"column":1,"line":111},"start":{"column":26,"line":21}},"name":"(anonymous_1)"},"2":{"decl":{"end":{"column":41,"line":26},"start":{"column":40,"line":26}},"line":26,"loc":{"end":{"column":3,"line":54},"start":{"column":52,"line":26}},"name":"(anonymous_2)"},"3":{"decl":{"end":{"column":21,"line":75},"start":{"column":20,"line":75}},"line":75,"loc":{"end":{"column":55,"line":75},"start":{"column":27,"line":75}},"name":"(anonymous_3)"},"4":{"decl":{"end":{"column":53,"line":122},"start":{"column":52,"line":122}},"line":122,"loc":{"end":{"column":3,"line":129},"start":{"column":72,"line":122}},"name":"(anonymous_4)"},"5":{"decl":{"end":{"column":28,"line":124},"start":{"column":27,"line":124}},"line":124,"loc":{"end":{"column":5,"line":128},"start":{"column":44,"line":124}},"name":"(anonymous_5)"}},"hash":"bf5870fd017443c488f05308d2a1a1e432d133bc","inputSourceMap":{"file":"C:/Users/zeyad/Frontend-Dev-Packages-Registry/src/Components/CreateGroup.tsx","ignoreList":[],"mappings":"AA+CM;2BA/CN;AAAgBA,MAAUC,cAAW,OAAQ,sBAAO;AAAA;AAAA;AAAA;AAAA;AAAA;AAAA;AAAA;AAAA;AAAA;AAAA;AAAA;AAAA;AAAA;AAAA;AAAA;AACpD,OAAOC,WAA2B;AAClC,SAASC,mBAAmB;AAG5B,MAAMC,cAAwBA,MAAM;AAAAC,KAAA;AAClC,QAAM,CAACC,WAAWC,YAAY,IAAIP,SAAiB,EAAE;AACrD,QAAM,CAACQ,cAAcC,eAAe,IAAIT,SAAwB,IAAI;AACpE,QAAM,CAACU,gBAAgBC,iBAAiB,IAAIX,SAAwB,IAAI;AAGxE,QAAMY,oBAAoBX,YAAY,YAAY;AAChD,QAAI,CAACK,UAAUO,KAAK,GAAG;AACrBJ,sBAAgB,yBAAyB;AACzCE,wBAAkB,IAAI;AACtB;AAAA,IACF;AAEA,QAAI;AACFF,sBAAgB,IAAI;AACpBE,wBAAkB,IAAI;AAEtB,YAAMG,YAAoB,EAAEC,MAAMT,UAAU;AAC5C,YAAMU,UAAU,MAAMb,YAAYW,SAAS;AAC3CH,wBAAkB,uCAAuCK,OAAO,EAAE;AAAA,IACpE,SAASC,KAAK;AACZ,UAAIf,MAAMgB,aAAaD,GAAG,GAAG;AAC3B,cAAME,aAAaF;AACnB,cAAMG,aAAaD,WAAWE,UAAUC,UAAU;AAClD,cAAMC,YAAYJ,WAAWE,UAAUG;AACvC,YAAIhB,gBAAe;AAEnB,YAAIe,aAAa,OAAOA,cAAc,UAAU;AAC9Cf,0BAAgBe,UAAiCE,SAASN,WAAWO;AAAAA,QACvE,OAAO;AACLlB,0BAAeW,WAAWO;AAAAA,QAC5B;AAEAjB,wBAAgB,SAASW,UAAU,KAAKZ,aAAY,EAAE;AAAA,MACxD,OAAO;AACLC,wBAAgB,+BAA+B;AAAA,MACjD;AAAA,IACF;AAAA,EACF,GAAG,CAACH,SAAS,CAAC;AAEd,SACE,uBAAC,SAAI,WAAU,kBACb;AAAA,2BAAC,QAAG,WAAU,iCAAgC,kCAA9C;AAAA;AAAA;AAAA;AAAA,WAAgE;AAAA,IAGhE,uBAAC,SAAI,WAAU,mBACb;AAAA,6BAAC,WAAM,SAAQ,kBAAiB,WAAU,sBAAqB,0BAA/D;AAAA;AAAA;AAAA;AAAA,aAEA;AAAA,MACA;AAAA,QAAC;AAAA;AAAA,UACC,IAAG;AAAA,UACH,MAAK;AAAA,UACL,WAAU;AAAA,UACV,aAAY;AAAA,UACZ,OAAOA;AAAAA,UACP,UAAU,CAACqB,MAAMpB,aAAaoB,EAAEC,OAAOC,KAAK;AAAA;AAAA,QAN9C;AAAA;AAAA;AAAA;AAAA;AAAA;AAAA;AAAA;AAAA,MAMgD;AAAA,SAVlD;AAAA;AAAA;AAAA;AAAA,WAYA;AAAA,IAGA,uBAAC,YAAO,SAASjB,mBAAmB,WAAU,+BAA8B,4BAA5E;AAAA;AAAA;AAAA;AAAA,WAEA;AAAA,IAGCJ,gBACC,uBAAC,SAAI,WAAU,2BAA0B,MAAK,SAC3CA,0BADH;AAAA;AAAA;AAAA;AAAA,WAEA;AAAA,IAIDE,kBACC,uBAAC,SAAI,WAAU,4BAA2B,MAAK,SAC5CA,4BADH;AAAA;AAAA;AAAA;AAAA,WAEA;AAAA,OAlCJ;AAAA;AAAA;AAAA;AAAA,SAoCA;AAEJ;AAAEL,GA/EID,aAAqB;AAAA0B,KAArB1B;AAiFN,eAAeA;AAAY,IAAA0B;AAAAC,aAAAD,IAAA","names":["useState","useCallback","axios","createGroup","CreateGroup","_s","groupName","setGroupName","errorMessage","setErrorMessage","successMessage","setSuccessMessage","handleCreateGroup","trim","groupData","name","groupId","err","isAxiosError","axiosError","statusCode","response","status","errorData","data","error","message","e","target","value","_c","$RefreshReg$"],"sources":["C:/Users/zeyad/Frontend-Dev-Packages-Registry/src/Components/CreateGroup.tsx"],"version":3},"path":"C:/Users/zeyad/Frontend-Dev-Packages-Registry/src/Components/CreateGroup.tsx","s":{"0":1,"1":1,"2":1,"3":0,"4":1,"5":1,"6":1,"7":1,"8":1,"9":1,"10":1,"11":0,"12":0,"13":0,"14":0,"15":0,"16":0,"17":0,"18":0,"19":0,"20":0,"21":0,"22":0,"23":0,"24":0,"25":0,"26":0,"27":0,"28":0,"29":0,"30":0,"31":0,"32":0,"33":0,"34":0,"35":0,"36":0,"37":0,"38":1,"39":1,"40":1,"41":1,"42":1,"43":1,"44":1,"45":1,"46":1,"47":1,"48":0,"49":0,"50":0,"51":0,"52":0},"statementMap":{"0":{"end":{"column":97,"line":3},"start":{"column":20,"line":3}},"1":{"end":{"column":1,"line":16},"start":{"column":0,"line":6}},"2":{"end":{"column":3,"line":9},"start":{"column":2,"line":7}},"3":{"end":{"column":165,"line":8},"start":{"column":4,"line":8}},"4":{"end":{"column":39,"line":10},"start":{"column":2,"line":10}},"5":{"end":{"column":39,"line":11},"start":{"column":2,"line":11}},"6":{"end":{"column":4,"line":14},"start":{"column":2,"line":12}},"7":{"end":{"column":120,"line":13},"start":{"column":4,"line":13}},"8":{"end":{"column":75,"line":15},"start":{"column":2,"line":15}},"9":{"end":{"column":23,"line":17},"start":{"column":9,"line":17}},"10":{"end":{"column":1,"line":111},"start":{"column":20,"line":21}},"11":{"end":{"column":7,"line":22},"start":{"column":2,"line":22}},"12":{"end":{"column":48,"line":23},"start":{"column":36,"line":23}},"13":{"end":{"column":56,"line":24},"start":{"column":42,"line":24}},"14":{"end":{"column":60,"line":25},"start":{"column":46,"line":25}},"15":{"end":{"column":17,"line":54},"start":{"column":28,"line":26}},"16":{"end":{"column":5,"line":31},"start":{"column":4,"line":27}},"17":{"end":{"column":49,"line":28},"start":{"column":6,"line":28}},"18":{"end":{"column":30,"line":29},"start":{"column":6,"line":29}},"19":{"end":{"column":13,"line":30},"start":{"column":6,"line":30}},"20":{"end":{"column":5,"line":53},"start":{"column":4,"line":32}},"21":{"end":{"column":28,"line":33},"start":{"column":6,"line":33}},"22":{"end":{"column":30,"line":34},"start":{"column":6,"line":34}},"23":{"end":{"column":43,"line":35},"start":{"column":24,"line":35}},"24":{"end":{"column":50,"line":36},"start":{"column":22,"line":36}},"25":{"end":{"column":74,"line":37},"start":{"column":6,"line":37}},"26":{"end":{"column":7,"line":52},"start":{"column":6,"line":39}},"27":{"end":{"column":30,"line":40},"start":{"column":27,"line":40}},"28":{"end":{"column":79,"line":41},"start":{"column":27,"line":41}},"29":{"end":{"column":51,"line":42},"start":{"column":26,"line":42}},"30":{"end":{"column":30,"line":43},"start":{"column":28,"line":43}},"31":{"end":{"column":9,"line":48},"start":{"column":8,"line":44}},"32":{"end":{"column":64,"line":45},"start":{"column":10,"line":45}},"33":{"end":{"column":45,"line":47},"start":{"column":10,"line":47}},"34":{"end":{"column":65,"line":49},"start":{"column":8,"line":49}},"35":{"end":{"column":57,"line":51},"start":{"column":8,"line":51}},"36":{"end":{"column":11,"line":110},"start":{"column":2,"line":55}},"37":{"end":{"column":55,"line":75},"start":{"column":27,"line":75}},"38":{"end":{"column":48,"line":112},"start":{"column":0,"line":112}},"39":{"end":{"column":17,"line":113},"start":{"column":0,"line":113}},"40":{"end":{"column":32,"line":116},"start":{"column":0,"line":116}},"41":{"end":{"column":1,"line":120},"start":{"column":0,"line":117}},"42":{"end":{"column":39,"line":118},"start":{"column":2,"line":118}},"43":{"end":{"column":39,"line":119},"start":{"column":2,"line":119}},"44":{"end":{"column":1,"line":130},"start":{"column":0,"line":121}},"45":{"end":{"column":5,"line":129},"start":{"column":2,"line":122}},"46":{"end":{"column":146,"line":123},"start":{"column":4,"line":123}},"47":{"end":{"column":7,"line":128},"start":{"column":4,"line":124}},"48":{"end":{"column":31,"line":125},"start":{"column":6,"line":125}},"49":{"end":{"column":31,"line":125},"start":{"column":24,"line":125}},"50":{"end":{"column":195,"line":126},"start":{"column":32,"line":126}},"51":{"end":{"column":75,"line":127},"start":{"column":6,"line":127}},"52":{"end":{"column":75,"line":127},"start":{"column":29,"line":127}}}},"C:/Users/zeyad/Frontend-Dev-Packages-Registry/src/Components/GetGroups.tsx":{"_coverageSchema":"1a1c01bbd47fc00a2c39e90264f33305004495a9","b":{"0":[1,0],"1":[1,0],"2":[1,1],"3":[0,1],"4":[0,0],"5":[0,0],"6":[0,0],"7":[0,0],"8":[0,0],"9":[0,0],"10":[0,0],"11":[0,0],"12":[0,0],"13":[1,0],"14":[1,1],"15":[1,0],"16":[1,1],"17":[0,0],"18":[0,0]},"branchMap":{"0":{"line":3,"loc":{"end":{"column":97,"line":3},"start":{"column":20,"line":3}},"locations":[{"end":{"column":60,"line":3},"start":{"column":20,"line":3}},{"end":{"column":97,"line":3},"start":{"column":64,"line":3}}],"type":"binary-expr"},"1":{"line":6,"loc":{"end":{"column":1,"line":16},"start":{"column":0,"line":6}},"locations":[{"end":{"column":1,"line":16},"start":{"column":0,"line":6}},{"end":{"column":null,"line":null},"start":{"column":null,"line":null}}],"type":"if"},"2":{"line":6,"loc":{"end":{"column":35,"line":6},"start":{"column":4,"line":6}},"locations":[{"end":{"column":19,"line":6},"start":{"column":4,"line":6}},{"end":{"column":35,"line":6},"start":{"column":23,"line":6}}],"type":"binary-expr"},"3":{"line":7,"loc":{"end":{"column":3,"line":9},"start":{"column":2,"line":7}},"locations":[{"end":{"column":3,"line":9},"start":{"column":2,"line":7}},{"end":{"column":null,"line":null},"start":{"column":null,"line":null}}],"type":"if"},"4":{"line":35,"loc":{"end":{"column":7,"line":48},"start":{"column":6,"line":35}},"locations":[{"end":{"column":7,"line":48},"start":{"column":6,"line":35}},{"end":{"column":7,"line":48},"start":{"column":13,"line":46}}],"type":"if"},"5":{"line":37,"loc":{"end":{"column":79,"line":37},"start":{"column":27,"line":37}},"locations":[{"end":{"column":54,"line":37},"start":{"column":27,"line":37}},{"end":{"column":79,"line":37},"start":{"column":58,"line":37}}],"type":"binary-expr"},"6":{"line":40,"loc":{"end":{"column":9,"line":44},"start":{"column":8,"line":40}},"locations":[{"end":{"column":9,"line":44},"start":{"column":8,"line":40}},{"end":{"column":9,"line":44},"start":{"column":15,"line":42}}],"type":"if"},"7":{"line":40,"loc":{"end":{"column":54,"line":40},"start":{"column":12,"line":40}},"locations":[{"end":{"column":21,"line":40},"start":{"column":12,"line":40}},{"end":{"column":54,"line":40},"start":{"column":25,"line":40}}],"type":"binary-expr"},"8":{"line":41,"loc":{"end":{"column":63,"line":41},"start":{"column":26,"line":41}},"locations":[{"end":{"column":41,"line":41},"start":{"column":26,"line":41}},{"end":{"column":63,"line":41},"start":{"column":45,"line":41}}],"type":"binary-expr"},"9":{"line":60,"loc":{"end":{"column":12,"line":64},"start":{"column":4,"line":60}},"locations":[{"end":{"column":18,"line":60},"start":{"column":4,"line":60}},{"end":{"column":12,"line":64},"start":{"column":38,"line":60}}],"type":"binary-expr"},"10":{"line":65,"loc":{"end":{"column":12,"line":69},"start":{"column":4,"line":65}},"locations":[{"end":{"column":16,"line":65},"start":{"column":4,"line":65}},{"end":{"column":12,"line":69},"start":{"column":36,"line":65}}],"type":"binary-expr"},"11":{"line":70,"loc":{"end":{"column":12,"line":116},"start":{"column":4,"line":70}},"locations":[{"end":{"column":12,"line":112},"start":{"column":40,"line":70}},{"end":{"column":12,"line":116},"start":{"column":15,"line":112}}],"type":"cond-expr"},"12":{"line":112,"loc":{"end":{"column":12,"line":116},"start":{"column":15,"line":112}},"locations":[{"end":{"column":28,"line":112},"start":{"column":15,"line":112}},{"end":{"column":12,"line":116},"start":{"column":48,"line":112}}],"type":"binary-expr"},"13":{"line":128,"loc":{"end":{"column":1,"line":131},"start":{"column":0,"line":128}},"locations":[{"end":{"column":1,"line":131},"start":{"column":0,"line":128}},{"end":{"column":null,"line":null},"start":{"column":null,"line":null}}],"type":"if"},"14":{"line":128,"loc":{"end":{"column":35,"line":128},"start":{"column":4,"line":128}},"locations":[{"end":{"column":19,"line":128},"start":{"column":4,"line":128}},{"end":{"column":35,"line":128},"start":{"column":23,"line":128}}],"type":"binary-expr"},"15":{"line":132,"loc":{"end":{"column":1,"line":141},"start":{"column":0,"line":132}},"locations":[{"end":{"column":1,"line":141},"start":{"column":0,"line":132}},{"end":{"column":null,"line":null},"start":{"column":null,"line":null}}],"type":"if"},"16":{"line":132,"loc":{"end":{"column":35,"line":132},"start":{"column":4,"line":132}},"locations":[{"end":{"column":19,"line":132},"start":{"column":4,"line":132}},{"end":{"column":35,"line":132},"start":{"column":23,"line":132}}],"type":"binary-expr"},"17":{"line":136,"loc":{"end":{"column":31,"line":136},"start":{"column":6,"line":136}},"locations":[{"end":{"column":31,"line":136},"start":{"column":6,"line":136}},{"end":{"column":null,"line":null},"start":{"column":null,"line":null}}],"type":"if"},"18":{"line":138,"loc":{"end":{"column":75,"line":138},"start":{"column":6,"line":138}},"locations":[{"end":{"column":75,"line":138},"start":{"column":6,"line":138}},{"end":{"column":null,"line":null},"start":{"column":null,"line":null}}],"type":"if"}},"f":{"0":1,"1":0,"2":0,"3":0,"4":0,"5":1,"6":0},"fnMap":{"0":{"decl":{"end":{"column":25,"line":12},"start":{"column":24,"line":12}},"line":12,"loc":{"end":{"column":3,"line":14},"start":{"column":38,"line":12}},"name":"(anonymous_0)"},"1":{"decl":{"end":{"column":19,"line":21},"start":{"column":18,"line":21}},"line":21,"loc":{"end":{"column":1,"line":122},"start":{"column":24,"line":21}},"name":"(anonymous_1)"},"2":{"decl":{"end":{"column":35,"line":26},"start":{"column":34,"line":26}},"line":26,"loc":{"end":{"column":3,"line":50},"start":{"column":46,"line":26}},"name":"(anonymous_2)"},"3":{"decl":{"end":{"column":13,"line":51},"start":{"column":12,"line":51}},"line":51,"loc":{"end":{"column":3,"line":53},"start":{"column":18,"line":51}},"name":"(anonymous_3)"},"4":{"decl":{"end":{"column":9,"line":77},"start":{"column":8,"line":77}},"line":77,"loc":{"end":{"column":16,"line":102},"start":{"column":35,"line":77}},"name":"(anonymous_4)"},"5":{"decl":{"end":{"column":53,"line":133},"start":{"column":52,"line":133}},"line":133,"loc":{"end":{"column":3,"line":140},"start":{"column":72,"line":133}},"name":"(anonymous_5)"},"6":{"decl":{"end":{"column":28,"line":135},"start":{"column":27,"line":135}},"line":135,"loc":{"end":{"column":5,"line":139},"start":{"column":44,"line":135}},"name":"(anonymous_6)"}},"hash":"5caabe971bca8d23dcce8f4963bcb0795d3b6237","inputSourceMap":{"file":"C:/Users/zeyad/Frontend-Dev-Packages-Registry/src/Components/GetGroups.tsx","ignoreList":[],"mappings":"AA+CM;2BA/CN;AAAgBA,MAAUC,cAAaC,OAAS,sBAAe;AAAA;AAAA;AAAA;AAAA;AAAA;AAAA;AAAA;AAAA;AAAA;AAAA;AAAA;AAAA;AAAA;AAAA;AAAA;AAC/D,OAAOC,WAA2B;AAClC,SAASC,iBAAiB;AAG1B,MAAMC,YAAsBA,MAAM;AAAAC,KAAA;AAChC,QAAM,CAACC,QAAQC,SAAS,IAAIR,SAA2B,EAAE;AACzD,QAAM,CAACS,cAAcC,eAAe,IAAIV,SAAwB,IAAI;AACpE,QAAM,CAACW,gBAAgBC,iBAAiB,IAAIZ,SAAwB,IAAI;AAGxE,QAAMa,cAAcZ,YAAY,YAAY;AAC1C,QAAI;AACFS,sBAAgB,IAAI;AACpBE,wBAAkB,IAAI;AAEtB,YAAME,WAAW,MAAMV,UAAU;AACjCW,cAAQC,IAAI,mBAAmBF,QAAQ;AACvCN,gBAAUM,QAAQ;AAClBF,wBAAkB,8BAA8B;AAAA,IAClD,SAASK,KAAK;AACZ,UAAId,MAAMe,aAAaD,GAAG,GAAG;AAC3B,cAAME,aAAaF;AACnB,cAAMG,aAAaD,WAAWL,UAAUO,UAAU;AAClD,cAAMC,YAAYH,WAAWL,UAAUS;AACvC,YAAId,gBAAe;AAEnB,YAAIa,aAAa,OAAOA,cAAc,UAAU;AAC9Cb,0BAAgBa,UAAiCE,SAASL,WAAWM;AAAAA,QACvE,OAAO;AACLhB,0BAAeU,WAAWM;AAAAA,QAC5B;AAEAf,wBAAgB,SAASU,UAAU,KAAKX,aAAY,EAAE;AAAA,MACxD,OAAO;AACLC,wBAAgB,+BAA+B;AAAA,MACjD;AAAA,IACF;AAAA,EACF,GAAG,EAAE;AAGLR,YAAU,MAAM;AACdW,gBAAY;AAAA,EACd,GAAG,CAACA,WAAW,CAAC;AAEhB,SACE,uBAAC,SAAI,WAAU,kBACb;AAAA,2BAAC,QAAG,WAAU,iCAAgC,0BAA9C;AAAA;AAAA;AAAA;AAAA,WAAwD;AAAA,IAGvDF,kBACC,uBAAC,SAAI,WAAU,4BAA2B,MAAK,SAC5CA,4BADH;AAAA;AAAA;AAAA;AAAA,WAEA;AAAA,IAIDF,gBACC,uBAAC,SAAI,WAAU,2BAA0B,MAAK,SAC3CA,0BADH;AAAA;AAAA;AAAA;AAAA,WAEA;AAAA,IAIDF,OAAOmB,SAAS,IACf,uBAAC,SAAI,WAAU,QACb;AAAA,6BAAC,QAAG,4BAAJ;AAAA;AAAA;AAAA;AAAA,aAAgB;AAAA,MAChB,uBAAC,QAAG,WAAU,iBACXnB,iBAAOoB;AAAAA,QAAI,CAACC,UACX,uBAAC,QAAkB,WAAU,2BAC3B;AAAA,iCAAC,YAAO,yBAAR;AAAA;AAAA;AAAA;AAAA,iBAAiB;AAAA,UAAS;AAAA,UAAEA,MAAMC;AAAAA,UAAG;AAAA,UAAC,uBAAC,UAAD;AAAA;AAAA;AAAA;AAAA,iBAAG;AAAA,UACzC,uBAAC,YAAO,2BAAR;AAAA;AAAA;AAAA;AAAA,iBAAmB;AAAA,UAAS;AAAA,UAAED,MAAME;AAAAA,aAF7BF,MAAMC,IAAf;AAAA;AAAA;AAAA;AAAA,eAGA;AAAA,MACD,KANH;AAAA;AAAA;AAAA;AAAA,aAOA;AAAA,SATF;AAAA;AAAA;AAAA;AAAA,WAUA,IAEA,CAACpB,gBAAgB,uBAAC,OAAE,WAAU,QAAO,oCAApB;AAAA;AAAA;AAAA;AAAA,WAAwC;AAAA,OA/B7D;AAAA;AAAA;AAAA;AAAA,SAiCA;AAEJ;AAAEH,GA5EID,WAAmB;AAAA0B,KAAnB1B;AA8EN,eAAeA;AAAU,IAAA0B;AAAAC,aAAAD,IAAA","names":["useState","useCallback","useEffect","axios","getGroups","GetGroups","_s","groups","setGroups","errorMessage","setErrorMessage","successMessage","setSuccessMessage","fetchGroups","response","console","log","err","isAxiosError","axiosError","statusCode","status","errorData","data","error","message","length","map","group","id","group_name","_c","$RefreshReg$"],"sources":["C:/Users/zeyad/Frontend-Dev-Packages-Registry/src/Components/GetGroups.tsx"],"version":3},"path":"C:/Users/zeyad/Frontend-Dev-Packages-Registry/src/Components/GetGroups.tsx","s":{"0":1,"1":1,"2":1,"3":0,"4":1,"5":1,"6":1,"7":1,"8":1,"9":1,"10":1,"11":0,"12":0,"13":0,"14":0,"15":0,"16":0,"17":0,"18":0,"19":0,"20":0,"21":0,"22":0,"23":0,"24":0,"25":0,"26":0,"27":0,"28":0,"29":0,"30":0,"31":0,"32":0,"33":0,"34":0,"35":0,"36":0,"37":1,"38":1,"39":1,"40":1,"41":1,"42":1,"43":1,"44":1,"45":1,"46":1,"47":0,"48":0,"49":0,"50":0,"51":0},"statementMap":{"0":{"end":{"column":97,"line":3},"start":{"column":20,"line":3}},"1":{"end":{"column":1,"line":16},"start":{"column":0,"line":6}},"2":{"end":{"column":3,"line":9},"start":{"column":2,"line":7}},"3":{"end":{"column":165,"line":8},"start":{"column":4,"line":8}},"4":{"end":{"column":39,"line":10},"start":{"column":2,"line":10}},"5":{"end":{"column":39,"line":11},"start":{"column":2,"line":11}},"6":{"end":{"column":4,"line":14},"start":{"column":2,"line":12}},"7":{"end":{"column":118,"line":13},"start":{"column":4,"line":13}},"8":{"end":{"column":75,"line":15},"start":{"column":2,"line":15}},"9":{"end":{"column":23,"line":17},"start":{"column":9,"line":17}},"10":{"end":{"column":1,"line":122},"start":{"column":18,"line":21}},"11":{"end":{"column":7,"line":22},"start":{"column":2,"line":22}},"12":{"end":{"column":42,"line":23},"start":{"column":30,"line":23}},"13":{"end":{"column":56,"line":24},"start":{"column":42,"line":24}},"14":{"end":{"column":60,"line":25},"start":{"column":46,"line":25}},"15":{"end":{"column":8,"line":50},"start":{"column":22,"line":26}},"16":{"end":{"column":5,"line":49},"start":{"column":4,"line":27}},"17":{"end":{"column":28,"line":28},"start":{"column":6,"line":28}},"18":{"end":{"column":30,"line":29},"start":{"column":6,"line":29}},"19":{"end":{"column":40,"line":30},"start":{"column":23,"line":30}},"20":{"end":{"column":47,"line":31},"start":{"column":6,"line":31}},"21":{"end":{"column":26,"line":32},"start":{"column":6,"line":32}},"22":{"end":{"column":56,"line":33},"start":{"column":6,"line":33}},"23":{"end":{"column":7,"line":48},"start":{"column":6,"line":35}},"24":{"end":{"column":30,"line":36},"start":{"column":27,"line":36}},"25":{"end":{"column":79,"line":37},"start":{"column":27,"line":37}},"26":{"end":{"column":51,"line":38},"start":{"column":26,"line":38}},"27":{"end":{"column":30,"line":39},"start":{"column":28,"line":39}},"28":{"end":{"column":9,"line":44},"start":{"column":8,"line":40}},"29":{"end":{"column":64,"line":41},"start":{"column":10,"line":41}},"30":{"end":{"column":45,"line":43},"start":{"column":10,"line":43}},"31":{"end":{"column":65,"line":45},"start":{"column":8,"line":45}},"32":{"end":{"column":57,"line":47},"start":{"column":8,"line":47}},"33":{"end":{"column":20,"line":53},"start":{"column":2,"line":51}},"34":{"end":{"column":18,"line":52},"start":{"column":4,"line":52}},"35":{"end":{"column":11,"line":121},"start":{"column":2,"line":54}},"36":{"end":{"column":16,"line":102},"start":{"column":35,"line":77}},"37":{"end":{"column":46,"line":123},"start":{"column":0,"line":123}},"38":{"end":{"column":15,"line":124},"start":{"column":0,"line":124}},"39":{"end":{"column":30,"line":127},"start":{"column":0,"line":127}},"40":{"end":{"column":1,"line":131},"start":{"column":0,"line":128}},"41":{"end":{"column":39,"line":129},"start":{"column":2,"line":129}},"42":{"end":{"column":39,"line":130},"start":{"column":2,"line":130}},"43":{"end":{"column":1,"line":141},"start":{"column":0,"line":132}},"44":{"end":{"column":5,"line":140},"start":{"column":2,"line":133}},"45":{"end":{"column":144,"line":134},"start":{"column":4,"line":134}},"46":{"end":{"column":7,"line":139},"start":{"column":4,"line":135}},"47":{"end":{"column":31,"line":136},"start":{"column":6,"line":136}},"48":{"end":{"column":31,"line":136},"start":{"column":24,"line":136}},"49":{"end":{"column":193,"line":137},"start":{"column":32,"line":137}},"50":{"end":{"column":75,"line":138},"start":{"column":6,"line":138}},"51":{"end":{"column":75,"line":138},"start":{"column":29,"line":138}}}},"C:/Users/zeyad/Frontend-Dev-Packages-Registry/src/Components/GetHistory.tsx":{"_coverageSchema":"1a1c01bbd47fc00a2c39e90264f33305004495a9","b":{"0":[1,0],"1":[1,0],"2":[1,1],"3":[0,1],"4":[0,0],"5":[0,0],"6":[0,0],"7":[0,0],"8":[0,0],"9":[0,0],"10":[0,0],"11":[0,0],"12":[0,0],"13":[0,0],"14":[0,0],"15":[1,0],"16":[1,1],"17":[1,0],"18":[1,1],"19":[0,0],"20":[0,0]},"branchMap":{"0":{"line":3,"loc":{"end":{"column":97,"line":3},"start":{"column":20,"line":3}},"locations":[{"end":{"column":60,"line":3},"start":{"column":20,"line":3}},{"end":{"column":97,"line":3},"start":{"column":64,"line":3}}],"type":"binary-expr"},"1":{"line":6,"loc":{"end":{"column":1,"line":16},"start":{"column":0,"line":6}},"locations":[{"end":{"column":1,"line":16},"start":{"column":0,"line":6}},{"end":{"column":null,"line":null},"start":{"column":null,"line":null}}],"type":"if"},"2":{"line":6,"loc":{"end":{"column":35,"line":6},"start":{"column":4,"line":6}},"locations":[{"end":{"column":19,"line":6},"start":{"column":4,"line":6}},{"end":{"column":35,"line":6},"start":{"column":23,"line":6}}],"type":"binary-expr"},"3":{"line":7,"loc":{"end":{"column":3,"line":9},"start":{"column":2,"line":7}},"locations":[{"end":{"column":3,"line":9},"start":{"column":2,"line":7}},{"end":{"column":null,"line":null},"start":{"column":null,"line":null}}],"type":"if"},"4":{"line":28,"loc":{"end":{"column":5,"line":33},"start":{"column":4,"line":28}},"locations":[{"end":{"column":5,"line":33},"start":{"column":4,"line":28}},{"end":{"column":null,"line":null},"start":{"column":null,"line":null}}],"type":"if"},"5":{"line":28,"loc":{"end":{"column":51,"line":28},"start":{"column":8,"line":28}},"locations":[{"end":{"column":18,"line":28},"start":{"column":8,"line":28}},{"end":{"column":51,"line":28},"start":{"column":22,"line":28}}],"type":"binary-expr"},"6":{"line":43,"loc":{"end":{"column":7,"line":56},"start":{"column":6,"line":43}},"locations":[{"end":{"column":7,"line":56},"start":{"column":6,"line":43}},{"end":{"column":7,"line":56},"start":{"column":13,"line":54}}],"type":"if"},"7":{"line":45,"loc":{"end":{"column":79,"line":45},"start":{"column":27,"line":45}},"locations":[{"end":{"column":54,"line":45},"start":{"column":27,"line":45}},{"end":{"column":79,"line":45},"start":{"column":58,"line":45}}],"type":"binary-expr"},"8":{"line":48,"loc":{"end":{"column":9,"line":52},"start":{"column":8,"line":48}},"locations":[{"end":{"column":9,"line":52},"start":{"column":8,"line":48}},{"end":{"column":9,"line":52},"start":{"column":15,"line":50}}],"type":"if"},"9":{"line":48,"loc":{"end":{"column":54,"line":48},"start":{"column":12,"line":48}},"locations":[{"end":{"column":21,"line":48},"start":{"column":12,"line":48}},{"end":{"column":54,"line":48},"start":{"column":25,"line":48}}],"type":"binary-expr"},"10":{"line":49,"loc":{"end":{"column":63,"line":49},"start":{"column":26,"line":49}},"locations":[{"end":{"column":41,"line":49},"start":{"column":26,"line":49}},{"end":{"column":63,"line":49},"start":{"column":45,"line":49}}],"type":"binary-expr"},"11":{"line":80,"loc":{"end":{"column":68,"line":80},"start":{"column":40,"line":80}},"locations":[{"end":{"column":62,"line":80},"start":{"column":40,"line":80}},{"end":{"column":68,"line":80},"start":{"column":66,"line":80}}],"type":"binary-expr"},"12":{"line":101,"loc":{"end":{"column":12,"line":105},"start":{"column":4,"line":101}},"locations":[{"end":{"column":16,"line":101},"start":{"column":4,"line":101}},{"end":{"column":12,"line":105},"start":{"column":36,"line":101}}],"type":"binary-expr"},"13":{"line":106,"loc":{"end":{"column":12,"line":110},"start":{"column":4,"line":106}},"locations":[{"end":{"column":18,"line":106},"start":{"column":4,"line":106}},{"end":{"column":12,"line":110},"start":{"column":38,"line":106}}],"type":"binary-expr"},"14":{"line":111,"loc":{"end":{"column":12,"line":166},"start":{"column":4,"line":111}},"locations":[{"end":{"column":11,"line":111},"start":{"column":4,"line":111}},{"end":{"column":12,"line":166},"start":{"column":31,"line":111}}],"type":"binary-expr"},"15":{"line":178,"loc":{"end":{"column":1,"line":181},"start":{"column":0,"line":178}},"locations":[{"end":{"column":1,"line":181},"start":{"column":0,"line":178}},{"end":{"column":null,"line":null},"start":{"column":null,"line":null}}],"type":"if"},"16":{"line":178,"loc":{"end":{"column":35,"line":178},"start":{"column":4,"line":178}},"locations":[{"end":{"column":19,"line":178},"start":{"column":4,"line":178}},{"end":{"column":35,"line":178},"start":{"column":23,"line":178}}],"type":"binary-expr"},"17":{"line":182,"loc":{"end":{"column":1,"line":191},"start":{"column":0,"line":182}},"locations":[{"end":{"column":1,"line":191},"start":{"column":0,"line":182}},{"end":{"column":null,"line":null},"start":{"column":null,"line":null}}],"type":"if"},"18":{"line":182,"loc":{"end":{"column":35,"line":182},"start":{"column":4,"line":182}},"locations":[{"end":{"column":19,"line":182},"start":{"column":4,"line":182}},{"end":{"column":35,"line":182},"start":{"column":23,"line":182}}],"type":"binary-expr"},"19":{"line":186,"loc":{"end":{"column":31,"line":186},"start":{"column":6,"line":186}},"locations":[{"end":{"column":31,"line":186},"start":{"column":6,"line":186}},{"end":{"column":null,"line":null},"start":{"column":null,"line":null}}],"type":"if"},"20":{"line":188,"loc":{"end":{"column":75,"line":188},"start":{"column":6,"line":188}},"locations":[{"end":{"column":75,"line":188},"start":{"column":6,"line":188}},{"end":{"column":null,"line":null},"start":{"column":null,"line":null}}],"type":"if"}},"f":{"0":1,"1":0,"2":0,"3":0,"4":0,"5":1,"6":0},"fnMap":{"0":{"decl":{"end":{"column":25,"line":12},"start":{"column":24,"line":12}},"line":12,"loc":{"end":{"column":3,"line":14},"start":{"column":38,"line":12}},"name":"(anonymous
[...]
ginPage.tsx","ignoreList":[],"mappings":"AAyBQ;2BAzBR;AAAkB,MAAO;AAAA;AAAA;AAAA;AAAA;AAAA;AAAA;AAAA;AAAA;AAAA;AAAA;AAAA;AAAA;AAAA;AAAA;AACzB,SAASA,mBAAmB;AAC5B,OAAOC,kBAAkB;AAMzB,MAAMC,YAAsCA,CAAC,EAAEC,mBAAmB,MAAM;AAAAC,KAAA;AACtE,QAAMC,WAAWL,YAAY;AAE7B,QAAMM,cAAcA,CAACC,UAAkB;AAErCC,iBAAaC,QAAQ,aAAaF,KAAK;AAGvCJ,uBAAmB,IAAI;AAGvBE,aAAS,OAAO;AAAA,EAClB;AAEA,SACE,uBAAC,SAAI,WAAU,oEACb,iCAAC,SAAI,WAAU,sBAAqB,OAAO,EAAEK,UAAU,SAASC,OAAO,OAAO,GAC5E;AAAA,2BAAC,QAAG,WAAU,sCAAqC,qBAAnD;AAAA;AAAA;AAAA;AAAA,WAAwD;AAAA,IACxD,uBAAC,gBAAa,SAASL,eAAvB;AAAA;AAAA;AAAA;AAAA,WAAmC;AAAA,OAFrC;AAAA;AAAA;AAAA;AAAA,SAGA,KAJF;AAAA;AAAA;AAAA;AAAA,SAKA;AAEJ;AAAEF,GAtBIF,WAAmC;AAAA,UACtBF,WAAW;AAAA;AAAAY,KADxBV;AAwBN,eAAeA;AAAU,IAAAU;AAAAC,aAAAD,IAAA","names":["useNavigate","Authenticate","LoginPage","setIsAuthenticated","_s","navigate","handleLogin","token","localStorage","setItem","maxWidth","width","_c","$RefreshReg$"],"sources":["C:/Users/zeyad/Frontend-Dev-Packages-Registry/src/Pages/LoginPage.tsx"],"version":3},"path":"C:/Users/zeyad/Frontend-Dev-Packages-Registry/src/Pages/LoginPage.tsx","s":{"0":1,"1":1,"2":1,"3":0,"4":1,"5":1,"6":1,"7":1,"8":1,"9":1,"10":1,"11":2,"12":2,"13":2,"14":0,"15":0,"16":0,"17":2,"18":1,"19":1,"20":1,"21":1,"22":1,"23":1,"24":1,"25":1,"26":1,"27":1,"28":1,"29":0,"30":0,"31":0,"32":0,"33":0},"statementMap":{"0":{"end":{"column":97,"line":3},"start":{"column":20,"line":3}},"1":{"end":{"column":1,"line":16},"start":{"column":0,"line":6}},"2":{"end":{"column":3,"line":9},"start":{"column":2,"line":7}},"3":{"end":{"column":165,"line":8},"start":{"column":4,"line":8}},"4":{"end":{"column":39,"line":10},"start":{"column":2,"line":10}},"5":{"end":{"column":39,"line":11},"start":{"column":2,"line":11}},"6":{"end":{"column":4,"line":14},"start":{"column":2,"line":12}},"7":{"end":{"column":113,"line":13},"start":{"column":4,"line":13}},"8":{"end":{"column":75,"line":15},"start":{"column":2,"line":15}},"9":{"end":{"column":23,"line":17},"start":{"column":9,"line":17}},"10":{"end":{"column":1,"line":48},"start":{"column":18,"line":20}},"11":{"end":{"column":7,"line":21},"start":{"column":2,"line":21}},"12":{"end":{"column":32,"line":22},"start":{"column":19,"line":22}},"13":{"end":{"column":3,"line":27},"start":{"column":22,"line":23}},"14":{"end":{"column":45,"line":24},"start":{"column":4,"line":24}},"15":{"end":{"column":29,"line":25},"start":{"column":4,"line":25}},"16":{"end":{"column":22,"line":26},"start":{"column":4,"line":26}},"17":{"end":{"column":11,"line":47},"start":{"column":2,"line":28}},"18":{"end":{"column":3,"line":51},"start":{"column":0,"line":49}},"19":{"end":{"column":23,"line":50},"start":{"column":2,"line":50}},"20":{"end":{"column":15,"line":52},"start":{"column":0,"line":52}},"21":{"end":{"column":30,"line":55},"start":{"column":0,"line":55}},"22":{"end":{"column":1,"line":59},"start":{"column":0,"line":56}},"23":{"end":{"column":39,"line":57},"start":{"column":2,"line":57}},"24":{"end":{"column":39,"line":58},"start":{"column":2,"line":58}},"25":{"end":{"column":1,"line":69},"start":{"column":0,"line":60}},"26":{"end":{"column":5,"line":68},"start":{"column":2,"line":61}},"27":{"end":{"column":139,"line":62},"start":{"column":4,"line":62}},"28":{"end":{"column":7,"line":67},"start":{"column":4,"line":63}},"29":{"end":{"column":31,"line":64},"start":{"column":6,"line":64}},"30":{"end":{"column":31,"line":64},"start":{"column":24,"line":64}},"31":{"end":{"column":188,"line":65},"start":{"column":32,"line":65}},"32":{"end":{"column":75,"line":66},"start":{"column":6,"line":66}},"33":{"end":{"column":75,"line":66},"start":{"column":29,"line":66}}}},"C:/Users/zeyad/Frontend-Dev-Packages-Registry/src/api.ts":{"_coverageSchema":"1a1c01bbd47fc00a2c39e90264f33305004495a9","b":{"0":[0,0],"1":[0,0],"2":[0]},"branchMap":{"0":{"line":12,"loc":{"end":{"column":5,"line":19},"start":{"column":4,"line":12}},"locations":[{"end":{"column":5,"line":19},"start":{"column":4,"line":12}},{"end":{"column":null,"line":null},"start":{"column":null,"line":null}}],"type":"if"},"1":{"line":15,"loc":{"end":{"column":7,"line":18},"start":{"column":6,"line":15}},"locations":[{"end":{"column":7,"line":18},"start":{"column":6,"line":15}},{"end":{"column":null,"line":null},"start":{"column":null,"line":null}}],"type":"if"},"2":{"line":56,"loc":{"end":{"column":59,"line":56},"start":{"column":41,"line":56}},"locations":[{"end":{"column":59,"line":56},"start":{"column":54,"line":56}}],"type":"default-arg"}},"f":{"0":0,"1":0,"2":0,"3":0,"4":0,"5":0,"6":0,"7":0,"8":0,"9":0,"10":0,"11":0,"12":0,"13":0,"14":0,"15":0,"16":0,"17":0,"18":0,"19":0,"20":0,"21":0,"22":0},"fnMap":{"0":{"decl":{"end":{"column":3,"line":10},"start":{"column":2,"line":10}},"line":10,"loc":{"end":{"column":3,"line":21},"start":{"column":14,"line":10}},"name":"(anonymous_0)"},"1":{"decl":{"end":{"column":32,"line":12},"start":{"column":31,"line":12}},"line":12,"loc":{"end":{"column":75,"line":12},"start":{"column":45,"line":12}},"name":"(anonymous_1)"},"2":{"decl":{"end":{"column":3,"line":22},"start":{"column":2,"line":22}},"line":22,"loc":{"end":{"column":3,"line":24},"start":{"column":13,"line":22}},"name":"(anonymous_2)"},"3":{"decl":{"end":{"column":28,"line":26},"start":{"column":27,"line":26}},"line":26,"loc":{"end":{"column":1,"line":29},"start":{"column":54,"line":26}},"name":"(anonymous_3)"},"4":{"decl":{"end":{"column":30,"line":30},"start":{"column":29,"line":30}},"line":30,"loc":{"end":{"column":1,"line":32},"start":{"column":41,"line":30}},"name":"(anonymous_4)"},"5":{"decl":{"end":{"column":31,"line":33},"start":{"column":30,"line":33}},"line":33,"loc":{"end":{"column":1,"line":38},"start":{"column":44,"line":33}},"name":"(anonymous_5)"},"6":{"decl":{"end":{"column":34,"line":39},"start":{"column":33,"line":39}},"line":39,"loc":{"end":{"column":1,"line":43},"start":{"column":53,"line":39}},"name":"(anonymous_6)"},"7":{"decl":{"end":{"column":30,"line":44},"start":{"column":29,"line":44}},"line":44,"loc":{"end":{"column":1,"line":49},"start":{"column":45,"line":44}},"name":"(anonymous_7)"},"8":{"decl":{"end":{"column":35,"line":50},"start":{"column":34,"line":50}},"line":50,"loc":{"end":{"column":1,"line":55},"start":{"column":51,"line":50}},"name":"(anonymous_8)"},"9":{"decl":{"end":{"column":31,"line":56},"start":{"column":30,"line":56}},"line":56,"loc":{"end":{"column":1,"line":61},"start":{"column":64,"line":56}},"name":"(anonymous_9)"},"10":{"decl":{"end":{"column":33,"line":62},"start":{"column":32,"line":62}},"line":62,"loc":{"end":{"column":1,"line":67},"start":{"column":46,"line":62}},"name":"(anonymous_10)"},"11":{"decl":{"end":{"column":26,"line":68},"start":{"column":25,"line":68}},"line":68,"loc":{"end":{"column":1,"line":72},"start":{"column":37,"line":68}},"name":"(anonymous_11)"},"12":{"decl":{"end":{"column":29,"line":73},"start":{"column":28,"line":73}},"line":73,"loc":{"end":{"column":1,"line":77},"start":{"column":44,"line":73}},"name":"(anonymous_12)"},"13":{"decl":{"end":{"column":23,"line":78},"start":{"column":22,"line":78}},"line":78,"loc":{"end":{"column":1,"line":82},"start":{"column":34,"line":78}},"name":"(anonymous_13)"},"14":{"decl":{"end":{"column":34,"line":83},"start":{"column":33,"line":83}},"line":83,"loc":{"end":{"column":1,"line":87},"start":{"column":53,"line":83}},"name":"(anonymous_14)"},"15":{"decl":{"end":{"column":31,"line":88},"start":{"column":30,"line":88}},"line":88,"loc":{"end":{"column":1,"line":92},"start":{"column":44,"line":88}},"name":"(anonymous_15)"},"16":{"decl":{"end":{"column":29,"line":93},"start":{"column":28,"line":93}},"line":93,"loc":{"end":{"column":1,"line":97},"start":{"column":44,"line":93}},"name":"(anonymous_16)"},"17":{"decl":{"end":{"column":28,"line":98},"start":{"column":27,"line":98}},"line":98,"loc":{"end":{"column":1,"line":102},"start":{"column":43,"line":98}},"name":"(anonymous_17)"},"18":{"decl":{"end":{"column":34,"line":103},"start":{"column":33,"line":103}},"line":103,"loc":{"end":{"column":1,"line":107},"start":{"column":58,"line":103}},"name":"(anonymous_18)"},"19":{"decl":{"end":{"column":37,"line":108},"start":{"column":36,"line":108}},"line":108,"loc":{"end":{"column":1,"line":112},"start":{"column":61,"line":108}},"name":"(anonymous_19)"},"20":{"decl":{"end":{"column":26,"line":113},"start":{"column":25,"line":113}},"line":113,"loc":{"end":{"column":1,"line":117},"start":{"column":37,"line":113}},"name":"(anonymous_20)"},"21":{"decl":{"end":{"column":32,"line":118},"start":{"column":31,"line":118}},"line":118,"loc":{"end":{"column":1,"line":122},"start":{"column":50,"line":118}},"name":"(anonymous_21)"},"22":{"decl":{"end":{"column":27,"line":123},"start":{"column":26,"line":123}},"line":123,"loc":{"end":{"column":1,"line":127},"start":{"column":42,"line":123}},"name":"(anonymous_22)"}},"hash":"8454da590e7ebfb8f2980adc311bcbe8d7f0a3b6","inputSourceMap":{"mappings":"AAAA,OAAO,WAAW;AAwBlB,MAAM,YAAY,MAAM,OAAO;AAAA,EAC7B,SAAS;AAAA;AAAA,EACT,SAAS;AAAA,IACP,gBAAgB;AAAA,EAClB;AACF,CAAC;AAGD,UAAU,aAAa,QAAQ;AAAA,EAC7B,CAAC,WAAW;AAEV,UAAM,mBAAmB,CAAC,iBAAiB,SAAS;AAEpD,QAAI,CAAC,iBAAiB,KAAK,CAAC,aAAa,OAAO,KAAK,SAAS,QAAQ,CAAC,GAAG;AACxE,YAAM,QAAQ,aAAa,QAAQ,WAAW;AAC9C,cAAQ,IAAI,KAAK;AACjB,UAAI,OAAO;AACT,eAAO,QAAQ,eAAe,IAAI,GAAG,KAAK;AAC1C,gBAAQ,IAAI,OAAO,QAAQ,eAAe,CAAC;AAAA,MAC7C;AAAA,IACF;AAEA,WAAO;AAAA,EACT;AAAA,EACA,CAAC,UAAU;AACT,WAAO,QAAQ,OAAO,KAAK;AAAA,EAC7B;AACF;AAGO,aAAM,cAAc,OAAO,QAAgB,YAAyD;AACzG,QAAM,WAAW,MAAM,UAAU,KAAK,aAAa,SAAS,EAAE,QAAQ,EAAE,OAAO,EAAE,CAAC;AAClF,SAAO,SAAS,KAAK;AACvB;AAEO,aAAM,gBAAgB,YAA2B;AACtD,QAAM,UAAU,OAAO,QAAQ;AACjC;AAEO,aAAM,iBAAiB,OAAO,OAAiC;AACpE,UAAQ,IAAI,EAAE;AACd,QAAM,WAAW,MAAM,UAAU,IAAI,YAAY,EAAE,EAAE;AACrD,UAAQ,IAAI,SAAS,IAAI;AACzB,SAAO,SAAS;AAClB;AAEO,aAAM,oBAAoB,OAAO,IAAY,SAAwC;AAC1F,UAAQ,IAAI,IAAI;AAChB,QAAM,WAAW,MAAM,UAAU,KAAK,YAAY,EAAE,IAAI,IAAI;AAC5D,UAAQ,IAAI,QAAQ;AACtB;AAEO,aAAM,gBAAgB,OAAO,SAA2C;AAC7E,UAAQ,IAAI,IAAI;AAChB,QAAM,WAAW,MAAM,UAAU,KAAK,YAAY,IAAI;AACtD,UAAQ,IAAI,SAAS,IAAI;AACzB,SAAO,SAAS;AAClB;AAEO,aAAM,qBAAqB,OAAO,UAAsC;AAC7E,UAAQ,IAAI,KAAK;AACjB,QAAM,WAAW,MAAM,UAAU,KAAK,oBAAoB,EAAE,OAAO,MAAM,CAAC;AAC1E,UAAQ,IAAI,QAAQ;AACpB,SAAO,SAAS;AAClB;AAEO,aAAM,iBAAiB,OAAO,IAAY,aAAsB,UAA4B;AACjG,UAAQ,IAAI,EAAE;AACd,QAAM,WAAW,MAAM,UAAU,IAAI,YAAY,EAAE,SAAS,EAAE,QAAQ,EAAE,WAAW,EAAE,CAAC;AACtF,UAAQ,IAAI,SAAS,IAAI;AACzB,SAAO,SAAS;AAClB;AAEO,aAAM,mBAAmB,OAAO,OAAiC;AACtE,UAAQ,IAAI,EAAE;AACd,QAAM,WAAW,MAAM,UAAU,IAAI,YAAY,EAAE,OAAO;AAC1D,UAAQ,IAAI,SAAS,IAAI;AACzB,SAAO,SAAS;AAClB;AAEO,aAAM,YAAY,YAA+B;AACtD,QAAM,WAAW,MAAM,UAAU,IAAI,SAAS;AAC9C,UAAQ,IAAI,SAAS,IAAI;AACzB,SAAO,SAAS,KAAK;AACvB;AAEO,aAAM,eAAe,OAAO,SAAyC;AAC1E,QAAM,WAAW,MAAM,UAAU,IAAI,iBAAiB,IAAI;AAC1D,UAAQ,IAAI,SAAS,IAAI;AACzB,SAAO,SAAS;AAClB;AAEO,aAAM,SAAS,YAA6B;AACjD,QAAM,WAAW,MAAM,UAAU,KAAK,SAAS;AAC/C,UAAQ,IAAI,QAAQ;AACpB,SAAO,SAAS,KAAK;AACvB;AAEO,aAAM,oBAAoB,OAAO,IAAW,SAAyD;AAC1G,QAAM,WAAW,MAAM,UAAU,KAAK,WAAW,EAAE,IAAI,IAAI;AAC3D,UAAQ,IAAI,QAAQ;AACpB,SAAO,SAAS;AAElB;AAEO,aAAM,iBAAiB,OAAO,OAAqC;AACxE,QAAM,WAAW,MAAM,UAAU,IAAI,WAAW,EAAE,EAAE;AACpD,UAAQ,IAAI,QAAQ;AACpB,SAAO,SAAS;AAClB;AAEO,aAAM,eAAe,OAAO,SAAwC;AACzE,QAAM,WAAW,MAAM,UAAU,KAAK,aAAa,IAAI;AACvD,UAAQ,IAAI,QAAQ;AACpB,SAAO,SAAS,KAAK;AACvB;AAEO,aAAM,cAAc,OAAO,SAAiC;AACjE,QAAM,WAAW,MAAM,UAAU,KAAK,UAAU,IAAI;AACpD,UAAQ,IAAI,QAAQ;AACpB,SAAO,SAAS,KAAK;AACvB;AAEO,aAAM,oBAAoB,OAAO,MAAmB,YAAoC;AAC7F,QAAM,WAAW,MAAM,UAAU,KAAK,aAAa,OAAO,IAAI,IAAI;AAClE,UAAQ,IAAI,QAAQ;AACpB,SAAO,SAAS,KAAK;AACvB;AAEO,aAAM,uBAAuB,OAAO,MAAqB,YAAoC;AAClG,QAAM,WAAW,MAAM,UAAU,KAAK,gBAAgB,OAAO,IAAI,IAAI;AACrE,UAAQ,IAAI,QAAQ;AACpB,SAAO,SAAS,KAAK;AACvB;AAEO,aAAM,YAAY,YAAuC;AAC9D,QAAM,WAAW,MAAM,UAAU,IAAI,SAAS;AAC9C,UAAQ,IAAI,QAAQ;AACpB,SAAO,SAAS;AAClB;AAEO,aAAM,kBAAkB,OAAO,YAA4C;AAChF,QAAM,WAAW,MAAM,UAAU,IAAI,WAAW,OAAO,EAAE;AACzD,UAAQ,IAAI,QAAQ;AACpB,SAAO,SAAS;AAClB;AAEO,aAAM,aAAa,OAAO,SAAyD;AACxF,QAAM,WAAW,MAAM,UAAU,KAAK,YAAY,IAAI;AACtD,UAAQ,IAAI,QAAQ;AACpB,SAAO,SAAS;AAClB;","names":[],"sources":["C:/Users/zeyad/Frontend-Dev-Packages-Registry/src/api.ts"],"version":3},"path":"C:/Users/zeyad/Frontend-Dev-Packages-Registry/src/api.ts","s":{"0":1,"1":1,"2":0,"3":0,"4":0,"5":0,"6":0,"7":0,"8":0,"9":0,"10":0,"11":0,"12":1,"13":0,"14":0,"15":1,"16":0,"17":1,"18":0,"19":0,"20":0,"21":0,"22":1,"23":0,"24":0,"25":0,"26":1,"27":0,"28":0,"29":0,"30":0,"31":1,"32":0,"33":0,"34":0,"35":0,"36":1,"37":0,"38":0,"39":0,"40":0,"41":1,"42":0,"43":0,"44":0,"45":0,"46":1,"47":0,"48":0,"49":0,"50":1,"51":0,"52":0,"53":0,"54":1,"55":0,"56":0,"57":0,"58":1,"59":0,"60":0,"61":0,"62":1,"63":0,"64":0,"65":0,"66":1,"67":0,"68":0,"69":0,"70":1,"71":0,"72":0,"73":0,"74":1,"75":0,"76":0,"77":0,"78":1,"79":0,"80":0,"81":0,"82":1,"83":0,"84":0,"85":0,"86":1,"87":0,"88":0,"89":0,"90":1,"91":0,"92":0,"93":0},"statementMap":{"0":{"end":{"column":2,"line":8},"start":{"column":18,"line":2}},"1":{"end":{"column":2,"line":25},"start":{"column":0,"line":9}},"2":{"end":{"column":57,"line":11},"start":{"column":29,"line":11}},"3":{"end":{"column":5,"line":19},"start":{"column":4,"line":12}},"4":{"end":{"column":75,"line":12},"start":{"column":45,"line":12}},"5":{"end":{"column":53,"line":13},"start":{"column":20,"line":13}},"6":{"end":{"column":25,"line":14},"start":{"column":6,"line":14}},"7":{"end":{"column":7,"line":18},"start":{"column":6,"line":15}},"8":{"end":{"column":53,"line":16},"start":{"column":8,"line":16}},"9":{"end":{"column":53,"line":17},"start":{"column":8,"line":17}},"10":{"end":{"column":18,"line":20},"start":{"column":4,"line":20}},"11":{"end":{"column":33,"line":23},"start":{"column":4,"line":23}},"12":{"end":{"column":1,"line":29},"start":{"column":27,"line":26}},"13":{"end":{"column":85,"line":27},"start":{"column":19,"line":27}},"14":{"end":{"column":32,"line":28},"start":{"column":2,"line":28}},"15":{"end":{"column":1,"line":32},"start":{"column":29,"line":30}},"16":{"end":{"column":35,"line":31},"start":{"column":2,"line":31}},"17":{"end":{"column":1,"line":38},"start":{"column":30,"line":33}},"18":{"end":{"column":18,"line":34},"start":{"column":2,"line":34}},"19":{"end":{"column":56,"line":35},"start":{"column":19,"line":35}},"20":{"end":{"column":29,"line":36},"start":{"column":2,"line":36}},"21":{"end":{"column":23,"line":37},"start":{"column":2,"line":37}},"22":{"end":{"column":1,"line":43},"start":{"column":33,"line":39}},"23":{"end":{"column":20,"line":40},"start":{"column":2,"line":40}},"24":{"end":{"column":63,"line":41},"start":{"column":19,"line":41}},"25":{"end":{"column":24,"line":42},"start":{"column":2,"line":42}},"26":{"end":{"column":1,"line":49},"start":{"column":29,"line":44}},"27":{"end":{"column":20,"line":45},"start":{"column":2,"line":45}},"28":{"end":{"column":57,"line":46},"start":{"column":19,"line":46}},"29":{"end":{"column":29,"line":47},"start":{"column":2,"line":47}},"30":{"end":{"column":23,"line":48},"start":{"column":2,"line":48}},"31":{"end":{"column":1,"line":55},"start":{"column":34,"line":50}},"32":{"end":{"column":21,"line":51},"start":{"column":2,"line":51}},"33":{"end":{"column":77,"line":52},"start":{"column":19,"line":52}},"34":{"end":{"column":24,"line":53},"start":{"column":2,"line":53}},"35":{"end":{"column":23,"line":54},"start":{"column":2,"line":54}},"36":{"end":{"column":1,"line":61},"start":{"column":30,"line":56}},"37":{"end":{"column":18,"line":57},"start":{"column":2,"line":57}},"38":{"end":{"column":89,"line":58},"start":{"column":19,"line":58}},"39":{"end":{"column":29,"line":59},"start":{"column":2,"line":59}},"40":{"end":{"column":23,"line":60},"start":{"column":2,"line":60}},"41":{"end":{"column":1,"line":67},"start":{"column":32,"line":62}},"42":{"end":{"column":18,"line":63},"start":{"column":2,"line":63}},"43":{"end":{"column":61,"line":64},"start":{"column":19,"line":64}},"44":{"end":{"column":29,"line":65},"start":{"column":2,"line":65}},"45":{"end":{"column":23,"line":66},"start":{"column":2,"line":66}},"46":{"end":{"column":1,"line":72},"start":{"column":25,"line":68}},"47":{"end":{"column":49,"line":69},"start":{"column":19,"line":69}},"48":{"end":{"column":29,"line":70},"start":{"column":2,"line":70}},"49":{"end":{"column":37,"line":71},"start":{"column":2,"line":71}},"50":{"end":{"column":1,"line":77},"start":{"column":28,"line":73}},"51":{"end":{"column":61,"line":74},"start":{"column":19,"line":74}},"52":{"end":{"column":29,"line":75},"start":{"column":2,"line":75}},"53":{"end":{"column":23,"line":76},"start":{"column":2,"line":76}},"54":{"end":{"column":1,"line":82},"start":{"column":22,"line":78}},"55":{"end":{"column":50,"line":79},"start":{"column":19,"line":79}},"56":{"end":{"column":24,"line":80},"start":{"column":2,"line":80}},"57":{"end":{"column":31,"line":81},"start":{"column":2,"line":81}},"58":{"end":{"column":1,"line":87},"start":{"column":33,"line":83}},"59":{"end":{"column":62,"line":84},"start":{"column":19,"line":84}},"60":{"end":{"column":24,"line":85},"start":{"column":2,"line":85}},"61":{"end":{"column":23,"line":86},"start":{"column":2,"line":86}},"62":{"end":{"column":1,"line":92},"start":{"column":30,"line":88}},"63":{"end":{"column":55,"line":89},"start":{"column":19,"line":89}},"64":{"end":{"column":24,"line":90},"start":{"column":2,"line":90}},"65":{"end":{"column":23,"line":91},"start":{"column":2,"line":91}},"66":{"end":{"column":1,"line":97},"start":{"column":28,"line":93}},"67":{"end":{"column":58,"line":94},"start":{"column":19,"line":94}},"68":{"end":{"column":24,"line":95},"start":{"column":2,"line":95}},"69":{"end":{"column":31,"line":96},"start":{"column":2,"line":96}},"70":{"end":{"column":1,"line":102},"start":{"column":27,"line":98}},"71":{"end":{"column":55,"line":99},"start":{"column":19,"line":99}},"72":{"end":{"column":24,"line":100},"start":{"column":2,"line":100}},"73":{"end":{"column":26,"line":101},"start":{"column":2,"line":101}},"74":{"end":{"column":1,"line":107},"start":{"column":33,"line":103}},"75":{"end":{"column":69,"line":104},"start":{"column":19,"line":104}},"76":{"end":{"column":24,"line":105},"start":{"column":2,"line":105}},"77":{"end":{"column":31,"line":106},"start":{"column":2,"line":106}},"78":{"end":{"column":1,"line":112},"start":{"column":36,"line":108}},"79":{"end":{"column":72,"line":109},"start":{"column":19,"line":109}},"80":{"end":{"column":24,"line":110},"start":{"column":2,"line":110}},"81":{"end":{"column":31,"line":111},"start":{"column":2,"line":111}},"82":{"end":{"column":1,"line":117},"start":{"column":25,"line":113}},"83":{"end":{"column":49,"line":114},"start":{"column":19,"line":114}},"84":{"end":{"column":24,"line":115},"start":{"column":2,"line":115}},"85":{"end":{"column":23,"line":116},"start":{"column":2,"line":116}},"86":{"end":{"column":1,"line":122},"start":{"column":31,"line":118}},"87":{"end":{"column":60,"line":119},"start":{"column":19,"line":119}},"88":{"end":{"column":24,"line":120},"start":{"column":2,"line":120}},"89":{"end":{"column":23,"line":121},"start":{"column":2,"line":121}},"90":{"end":{"column":1,"line":127},"start":{"column":26,"line":123}},"91":{"end":{"column":57,"line":124},"start":{"column":19,"line":124}},"92":{"end":{"column":24,"line":125},"start":{"column":2,"line":125}},"93":{"end":{"column":23,"line":126},"start":{"column":2,"line":126}}}},"C:/Users/zeyad/Frontend-Dev-Packages-Registry/src/main.tsx":{"_coverageSchema":"1a1c01bbd47fc00a2c39e90264f33305004495a9","b":{},"branchMap":{},"f":{},"fnMap":{},"hash":"e4cc6ddc90b33f006529d6b21078b7c3b8b4fcf0","inputSourceMap":{"file":"C:/Users/zeyad/Frontend-Dev-Packages-Registry/src/main.tsx","ignoreList":[],"mappings":"AAOI;AAPJ,SAASA,kBAAkB;AAC3B,SAASC,kBAAkB;AAC3B,OAAOC,SAAS;AAChB,OAAO;AAEPD,WAAWE,SAASC,eAAe,MAAM,CAAE,EAAEC;AAAAA,EAC3C,uBAAC,cACC,iCAAC,SAAD;AAAA;AAAA;AAAA;AAAA,SAAI,KADN;AAAA;AAAA;AAAA;AAAA,SAEA;AACF","names":["StrictMode","createRoot","App","document","getElementById","render"],"sources":["C:/Users/zeyad/Frontend-Dev-Packages-Registry/src/main.tsx"],"version":3},"path":"C:/Users/zeyad/Frontend-Dev-Packages-Registry/src/main.tsx","s":{"0":1},"statementMap":{"0":{"end":{"column":2,"line":16},"start":{"column":0,"line":6}}}}}