{"C:/Users/zeyad/Frontend-Dev-Packages-Registry/src/App.tsx": {"path":"C:/Users/zeyad/Frontend-Dev-Packages-Registry/src/App.tsx","statementMap":{"0":{"start":{"line":1,"column":35},"end":{"line":1,"column":null}},"1":{"start":{"line":1,"column":50},"end":{"line":1,"column":null}},"2":{"start":{"line":9,"column":22},"end":{"line":74,"column":2}},"3":{"start":{"line":9,"column":28},"end":{"line":9,"column":null}},"4":{"start":{"line":10,"column":48},"end":{"line":10,"column":null}},"5":{"start":{"line":12,"column":2},"end":{"line":15,"column":null}},"6":{"start":{"line":13,"column":18},"end":{"line":13,"column":null}},"7":{"start":{"line":14,"column":4},"end":{"line":14,"column":null}},"8":{"start":{"line":17,"column":27},"end":{"line":25,"column":null}},"9":{"start":{"line":18,"column":4},"end":{"line":24,"column":null}},"10":{"start":{"line":19,"column":6},"end":{"line":19,"column":null}},"11":{"start":{"line":20,"column":6},"end":{"line":20,"column":null}},"12":{"start":{"line":22,"column":6},"end":{"line":22,"column":null}},"13":{"start":{"line":23,"column":6},"end":{"line":23,"column":null}},"14":{"start":{"line":27,"column":2},"end":{"line":72,"column":null}},"15":{"start":{"line":74,"column":2},"end":{"line":9,"column":22}},"16":{"start":{"line":9,"column":19},"end":{"line":null,"column":-1}},"17":{"start":{"line":76,"column":19},"end":{"line":76,"column":null}}},"fnMap":{"0":{"name":"(anonymous_0)","decl":{"start":{"line":1,"column":50},"end":{"line":1,"column":null}},"loc":{"start":{"line":1,"column":50},"end":{"line":1,"column":null}}},"1":{"name":"(anonymous_1)","decl":{"start":{"line":9,"column":22},"end":{"line":9,"column":28}},"loc":{"start":{"line":9,"column":28},"end":{"line":74,"column":2}}},"2":{"name":"(anonymous_2)","decl":{"start":{"line":12,"column":12},"end":{"line":12,"column":18}},"loc":{"start":{"line":12,"column":18},"end":{"line":15,"column":5}}},"3":{"name":"(anonymous_3)","decl":{"start":{"line":17,"column":27},"end":{"line":17,"column":28}},"loc":{"start":{"line":17,"column":45},"end":{"line":25,"column":null}}}},"branchMap":{"0":{"loc":{"start":{"line":1,"column":35},"end":{"line":1,"column":null}},"type":"binary-expr","locations":[{"start":{"line":1,"column":35},"end":{"line":1,"column":null}},{"start":{"line":1,"column":50},"end":{"line":1,"column":null}}]},"1":{"loc":{"start":{"line":1,"column":50},"end":{"line":1,"column":null}},"type":"if","locations":[{"start":{"line":1,"column":50},"end":{"line":1,"column":null}}]},"2":{"loc":{"start":{"line":1,"column":50},"end":{"line":1,"column":null}},"type":"binary-expr","locations":[{"start":{"line":1,"column":50},"end":{"line":1,"column":null}},{"start":{"line":1,"column":50},"end":{"line":1,"column":null}}]},"3":{"loc":{"start":{"line":18,"column":4},"end":{"line":24,"column":null}},"type":"if","locations":[{"start":{"line":18,"column":4},"end":{"line":24,"column":null}},{"start":{"line":21,"column":11},"end":{"line":24,"column":null}}]},"4":{"loc":{"start":{"line":18,"column":8},"end":{"line":18,"column":43}},"type":"binary-expr","locations":[{"start":{"line":18,"column":8},"end":{"line":18,"column":29}},{"start":{"line":18,"column":29},"end":{"line":18,"column":43}}]},"5":{"loc":{"start":{"line":34,"column":12},"end":{"line":39,"column":null}},"type":"cond-expr","locations":[{"start":{"line":35,"column":14},"end":{"line":35,"column":null}},{"start":{"line":37,"column":14},"end":{"line":39,"column":null}}]},"6":{"loc":{"start":{"line":35,"column":28},"end":{"line":35,"column":77}},"type":"binary-expr","locations":[{"start":{"line":35,"column":28},"end":{"line":35,"column":68}},{"start":{"line":35,"column":68},"end":{"line":35,"column":77}}]},"7":{"loc":{"start":{"line":39,"column":30},"end":{"line":39,"column":78}},"type":"binary-expr","locations":[{"start":{"line":39,"column":30},"end":{"line":39,"column":70}},{"start":{"line":39,"column":70},"end":{"line":39,"column":78}}]},"8":{"loc":{"start":{"line":47,"column":12},"end":{"line":53,"column":null}},"type":"cond-expr","locations":[{"start":{"line":48,"column":14},"end":{"line":48,"column":null}},{"start":{"line":50,"column":14},"end":{"line":53,"column":null}}]},"9":{"loc":{"start":{"line":61,"column":12},"end":{"line":67,"column":null}},"type":"cond-expr","locations":[{"start":{"line":62,"column":14},"end":{"line":62,"column":null}},{"start":{"line":64,"column":14},"end":{"line":67,"column":null}}]}},"s":{"0":1,"1":8,"2":1,"3":4,"4":4,"5":4,"6":2,"7":2,"8":4,"9":4,"10":4,"11":4,"12":0,"13":0,"14":4,"15":1,"16":1,"17":1},"f":{"0":1,"1":4,"2":2,"3":4},"b":{"0":[1,0],"1":[1],"2":[1,1],"3":[4,0],"4":[4,4],"5":[2,2],"6":[2,2],"7":[2,1],"8":[2,2],"9":[2,2]}}
,"C:\\Users\\zeyad\\Frontend-Dev-Packages-Registry\\src\\api.ts": {"path":"C:\\Users\\zeyad\\Frontend-Dev-Packages-Registry\\src\\api.ts","statementMap":{"0":{"start":{"line":25,"column":26},"end":{"line":30,"column":null}},"1":{"start":{"line":33,"column":0},"end":{"line":52,"column":null}},"2":{"start":{"line":36,"column":29},"end":{"line":36,"column":null}},"3":{"start":{"line":38,"column":4},"end":{"line":45,"column":null}},"4":{"start":{"line":38,"column":45},"end":{"line":38,"column":75}},"5":{"start":{"line":39,"column":20},"end":{"line":39,"column":null}},"6":{"start":{"line":40,"column":6},"end":{"line":40,"column":null}},"7":{"start":{"line":41,"column":6},"end":{"line":44,"column":null}},"8":{"start":{"line":42,"column":8},"end":{"line":42,"column":null}},"9":{"start":{"line":43,"column":8},"end":{"line":43,"column":null}},"10":{"start":{"line":47,"column":4},"end":{"line":47,"column":null}},"11":{"start":{"line":50,"column":4},"end":{"line":50,"column":null}},"12":{"start":{"line":55,"column":27},"end":{"line":58,"column":null}},"13":{"start":{"line":56,"column":19},"end":{"line":56,"column":null}},"14":{"start":{"line":57,"column":2},"end":{"line":57,"column":null}},"15":{"start":{"line":60,"column":29},"end":{"line":62,"column":null}},"16":{"start":{"line":61,"column":2},"end":{"line":61,"column":null}},"17":{"start":{"line":64,"column":30},"end":{"line":69,"column":null}},"18":{"start":{"line":65,"column":2},"end":{"line":65,"column":null}},"19":{"start":{"line":66,"column":19},"end":{"line":66,"column":null}},"20":{"start":{"line":67,"column":2},"end":{"line":67,"column":null}},"21":{"start":{"line":68,"column":2},"end":{"line":68,"column":null}},"22":{"start":{"line":71,"column":33},"end":{"line":75,"column":null}},"23":{"start":{"line":72,"column":2},"end":{"line":72,"column":null}},"24":{"start":{"line":73,"column":19},"end":{"line":73,"column":null}},"25":{"start":{"line":74,"column":2},"end":{"line":74,"column":null}},"26":{"start":{"line":77,"column":29},"end":{"line":82,"column":null}},"27":{"start":{"line":78,"column":2},"end":{"line":78,"column":null}},"28":{"start":{"line":79,"column":19},"end":{"line":79,"column":null}},"29":{"start":{"line":80,"column":2},"end":{"line":80,"column":null}},"30":{"start":{"line":81,"column":2},"end":{"line":81,"column":null}},"31":{"start":{"line":84,"column":34},"end":{"line":89,"column":null}},"32":{"start":{"line":85,"column":2},"end":{"line":85,"column":null}},"33":{"start":{"line":86,"column":19},"end":{"line":86,"column":null}},"34":{"start":{"line":87,"column":2},"end":{"line":87,"column":null}},"35":{"start":{"line":88,"column":2},"end":{"line":88,"column":null}},"36":{"start":{"line":91,"column":30},"end":{"line":96,"column":null}},"37":{"start":{"line":92,"column":2},"end":{"line":92,"column":null}},"38":{"start":{"line":93,"column":19},"end":{"line":93,"column":null}},"39":{"start":{"line":94,"column":2},"end":{"line":94,"column":null}},"40":{"start":{"line":95,"column":2},"end":{"line":95,"column":null}},"41":{"start":{"line":98,"column":32},"end":{"line":103,"column":null}},"42":{"start":{"line":99,"column":2},"end":{"line":99,"column":null}},"43":{"start":{"line":100,"column":19},"end":{"line":100,"column":null}},"44":{"start":{"line":101,"column":2},"end":{"line":101,"column":null}},"45":{"start":{"line":102,"column":2},"end":{"line":102,"column":null}},"46":{"start":{"line":105,"column":25},"end":{"line":109,"column":null}},"47":{"start":{"line":106,"column":19},"end":{"line":106,"column":null}},"48":{"start":{"line":107,"column":2},"end":{"line":107,"column":null}},"49":{"start":{"line":108,"column":2},"end":{"line":108,"column":null}},"50":{"start":{"line":111,"column":28},"end":{"line":115,"column":null}},"51":{"start":{"line":112,"column":19},"end":{"line":112,"column":null}},"52":{"start":{"line":113,"column":2},"end":{"line":113,"column":null}},"53":{"start":{"line":114,"column":2},"end":{"line":114,"column":null}},"54":{"start":{"line":117,"column":22},"end":{"line":121,"column":null}},"55":{"start":{"line":118,"column":19},"end":{"line":118,"column":null}},"56":{"start":{"line":119,"column":2},"end":{"line":119,"column":null}},"57":{"start":{"line":120,"column":2},"end":{"line":120,"column":null}},"58":{"start":{"line":123,"column":33},"end":{"line":128,"column":null}},"59":{"start":{"line":124,"column":19},"end":{"line":124,"column":null}},"60":{"start":{"line":125,"column":2},"end":{"line":125,"column":null}},"61":{"start":{"line":126,"column":2},"end":{"line":126,"column":null}},"62":{"start":{"line":130,"column":30},"end":{"line":134,"column":null}},"63":{"start":{"line":131,"column":19},"end":{"line":131,"column":null}},"64":{"start":{"line":132,"column":2},"end":{"line":132,"column":null}},"65":{"start":{"line":133,"column":2},"end":{"line":133,"column":null}},"66":{"start":{"line":136,"column":28},"end":{"line":140,"column":null}},"67":{"start":{"line":137,"column":19},"end":{"line":137,"column":null}},"68":{"start":{"line":138,"column":2},"end":{"line":138,"column":null}},"69":{"start":{"line":139,"column":2},"end":{"line":139,"column":null}},"70":{"start":{"line":142,"column":27},"end":{"line":146,"column":null}},"71":{"start":{"line":143,"column":19},"end":{"line":143,"column":null}},"72":{"start":{"line":144,"column":2},"end":{"line":144,"column":null}},"73":{"start":{"line":145,"column":2},"end":{"line":145,"column":null}},"74":{"start":{"line":148,"column":33},"end":{"line":152,"column":null}},"75":{"start":{"line":149,"column":19},"end":{"line":149,"column":null}},"76":{"start":{"line":150,"column":2},"end":{"line":150,"column":null}},"77":{"start":{"line":151,"column":2},"end":{"line":151,"column":null}},"78":{"start":{"line":154,"column":36},"end":{"line":158,"column":null}},"79":{"start":{"line":155,"column":19},"end":{"line":155,"column":null}},"80":{"start":{"line":156,"column":2},"end":{"line":156,"column":null}},"81":{"start":{"line":157,"column":2},"end":{"line":157,"column":null}},"82":{"start":{"line":160,"column":25},"end":{"line":164,"column":null}},"83":{"start":{"line":161,"column":19},"end":{"line":161,"column":null}},"84":{"start":{"line":162,"column":2},"end":{"line":162,"column":null}},"85":{"start":{"line":163,"column":2},"end":{"line":163,"column":null}},"86":{"start":{"line":166,"column":31},"end":{"line":170,"column":null}},"87":{"start":{"line":167,"column":19},"end":{"line":167,"column":null}},"88":{"start":{"line":168,"column":2},"end":{"line":168,"column":null}},"89":{"start":{"line":169,"column":2},"end":{"line":169,"column":null}},"90":{"start":{"line":172,"column":26},"end":{"line":176,"column":null}},"91":{"start":{"line":173,"column":19},"end":{"line":173,"column":null}},"92":{"start":{"line":174,"column":2},"end":{"line":174,"column":null}},"93":{"start":{"line":175,"column":2},"end":{"line":175,"column":null}}},"fnMap":{"0":{"name":"(anonymous_0)","decl":{"start":{"line":34,"column":2},"end":{"line":34,"column":3}},"loc":{"start":{"line":34,"column":14},"end":{"line":48,"column":null}}},"1":{"name":"(anonymous_1)","decl":{"start":{"line":38,"column":31},"end":{"line":38,"column":32}},"loc":{"start":{"line":38,"column":45},"end":{"line":38,"column":75}}},"2":{"name":"(anonymous_2)","decl":{"start":{"line":49,"column":2},"end":{"line":49,"column":3}},"loc":{"start":{"line":49,"column":13},"end":{"line":51,"column":null}}},"3":{"name":"(anonymous_3)","decl":{"start":{"line":55,"column":27},"end":{"line":55,"column":34}},"loc":{"start":{"line":55,"column":107},"end":{"line":58,"column":null}}},"4":{"name":"(anonymous_4)","decl":{"start":{"line":60,"column":29},"end":{"line":60,"column":56}},"loc":{"start":{"line":60,"column":56},"end":{"line":62,"column":null}}},"5":{"name":"(anonymous_5)","decl":{"start":{"line":64,"column":30},"end":{"line":64,"column":37}},"loc":{"start":{"line":64,"column":70},"end":{"line":69,"column":null}}},"6":{"name":"(anonymous_6)","decl":{"start":{"line":71,"column":33},"end":{"line":71,"column":40}},"loc":{"start":{"line":71,"column":92},"end":{"line":75,"column":null}}},"7":{"name":"(anonymous_7)","decl":{"start":{"line":77,"column":29},"end":{"line":77,"column":36}},"loc":{"start":{"line":77,"column":79},"end":{"line":82,"column":null}}},"8":{"name":"(anonymous_8)","decl":{"start":{"line":84,"column":34},"end":{"line":84,"column":41}},"loc":{"start":{"line":84,"column":81},"end":{"line":89,"column":null}}},"9":{"name":"(anonymous_9)","decl":{"start":{"line":91,"column":30},"end":{"line":91,"column":37}},"loc":{"start":{"line":91,"column":97},"end":{"line":96,"column":null}}},"10":{"name":"(anonymous_10)","decl":{"start":{"line":98,"column":32},"end":{"line":98,"column":39}},"loc":{"start":{"line":98,"column":72},"end":{"line":103,"column":null}}},"11":{"name":"(anonymous_11)","decl":{"start":{"line":105,"column":25},"end":{"line":105,"column":56}},"loc":{"start":{"line":105,"column":56},"end":{"line":109,"column":null}}},"12":{"name":"(anonymous_12)","decl":{"start":{"line":111,"column":28},"end":{"line":111,"column":35}},"loc":{"start":{"line":111,"column":76},"end":{"line":115,"column":null}}},"13":{"name":"(anonymous_13)","decl":{"start":{"line":117,"column":22},"end":{"line":117,"column":51}},"loc":{"start":{"line":117,"column":51},"end":{"line":121,"column":null}}},"14":{"name":"(anonymous_14)","decl":{"start":{"line":123,"column":33},"end":{"line":123,"column":40}},"loc":{"start":{"line":123,"column":108},"end":{"line":128,"column":null}}},"15":{"name":"(anonymous_15)","decl":{"start":{"line":130,"column":30},"end":{"line":130,"column":37}},"loc":{"start":{"line":130,"column":74},"end":{"line":134,"column":null}}},"16":{"name":"(anonymous_16)","decl":{"start":{"line":136,"column":28},"end":{"line":136,"column":35}},"loc":{"start":{"line":136,"column":75},"end":{"line":140,"column":null}}},"17":{"name":"(anonymous_17)","decl":{"start":{"line":142,"column":27},"end":{"line":142,"column":34}},"loc":{"start":{"line":142,"column":67},"end":{"line":146,"column":null}}},"18":{"name":"(anonymous_18)","decl":{"start":{"line":148,"column":33},"end":{"line":148,"column":40}},"loc":{"start":{"line":148,"column":95},"end":{"line":152,"column":null}}},"19":{"name":"(anonymous_19)","decl":{"start":{"line":154,"column":36},"end":{"line":154,"column":43}},"loc":{"start":{"line":154,"column":100},"end":{"line":158,"column":null}}},"20":{"name":"(anonymous_20)","decl":{"start":{"line":160,"column":25},"end":{"line":160,"column":64}},"loc":{"start":{"line":160,"column":64},"end":{"line":164,"column":null}}},"21":{"name":"(anonymous_21)","decl":{"start":{"line":166,"column":31},"end":{"line":166,"column":38}},"loc":{"start":{"line":166,"column":82},"end":{"line":170,"column":null}}},"22":{"name":"(anonymous_22)","decl":{"start":{"line":172,"column":26},"end":{"line":172,"column":33}},"loc":{"start":{"line":172,"column":90},"end":{"line":176,"column":null}}}},"branchMap":{"0":{"loc":{"start":{"line":38,"column":4},"end":{"line":45,"column":null}},"type":"if","locations":[{"start":{"line":38,"column":4},"end":{"line":45,"column":null}},{"start":{},"end":{}}]},"1":{"loc":{"start":{"line":41,"column":6},"end":{"line":44,"column":null}},"type":"if","locations":[{"start":{"line":41,"column":6},"end":{"line":44,"column":null}},{"start":{},"end":{}}]},"2":{"loc":{"start":{"line":91,"column":49},"end":{"line":91,"column":97}},"type":"default-arg","locations":[{"start":{"line":91,"column":71},"end":{"line":91,"column":97}}]}},"s":{"0":1,"1":1,"2":16,"3":16,"4":31,"5":13,"6":13,"7":13,"8":13,"9":13,"10":16,"11":0,"12":1,"13":2,"14":2,"15":1,"16":1,"17":1,"18":3,"19":3,"20":2,"21":2,"22":1,"23":0,"24":0,"25":0,"26":1,"27":3,"28":3,"29":2,"30":2,"31":1,"32":2,"33":2,"34":1,"35":1,"36":1,"37":0,"38":0,"39":0,"40":0,"41":1,"42":0,"43":0,"44":0,"45":0,"46":1,"47":2,"48":2,"49":2,"50":1,"51":1,"52":1,"53":1,"54":1,"55":0,"56":0,"57":0,"58":1,"59":0,"60":0,"61":0,"62":1,"63":0,"64":0,"65":0,"66":1,"67":0,"68":0,"69":0,"70":1,"71":0,"72":0,"73":0,"74":1,"75":0,"76":0,"77":0,"78":1,"79":0,"80":0,"81":0,"82":1,"83":2,"84":2,"85":2,"86":1,"87":0,"88":0,"89":0,"90":1,"91":0,"92":0,"93":0},"f":{"0":16,"1":31,"2":0,"3":2,"4":1,"5":3,"6":0,"7":3,"8":2,"9":0,"10":0,"11":2,"12":1,"13":0,"14":0,"15":0,"16":0,"17":0,"18":0,"19":0,"20":2,"21":0,"22":0},"b":{"0":[13,0],"1":[13,0],"2":[0]},"all":true}
,"C:/Users/zeyad/Frontend-Dev-Packages-Registry/src/main.tsx": {"path":"C:/Users/zeyad/Frontend-Dev-Packages-Registry/src/main.tsx","statementMap":{"0":{"start":{"line":6,"column":0},"end":{"line":10,"column":null}}},"fnMap":{},"branchMap":{},"s":{"0":1},"f":{},"b":{}}
,"C:/Users/zeyad/Frontend-Dev-Packages-Registry/src/Components/AssignPackage.tsx": {"path":"C:/Users/zeyad/Frontend-Dev-Packages-Registry/src/Components/AssignPackage.tsx","statementMap":{"0":{"start":{"line":1,"column":37},"end":{"line":1,"column":null}},"1":{"start":{"line":1,"column":52},"end":{"line":1,"column":null}},"2":{"start":{"line":6,"column":39},"end":{"line":97,"column":2}},"3":{"start":{"line":6,"column":45},"end":{"line":6,"column":null}},"4":{"start":{"line":7,"column":32},"end":{"line":7,"column":null}},"5":{"start":{"line":8,"column":36},"end":{"line":8,"column":null}},"6":{"start":{"line":9,"column":42},"end":{"line":9,"column":null}},"7":{"start":{"line":10,"column":46},"end":{"line":10,"column":null}},"8":{"start":{"line":12,"column":30},"end":{"line":45,"column":null}},"9":{"start":{"line":14,"column":4},"end":{"line":18,"column":null}},"10":{"start":{"line":15,"column":6},"end":{"line":15,"column":null}},"11":{"start":{"line":16,"column":6},"end":{"line":16,"column":null}},"12":{"start":{"line":17,"column":6},"end":{"line":17,"column":null}},"13":{"start":{"line":20,"column":4},"end":{"line":44,"column":null}},"14":{"start":{"line":21,"column":6},"end":{"line":21,"column":null}},"15":{"start":{"line":22,"column":6},"end":{"line":22,"column":null}},"16":{"start":{"line":24,"column":42},"end":{"line":24,"column":null}},"17":{"start":{"line":25,"column":30},"end":{"line":25,"column":null}},"18":{"start":{"line":26,"column":6},"end":{"line":26,"column":null}},"19":{"start":{"line":28,"column":6},"end":{"line":43,"column":null}},"20":{"start":{"line":29,"column":27},"end":{"line":29,"column":null}},"21":{"start":{"line":30,"column":27},"end":{"line":30,"column":null}},"22":{"start":{"line":31,"column":26},"end":{"line":31,"column":null}},"23":{"start":{"line":32,"column":27},"end":{"line":32,"column":null}},"24":{"start":{"line":34,"column":8},"end":{"line":38,"column":null}},"25":{"start":{"line":35,"column":10},"end":{"line":35,"column":null}},"26":{"start":{"line":37,"column":10},"end":{"line":37,"column":null}},"27":{"start":{"line":40,"column":8},"end":{"line":40,"column":null}},"28":{"start":{"line":42,"column":8},"end":{"line":42,"column":null}},"29":{"start":{"line":47,"column":2},"end":{"line":95,"column":null}},"30":{"start":{"line":60,"column":27},"end":{"line":60,"column":56}},"31":{"start":{"line":73,"column":27},"end":{"line":73,"column":54}},"32":{"start":{"line":97,"column":2},"end":{"line":6,"column":39}},"33":{"start":{"line":6,"column":36},"end":{"line":null,"column":-1}},"34":{"start":{"line":99,"column":36},"end":{"line":99,"column":null}}},"fnMap":{"0":{"name":"(anonymous_0)","decl":{"start":{"line":1,"column":52},"end":{"line":1,"column":null}},"loc":{"start":{"line":1,"column":52},"end":{"line":1,"column":null}}},"1":{"name":"(anonymous_1)","decl":{"start":{"line":6,"column":39},"end":{"line":6,"column":45}},"loc":{"start":{"line":6,"column":45},"end":{"line":97,"column":2}}},"2":{"name":"(anonymous_2)","decl":{"start":{"line":12,"column":42},"end":{"line":12,"column":54}},"loc":{"start":{"line":12,"column":54},"end":{"line":45,"column":5}}},"3":{"name":"(anonymous_3)","decl":{"start":{"line":60,"column":20},"end":{"line":60,"column":21}},"loc":{"start":{"line":60,"column":27},"end":{"line":60,"column":56}}},"4":{"name":"(anonymous_4)","decl":{"start":{"line":73,"column":20},"end":{"line":73,"column":21}},"loc":{"start":{"line":73,"column":27},"end":{"line":73,"column":54}}}},"branchMap":{"0":{"loc":{"start":{"line":1,"column":37},"end":{"line":1,"column":null}},"type":"binary-expr","locations":[{"start":{"line":1,"column":37},"end":{"line":1,"column":null}},{"start":{"line":1,"column":52},"end":{"line":1,"column":null}}]},"1":{"loc":{"start":{"line":1,"column":52},"end":{"line":1,"column":null}},"type":"if","locations":[{"start":{"line":1,"column":52},"end":{"line":1,"column":null}}]},"2":{"loc":{"start":{"line":1,"column":52},"end":{"line":1,"column":null}},"type":"binary-expr","locations":[{"start":{"line":1,"column":52},"end":{"line":1,"column":null}},{"start":{"line":1,"column":52},"end":{"line":1,"column":null}}]},"3":{"loc":{"start":{"line":14,"column":4},"end":{"line":18,"column":null}},"type":"if","locations":[{"start":{"line":14,"column":4},"end":{"line":18,"column":null}}]},"4":{"loc":{"start":{"line":14,"column":8},"end":{"line":14,"column":46}},"type":"binary-expr","locations":[{"start":{"line":14,"column":8},"end":{"line":14,"column":27}},{"start":{"line":14,"column":27},"end":{"line":14,"column":46}}]},"5":{"loc":{"start":{"line":28,"column":6},"end":{"line":43,"column":null}},"type":"if","locations":[{"start":{"line":28,"column":6},"end":{"line":43,"column":null}},{"start":{"line":41,"column":13},"end":{"line":43,"column":null}}]},"6":{"loc":{"start":{"line":30,"column":27},"end":{"line":30,"column":null}},"type":"binary-expr","locations":[{"start":{"line":30,"column":27},"end":{"line":30,"column":58}},{"start":{"line":30,"column":58},"end":{"line":30,"column":null}}]},"7":{"loc":{"start":{"line":34,"column":8},"end":{"line":38,"column":null}},"type":"if","locations":[{"start":{"line":34,"column":8},"end":{"line":38,"column":null}},{"start":{"line":36,"column":15},"end":{"line":38,"column":null}}]},"8":{"loc":{"start":{"line":34,"column":12},"end":{"line":34,"column":56}},"type":"binary-expr","locations":[{"start":{"line":34,"column":12},"end":{"line":34,"column":25}},{"start":{"line":34,"column":25},"end":{"line":34,"column":56}}]},"9":{"loc":{"start":{"line":35,"column":26},"end":{"line":35,"column":null}},"type":"binary-expr","locations":[{"start":{"line":35,"column":26},"end":{"line":35,"column":68}},{"start":{"line":35,"column":68},"end":{"line":35,"column":null}}]},"10":{"loc":{"start":{"line":83,"column":7},"end":{"line":86,"column":null}},"type":"binary-expr","locations":[{"start":{"line":83,"column":7},"end":{"line":83,"column":null}},{"start":{"line":84,"column":8},"end":{"line":86,"column":null}}]},"11":{"loc":{"start":{"line":90,"column":7},"end":{"line":93,"column":null}},"type":"binary-expr","locations":[{"start":{"line":90,"column":7},"end":{"line":90,"column":null}},{"start":{"line":91,"column":8},"end":{"line":93,"column":null}}]}},"s":{"0":1,"1":8,"2":1,"3":2,"4":2,"5":2,"6":2,"7":2,"8":2,"9":0,"10":0,"11":0,"12":0,"13":0,"14":0,"15":0,"16":0,"17":0,"18":0,"19":0,"20":0,"21":0,"22":0,"23":0,"24":0,"25":0,"26":0,"27":0,"28":0,"29":2,"30":0,"31":0,"32":1,"33":1,"34":1},"f":{"0":1,"1":2,"2":0,"3":0,"4":0},"b":{"0":[1,0],"1":[1],"2":[1,1],"3":[0],"4":[0,0],"5":[0,0],"6":[0,0],"7":[0,0],"8":[0,0],"9":[0,0],"10":[2,0],"11":[2,0]}}
,"C:/Users/zeyad/Frontend-Dev-Packages-Registry/src/Components/AssignUser.tsx": {"path":"C:/Users/zeyad/Frontend-Dev-Packages-Registry/src/Components/AssignUser.tsx","statementMap":{"0":{"start":{"line":1,"column":37},"end":{"line":1,"column":null}},"1":{"start":{"line":1,"column":52},"end":{"line":1,"column":null}},"2":{"start":{"line":6,"column":36},"end":{"line":97,"column":2}},"3":{"start":{"line":6,"column":42},"end":{"line":6,"column":null}},"4":{"start":{"line":7,"column":30},"end":{"line":7,"column":null}},"5":{"start":{"line":8,"column":32},"end":{"line":8,"column":null}},"6":{"start":{"line":9,"column":42},"end":{"line":9,"column":null}},"7":{"start":{"line":10,"column":46},"end":{"line":10,"column":null}},"8":{"start":{"line":12,"column":27},"end":{"line":45,"column":null}},"9":{"start":{"line":14,"column":4},"end":{"line":18,"column":null}},"10":{"start":{"line":15,"column":6},"end":{"line":15,"column":null}},"11":{"start":{"line":16,"column":6},"end":{"line":16,"column":null}},"12":{"start":{"line":17,"column":6},"end":{"line":17,"column":null}},"13":{"start":{"line":20,"column":4},"end":{"line":44,"column":null}},"14":{"start":{"line":21,"column":6},"end":{"line":21,"column":null}},"15":{"start":{"line":22,"column":6},"end":{"line":22,"column":null}},"16":{"start":{"line":24,"column":40},"end":{"line":24,"column":null}},"17":{"start":{"line":25,"column":30},"end":{"line":25,"column":null}},"18":{"start":{"line":26,"column":6},"end":{"line":26,"column":null}},"19":{"start":{"line":28,"column":6},"end":{"line":43,"column":null}},"20":{"start":{"line":29,"column":27},"end":{"line":29,"column":null}},"21":{"start":{"line":30,"column":27},"end":{"line":30,"column":null}},"22":{"start":{"line":31,"column":26},"end":{"line":31,"column":null}},"23":{"start":{"line":32,"column":27},"end":{"line":32,"column":null}},"24":{"start":{"line":34,"column":8},"end":{"line":38,"column":null}},"25":{"start":{"line":35,"column":10},"end":{"line":35,"column":null}},"26":{"start":{"line":37,"column":10},"end":{"line":37,"column":null}},"27":{"start":{"line":40,"column":8},"end":{"line":40,"column":null}},"28":{"start":{"line":42,"column":8},"end":{"line":42,"column":null}},"29":{"start":{"line":47,"column":2},"end":{"line":95,"column":null}},"30":{"start":{"line":60,"column":27},"end":{"line":60,"column":53}},"31":{"start":{"line":73,"column":27},"end":{"line":73,"column":54}},"32":{"start":{"line":97,"column":2},"end":{"line":6,"column":36}},"33":{"start":{"line":6,"column":33},"end":{"line":null,"column":-1}},"34":{"start":{"line":99,"column":33},"end":{"line":99,"column":null}}},"fnMap":{"0":{"name":"(anonymous_0)","decl":{"start":{"line":1,"column":52},"end":{"line":1,"column":null}},"loc":{"start":{"line":1,"column":52},"end":{"line":1,"column":null}}},"1":{"name":"(anonymous_1)","decl":{"start":{"line":6,"column":36},"end":{"line":6,"column":42}},"loc":{"start":{"line":6,"column":42},"end":{"line":97,"column":2}}},"2":{"name":"(anonymous_2)","decl":{"start":{"line":12,"column":39},"end":{"line":12,"column":51}},"loc":{"start":{"line":12,"column":51},"end":{"line":45,"column":5}}},"3":{"name":"(anonymous_3)","decl":{"start":{"line":60,"column":20},"end":{"line":60,"column":21}},"loc":{"start":{"line":60,"column":27},"end":{"line":60,"column":53}}},"4":{"name":"(anonymous_4)","decl":{"start":{"line":73,"column":20},"end":{"line":73,"column":21}},"loc":{"start":{"line":73,"column":27},"end":{"line":73,"column":54}}}},"branchMap":{"0":{"loc":{"start":{"line":1,"column":37},"end":{"line":1,"column":null}},"type":"binary-expr","locations":[{"start":{"line":1,"column":37},"end":{"line":1,"column":null}},{"start":{"line":1,"column":52},"end":{"line":1,"column":null}}]},"1":{"loc":{"start":{"line":1,"column":52},"end":{"line":1,"column":null}},"type":"if","locations":[{"start":{"line":1,"column":52},"end":{"line":1,"column":null}}]},"2":{"loc":{"start":{"line":1,"column":52},"end":{"line":1,"column":null}},"type":"binary-expr","locations":[{"start":{"line":1,"column":52},"end":{"line":1,"column":null}},{"start":{"line":1,"column":52},"end":{"line":1,"column":null}}]},"3":{"loc":{"start":{"line":14,"column":4},"end":{"line":18,"column":null}},"type":"if","locations":[{"start":{"line":14,"column":4},"end":{"line":18,"column":null}}]},"4":{"loc":{"start":{"line":14,"column":8},"end":{"line":14,"column":43}},"type":"binary-expr","locations":[{"start":{"line":14,"column":8},"end":{"line":14,"column":26}},{"start":{"line":14,"column":26},"end":{"line":14,"column":43}}]},"5":{"loc":{"start":{"line":28,"column":6},"end":{"line":43,"column":null}},"type":"if","locations":[{"start":{"line":28,"column":6},"end":{"line":43,"column":null}},{"start":{"line":41,"column":13},"end":{"line":43,"column":null}}]},"6":{"loc":{"start":{"line":30,"column":27},"end":{"line":30,"column":null}},"type":"binary-expr","locations":[{"start":{"line":30,"column":27},"end":{"line":30,"column":58}},{"start":{"line":30,"column":58},"end":{"line":30,"column":null}}]},"7":{"loc":{"start":{"line":34,"column":8},"end":{"line":38,"column":null}},"type":"if","locations":[{"start":{"line":34,"column":8},"end":{"line":38,"column":null}},{"start":{"line":36,"column":15},"end":{"line":38,"column":null}}]},"8":{"loc":{"start":{"line":34,"column":12},"end":{"line":34,"column":56}},"type":"binary-expr","locations":[{"start":{"line":34,"column":12},"end":{"line":34,"column":25}},{"start":{"line":34,"column":25},"end":{"line":34,"column":56}}]},"9":{"loc":{"start":{"line":35,"column":26},"end":{"line":35,"column":null}},"type":"binary-expr","locations":[{"start":{"line":35,"column":26},"end":{"line":35,"column":68}},{"start":{"line":35,"column":68},"end":{"line":35,"column":null}}]},"10":{"loc":{"start":{"line":83,"column":7},"end":{"line":86,"column":null}},"type":"binary-expr","locations":[{"start":{"line":83,"column":7},"end":{"line":83,"column":null}},{"start":{"line":84,"column":8},"end":{"line":86,"column":null}}]},"11":{"loc":{"start":{"line":90,"column":7},"end":{"line":93,"column":null}},"type":"binary-expr","locations":[{"start":{"line":90,"column":7},"end":{"line":90,"column":null}},{"start":{"line":91,"column":8},"end":{"line":93,"column":null}}]}},"s":{"0":1,"1":8,"2":1,"3":2,"4":2,"5":2,"6":2,"7":2,"8":2,"9":0,"10":0,"11":0,"12":0,"13":0,"14":0,"15":0,"16":0,"17":0,"18":0,"19":0,"20":0,"21":0,"22":0,"23":0,"24":0,"25":0,"26":0,"27":0,"28":0,"29":2,"30":0,"31":0,"32":1,"33":1,"34":1},"f":{"0":1,"1":2,"2":0,"3":0,"4":0},"b":{"0":[1,0],"1":[1],"2":[1,1],"3":[0],"4":[0,0],"5":[0,0],"6":[0,0],"7":[0,0],"8":[0,0],"9":[0,0],"10":[2,0],"11":[2,0]}}
,"C:/Users/zeyad/Frontend-Dev-Packages-Registry/src/Components/Authenticate.tsx": {"path":"C:/Users/zeyad/Frontend-Dev-Packages-Registry/src/Components/Authenticate.tsx","statementMap":{"0":{"start":{"line":1,"column":39},"end":{"line":1,"column":null}},"1":{"start":{"line":11,"column":50},"end":{"line":90,"column":2}},"2":{"start":{"line":11,"column":68},"end":{"line":11,"column":null}},"3":{"start":{"line":12,"column":40},"end":{"line":12,"column":null}},"4":{"start":{"line":13,"column":28},"end":{"line":13,"column":null}},"5":{"start":{"line":14,"column":42},"end":{"line":14,"column":null}},"6":{"start":{"line":17,"column":28},"end":{"line":41,"column":null}},"7":{"start":{"line":18,"column":4},"end":{"line":40,"column":null}},"8":{"start":{"line":19,"column":21},"end":{"line":19,"column":null}},"9":{"start":{"line":20,"column":6},"end":{"line":20,"column":null}},"10":{"start":{"line":21,"column":6},"end":{"line":21,"column":null}},"11":{"start":{"line":22,"column":6},"end":{"line":22,"column":null}},"12":{"start":{"line":23,"column":6},"end":{"line":23,"column":null}},"13":{"start":{"line":25,"column":6},"end":{"line":38,"column":null}},"14":{"start":{"line":26,"column":27},"end":{"line":26,"column":null}},"15":{"start":{"line":27,"column":27},"end":{"line":27,"column":null}},"16":{"start":{"line":28,"column":26},"end":{"line":28,"column":null}},"17":{"start":{"line":29,"column":27},"end":{"line":29,"column":null}},"18":{"start":{"line":30,"column":8},"end":{"line":34,"column":null}},"19":{"start":{"line":31,"column":10},"end":{"line":31,"column":null}},"20":{"start":{"line":33,"column":10},"end":{"line":33,"column":null}},"21":{"start":{"line":35,"column":8},"end":{"line":35,"column":null}},"22":{"start":{"line":37,"column":8},"end":{"line":37,"column":null}},"23":{"start":{"line":39,"column":6},"end":{"line":39,"column":null}},"24":{"start":{"line":43,"column":2},"end":{"line":88,"column":null}},"25":{"start":{"line":52,"column":25},"end":{"line":52,"column":100}},"26":{"start":{"line":61,"column":25},"end":{"line":61,"column":92}},"27":{"start":{"line":90,"column":2},"end":{"line":11,"column":50}},"28":{"start":{"line":11,"column":47},"end":{"line":null,"column":-1}},"29":{"start":{"line":92,"column":28},"end":{"line":92,"column":null}}},"fnMap":{"0":{"name":"(anonymous_0)","decl":{"start":{"line":1,"column":39},"end":{"line":1,"column":null}},"loc":{"start":{"line":1,"column":39},"end":{"line":1,"column":null}}},"1":{"name":"(anonymous_1)","decl":{"start":{"line":11,"column":50},"end":{"line":11,"column":51}},"loc":{"start":{"line":11,"column":68},"end":{"line":90,"column":2}}},"2":{"name":"(anonymous_2)","decl":{"start":{"line":17,"column":28},"end":{"line":17,"column":40}},"loc":{"start":{"line":17,"column":40},"end":{"line":41,"column":null}}},"3":{"name":"(anonymous_3)","decl":{"start":{"line":52,"column":18},"end":{"line":52,"column":19}},"loc":{"start":{"line":52,"column":25},"end":{"line":52,"column":100}}},"4":{"name":"(anonymous_4)","decl":{"start":{"line":61,"column":18},"end":{"line":61,"column":19}},"loc":{"start":{"line":61,"column":25},"end":{"line":61,"column":92}}}},"branchMap":{"0":{"loc":{"start":{"line":1,"column":39},"end":{"line":1,"column":null}},"type":"binary-expr","locations":[{"start":{"line":1,"column":39},"end":{"line":1,"column":null}},{"start":{"line":1,"column":39},"end":{"line":1,"column":null}}]},"1":{"loc":{"start":{"line":1,"column":39},"end":{"line":1,"column":null}},"type":"if","locations":[{"start":{"line":1,"column":39},"end":{"line":1,"column":null}}]},"2":{"loc":{"start":{"line":25,"column":6},"end":{"line":38,"column":null}},"type":"if","locations":[{"start":{"line":25,"column":6},"end":{"line":38,"column":null}},{"start":{"line":36,"column":13},"end":{"line":38,"column":null}}]},"3":{"loc":{"start":{"line":27,"column":27},"end":{"line":27,"column":null}},"type":"binary-expr","locations":[{"start":{"line":27,"column":27},"end":{"line":27,"column":58}},{"start":{"line":27,"column":58},"end":{"line":27,"column":null}}]},"4":{"loc":{"start":{"line":30,"column":8},"end":{"line":34,"column":null}},"type":"if","locations":[{"start":{"line":30,"column":8},"end":{"line":34,"column":null}},{"start":{"line":32,"column":15},"end":{"line":34,"column":null}}]},"5":{"loc":{"start":{"line":30,"column":12},"end":{"line":30,"column":56}},"type":"binary-expr","locations":[{"start":{"line":30,"column":12},"end":{"line":30,"column":25}},{"start":{"line":30,"column":25},"end":{"line":30,"column":56}}]},"6":{"loc":{"start":{"line":31,"column":26},"end":{"line":31,"column":null}},"type":"binary-expr","locations":[{"start":{"line":31,"column":26},"end":{"line":31,"column":68}},{"start":{"line":31,"column":68},"end":{"line":31,"column":null}}]},"7":{"loc":{"start":{"line":72,"column":7},"end":{"line":78,"column":null}},"type":"binary-expr","locations":[{"start":{"line":72,"column":7},"end":{"line":72,"column":null}},{"start":{"line":73,"column":8},"end":{"line":78,"column":null}}]},"8":{"loc":{"start":{"line":80,"column":7},"end":{"line":86,"column":null}},"type":"binary-expr","locations":[{"start":{"line":80,"column":7},"end":{"line":80,"column":null}},{"start":{"line":81,"column":8},"end":{"line":86,"column":null}}]}},"s":{"0":9,"1":1,"2":174,"3":174,"4":174,"5":174,"6":174,"7":1,"8":1,"9":1,"10":1,"11":1,"12":1,"13":0,"14":0,"15":0,"16":0,"17":0,"18":0,"19":0,"20":0,"21":0,"22":0,"23":0,"24":174,"25":24,"26":62,"27":1,"28":1,"29":1},"f":{"0":1,"1":174,"2":1,"3":24,"4":62},"b":{"0":[2,1],"1":[1],"2":[0,0],"3":[0,0],"4":[0,0],"5":[0,0],"6":[0,0],"7":[174,0],"8":[174,0]}}
,"C:/Users/zeyad/Frontend-Dev-Packages-Registry/src/Components/CreateGroup.tsx": {"path":"C:/Users/zeyad/Frontend-Dev-Packages-Registry/src/Components/CreateGroup.tsx","statementMap":{"0":{"start":{"line":1,"column":37},"end":{"line":1,"column":null}},"1":{"start":{"line":1,"column":52},"end":{"line":1,"column":null}},"2":{"start":{"line":6,"column":30},"end":{"line":85,"column":2}},"3":{"start":{"line":6,"column":36},"end":{"line":6,"column":null}},"4":{"start":{"line":7,"column":36},"end":{"line":7,"column":null}},"5":{"start":{"line":8,"column":42},"end":{"line":8,"column":null}},"6":{"start":{"line":9,"column":46},"end":{"line":9,"column":null}},"7":{"start":{"line":12,"column":28},"end":{"line":44,"column":null}},"8":{"start":{"line":13,"column":4},"end":{"line":17,"column":null}},"9":{"start":{"line":14,"column":6},"end":{"line":14,"column":null}},"10":{"start":{"line":15,"column":6},"end":{"line":15,"column":null}},"11":{"start":{"line":16,"column":6},"end":{"line":16,"column":null}},"12":{"start":{"line":19,"column":4},"end":{"line":43,"column":null}},"13":{"start":{"line":20,"column":6},"end":{"line":20,"column":null}},"14":{"start":{"line":21,"column":6},"end":{"line":21,"column":null}},"15":{"start":{"line":23,"column":32},"end":{"line":23,"column":null}},"16":{"start":{"line":24,"column":22},"end":{"line":24,"column":null}},"17":{"start":{"line":25,"column":6},"end":{"line":25,"column":null}},"18":{"start":{"line":27,"column":6},"end":{"line":42,"column":null}},"19":{"start":{"line":28,"column":27},"end":{"line":28,"column":null}},"20":{"start":{"line":29,"column":27},"end":{"line":29,"column":null}},"21":{"start":{"line":30,"column":26},"end":{"line":30,"column":null}},"22":{"start":{"line":31,"column":27},"end":{"line":31,"column":null}},"23":{"start":{"line":33,"column":8},"end":{"line":37,"column":null}},"24":{"start":{"line":34,"column":10},"end":{"line":34,"column":null}},"25":{"start":{"line":36,"column":10},"end":{"line":36,"column":null}},"26":{"start":{"line":39,"column":8},"end":{"line":39,"column":null}},"27":{"start":{"line":41,"column":8},"end":{"line":41,"column":null}},"28":{"start":{"line":46,"column":2},"end":{"line":83,"column":null}},"29":{"start":{"line":61,"column":27},"end":{"line":61,"column":56}},"30":{"start":{"line":85,"column":2},"end":{"line":6,"column":30}},"31":{"start":{"line":6,"column":27},"end":{"line":null,"column":-1}},"32":{"start":{"line":87,"column":27},"end":{"line":87,"column":null}}},"fnMap":{"0":{"name":"(anonymous_0)","decl":{"start":{"line":1,"column":52},"end":{"line":1,"column":null}},"loc":{"start":{"line":1,"column":52},"end":{"line":1,"column":null}}},"1":{"name":"(anonymous_1)","decl":{"start":{"line":6,"column":30},"end":{"line":6,"column":36}},"loc":{"start":{"line":6,"column":36},"end":{"line":85,"column":2}}},"2":{"name":"(anonymous_2)","decl":{"start":{"line":12,"column":40},"end":{"line":12,"column":52}},"loc":{"start":{"line":12,"column":52},"end":{"line":44,"column":5}}},"3":{"name":"(anonymous_3)","decl":{"start":{"line":61,"column":20},"end":{"line":61,"column":21}},"loc":{"start":{"line":61,"column":27},"end":{"line":61,"column":56}}}},"branchMap":{"0":{"loc":{"start":{"line":1,"column":37},"end":{"line":1,"column":null}},"type":"binary-expr","locations":[{"start":{"line":1,"column":37},"end":{"line":1,"column":null}},{"start":{"line":1,"column":52},"end":{"line":1,"column":null}}]},"1":{"loc":{"start":{"line":1,"column":52},"end":{"line":1,"column":null}},"type":"if","locations":[{"start":{"line":1,"column":52},"end":{"line":1,"column":null}}]},"2":{"loc":{"start":{"line":1,"column":52},"end":{"line":1,"column":null}},"type":"binary-expr","locations":[{"start":{"line":1,"column":52},"end":{"line":1,"column":null}},{"start":{"line":1,"column":52},"end":{"line":1,"column":null}}]},"3":{"loc":{"start":{"line":13,"column":4},"end":{"line":17,"column":null}},"type":"if","locations":[{"start":{"line":13,"column":4},"end":{"line":17,"column":null}}]},"4":{"loc":{"start":{"line":27,"column":6},"end":{"line":42,"column":null}},"type":"if","locations":[{"start":{"line":27,"column":6},"end":{"line":42,"column":null}},{"start":{"line":40,"column":13},"end":{"line":42,"column":null}}]},"5":{"loc":{"start":{"line":29,"column":27},"end":{"line":29,"column":null}},"type":"binary-expr","locations":[{"start":{"line":29,"column":27},"end":{"line":29,"column":58}},{"start":{"line":29,"column":58},"end":{"line":29,"column":null}}]},"6":{"loc":{"start":{"line":33,"column":8},"end":{"line":37,"column":null}},"type":"if","locations":[{"start":{"line":33,"column":8},"end":{"line":37,"column":null}},{"start":{"line":35,"column":15},"end":{"line":37,"column":null}}]},"7":{"loc":{"start":{"line":33,"column":12},"end":{"line":33,"column":56}},"type":"binary-expr","locations":[{"start":{"line":33,"column":12},"end":{"line":33,"column":25}},{"start":{"line":33,"column":25},"end":{"line":33,"column":56}}]},"8":{"loc":{"start":{"line":34,"column":26},"end":{"line":34,"column":null}},"type":"binary-expr","locations":[{"start":{"line":34,"column":26},"end":{"line":34,"column":68}},{"start":{"line":34,"column":68},"end":{"line":34,"column":null}}]},"9":{"loc":{"start":{"line":71,"column":7},"end":{"line":74,"column":null}},"type":"binary-expr","locations":[{"start":{"line":71,"column":7},"end":{"line":71,"column":null}},{"start":{"line":72,"column":8},"end":{"line":74,"column":null}}]},"10":{"loc":{"start":{"line":78,"column":7},"end":{"line":81,"column":null}},"type":"binary-expr","locations":[{"start":{"line":78,"column":7},"end":{"line":78,"column":null}},{"start":{"line":79,"column":8},"end":{"line":81,"column":null}}]}},"s":{"0":1,"1":8,"2":1,"3":2,"4":2,"5":2,"6":2,"7":2,"8":0,"9":0,"10":0,"11":0,"12":0,"13":0,"14":0,"15":0,"16":0,"17":0,"18":0,"19":0,"20":0,"21":0,"22":0,"23":0,"24":0,"25":0,"26":0,"27":0,"28":2,"29":0,"30":1,"31":1,"32":1},"f":{"0":1,"1":2,"2":0,"3":0},"b":{"0":[1,0],"1":[1],"2":[1,1],"3":[0],"4":[0,0],"5":[0,0],"6":[0,0],"7":[0,0],"8":[0,0],"9":[2,0],"10":[2,0]}}
,"C:/Users/zeyad/Frontend-Dev-Packages-Registry/src/Components/GetGroups.tsx": {"path":"C:/Users/zeyad/Frontend-Dev-Packages-Registry/src/Components/GetGroups.tsx","statementMap":{"0":{"start":{"line":1,"column":39},"end":{"line":1,"column":null}},"1":{"start":{"line":1,"column":63},"end":{"line":1,"column":null}},"2":{"start":{"line":6,"column":28},"end":{"line":82,"column":2}},"3":{"start":{"line":6,"column":34},"end":{"line":6,"column":null}},"4":{"start":{"line":7,"column":30},"end":{"line":7,"column":null}},"5":{"start":{"line":8,"column":42},"end":{"line":8,"column":null}},"6":{"start":{"line":9,"column":46},"end":{"line":9,"column":null}},"7":{"start":{"line":12,"column":22},"end":{"line":39,"column":null}},"8":{"start":{"line":13,"column":4},"end":{"line":38,"column":null}},"9":{"start":{"line":14,"column":6},"end":{"line":14,"column":null}},"10":{"start":{"line":15,"column":6},"end":{"line":15,"column":null}},"11":{"start":{"line":17,"column":23},"end":{"line":17,"column":null}},"12":{"start":{"line":18,"column":6},"end":{"line":18,"column":null}},"13":{"start":{"line":19,"column":6},"end":{"line":19,"column":null}},"14":{"start":{"line":20,"column":6},"end":{"line":20,"column":null}},"15":{"start":{"line":22,"column":6},"end":{"line":37,"column":null}},"16":{"start":{"line":23,"column":27},"end":{"line":23,"column":null}},"17":{"start":{"line":24,"column":27},"end":{"line":24,"column":null}},"18":{"start":{"line":25,"column":26},"end":{"line":25,"column":null}},"19":{"start":{"line":26,"column":27},"end":{"line":26,"column":null}},"20":{"start":{"line":28,"column":8},"end":{"line":32,"column":null}},"21":{"start":{"line":29,"column":10},"end":{"line":29,"column":null}},"22":{"start":{"line":31,"column":10},"end":{"line":31,"column":null}},"23":{"start":{"line":34,"column":8},"end":{"line":34,"column":null}},"24":{"start":{"line":36,"column":8},"end":{"line":36,"column":null}},"25":{"start":{"line":42,"column":2},"end":{"line":44,"column":null}},"26":{"start":{"line":43,"column":4},"end":{"line":43,"column":null}},"27":{"start":{"line":46,"column":2},"end":{"line":80,"column":null}},"28":{"start":{"line":70,"column":14},"end":{"line":73,"column":null}},"29":{"start":{"line":82,"column":2},"end":{"line":6,"column":28}},"30":{"start":{"line":6,"column":25},"end":{"line":null,"column":-1}},"31":{"start":{"line":84,"column":25},"end":{"line":84,"column":null}}},"fnMap":{"0":{"name":"(anonymous_0)","decl":{"start":{"line":1,"column":63},"end":{"line":1,"column":null}},"loc":{"start":{"line":1,"column":63},"end":{"line":1,"column":null}}},"1":{"name":"(anonymous_1)","decl":{"start":{"line":6,"column":28},"end":{"line":6,"column":34}},"loc":{"start":{"line":6,"column":34},"end":{"line":82,"column":2}}},"2":{"name":"(anonymous_2)","decl":{"start":{"line":12,"column":34},"end":{"line":12,"column":46}},"loc":{"start":{"line":12,"column":46},"end":{"line":39,"column":5}}},"3":{"name":"(anonymous_3)","decl":{"start":{"line":42,"column":12},"end":{"line":42,"column":18}},"loc":{"start":{"line":42,"column":18},"end":{"line":44,"column":5}}},"4":{"name":"(anonymous_4)","decl":{"start":{"line":69,"column":24},"end":{"line":69,"column":25}},"loc":{"start":{"line":70,"column":14},"end":{"line":73,"column":null}}}},"branchMap":{"0":{"loc":{"start":{"line":1,"column":39},"end":{"line":1,"column":null}},"type":"binary-expr","locations":[{"start":{"line":1,"column":39},"end":{"line":1,"column":null}},{"start":{"line":1,"column":63},"end":{"line":1,"column":null}}]},"1":{"loc":{"start":{"line":1,"column":63},"end":{"line":1,"column":null}},"type":"if","locations":[{"start":{"line":1,"column":63},"end":{"line":1,"column":null}}]},"2":{"loc":{"start":{"line":1,"column":63},"end":{"line":1,"column":null}},"type":"binary-expr","locations":[{"start":{"line":1,"column":63},"end":{"line":1,"column":null}},{"start":{"line":1,"column":63},"end":{"line":1,"column":null}}]},"3":{"loc":{"start":{"line":22,"column":6},"end":{"line":37,"column":null}},"type":"if","locations":[{"start":{"line":22,"column":6},"end":{"line":37,"column":null}},{"start":{"line":35,"column":13},"end":{"line":37,"column":null}}]},"4":{"loc":{"start":{"line":24,"column":27},"end":{"line":24,"column":null}},"type":"binary-expr","locations":[{"start":{"line":24,"column":27},"end":{"line":24,"column":58}},{"start":{"line":24,"column":58},"end":{"line":24,"column":null}}]},"5":{"loc":{"start":{"line":28,"column":8},"end":{"line":32,"column":null}},"type":"if","locations":[{"start":{"line":28,"column":8},"end":{"line":32,"column":null}},{"start":{"line":30,"column":15},"end":{"line":32,"column":null}}]},"6":{"loc":{"start":{"line":28,"column":12},"end":{"line":28,"column":56}},"type":"binary-expr","locations":[{"start":{"line":28,"column":12},"end":{"line":28,"column":25}},{"start":{"line":28,"column":25},"end":{"line":28,"column":56}}]},"7":{"loc":{"start":{"line":29,"column":26},"end":{"line":29,"column":null}},"type":"binary-expr","locations":[{"start":{"line":29,"column":26},"end":{"line":29,"column":68}},{"start":{"line":29,"column":68},"end":{"line":29,"column":null}}]},"8":{"loc":{"start":{"line":51,"column":7},"end":{"line":54,"column":null}},"type":"binary-expr","locations":[{"start":{"line":51,"column":7},"end":{"line":51,"column":null}},{"start":{"line":52,"column":8},"end":{"line":54,"column":null}}]},"9":{"loc":{"start":{"line":58,"column":7},"end":{"line":61,"column":null}},"type":"binary-expr","locations":[{"start":{"line":58,"column":7},"end":{"line":58,"column":null}},{"start":{"line":59,"column":8},"end":{"line":61,"column":null}}]},"10":{"loc":{"start":{"line":65,"column":7},"end":{"line":78,"column":null}},"type":"cond-expr","locations":[{"start":{"line":66,"column":8},"end":{"line":76,"column":null}},{"start":{"line":78,"column":8},"end":{"line":78,"column":null}}]},"11":{"loc":{"start":{"line":78,"column":8},"end":{"line":78,"column":null}},"type":"binary-expr","locations":[{"start":{"line":78,"column":8},"end":{"line":78,"column":25}},{"start":{"line":78,"column":25},"end":{"line":78,"column":null}}]}},"s":{"0":1,"1":8,"2":1,"3":6,"4":6,"5":6,"6":6,"7":6,"8":2,"9":2,"10":2,"11":2,"12":2,"13":2,"14":2,"15":0,"16":0,"17":0,"18":0,"19":0,"20":0,"21":0,"22":0,"23":0,"24":0,"25":6,"26":2,"27":6,"28":0,"29":1,"30":1,"31":1},"f":{"0":1,"1":6,"2":2,"3":2,"4":0},"b":{"0":[1,0],"1":[1],"2":[1,1],"3":[0,0],"4":[0,0],"5":[0,0],"6":[0,0],"7":[0,0],"8":[6,4],"9":[6,0],"10":[0,6],"11":[6,6]}}
,"C:/Users/zeyad/Frontend-Dev-Packages-Registry/src/Components/GetHistory.tsx": {"path":"C:/Users/zeyad/Frontend-Dev-Packages-Registry/src/Components/GetHistory.tsx","statementMap":{"0":{"start":{"line":1,"column":37},"end":{"line":1,"column":null}},"1":{"start":{"line":1,"column":52},"end":{"line":1,"column":null}},"2":{"start":{"line":6,"column":36},"end":{"line":107,"column":2}},"3":{"start":{"line":6,"column":42},"end":{"line":6,"column":null}},"4":{"start":{"line":7,"column":36},"end":{"line":7,"column":null}},"5":{"start":{"line":8,"column":32},"end":{"line":8,"column":null}},"6":{"start":{"line":9,"column":42},"end":{"line":9,"column":null}},"7":{"start":{"line":10,"column":46},"end":{"line":10,"column":null}},"8":{"start":{"line":13,"column":23},"end":{"line":52,"column":null}},"9":{"start":{"line":14,"column":4},"end":{"line":19,"column":null}},"10":{"start":{"line":15,"column":6},"end":{"line":15,"column":null}},"11":{"start":{"line":16,"column":6},"end":{"line":16,"column":null}},"12":{"start":{"line":17,"column":6},"end":{"line":17,"column":null}},"13":{"start":{"line":18,"column":6},"end":{"line":18,"column":null}},"14":{"start":{"line":21,"column":4},"end":{"line":51,"column":null}},"15":{"start":{"line":22,"column":6},"end":{"line":22,"column":null}},"16":{"start":{"line":23,"column":6},"end":{"line":23,"column":null}},"17":{"start":{"line":24,"column":6},"end":{"line":24,"column":null}},"18":{"start":{"line":26,"column":40},"end":{"line":26,"column":null}},"19":{"start":{"line":29,"column":23},"end":{"line":29,"column":null}},"20":{"start":{"line":30,"column":6},"end":{"line":30,"column":null}},"21":{"start":{"line":31,"column":6},"end":{"line":31,"column":null}},"22":{"start":{"line":33,"column":6},"end":{"line":48,"column":null}},"23":{"start":{"line":34,"column":27},"end":{"line":34,"column":null}},"24":{"start":{"line":35,"column":27},"end":{"line":35,"column":null}},"25":{"start":{"line":36,"column":26},"end":{"line":36,"column":null}},"26":{"start":{"line":37,"column":27},"end":{"line":37,"column":null}},"27":{"start":{"line":39,"column":8},"end":{"line":43,"column":null}},"28":{"start":{"line":40,"column":10},"end":{"line":40,"column":null}},"29":{"start":{"line":42,"column":10},"end":{"line":42,"column":null}},"30":{"start":{"line":45,"column":8},"end":{"line":45,"column":null}},"31":{"start":{"line":47,"column":8},"end":{"line":47,"column":null}},"32":{"start":{"line":50,"column":6},"end":{"line":50,"column":null}},"33":{"start":{"line":54,"column":2},"end":{"line":105,"column":null}},"34":{"start":{"line":67,"column":27},"end":{"line":67,"column":70}},"35":{"start":{"line":96,"column":14},"end":{"line":100,"column":null}},"36":{"start":{"line":107,"column":2},"end":{"line":6,"column":36}},"37":{"start":{"line":6,"column":33},"end":{"line":null,"column":-1}},"38":{"start":{"line":109,"column":33},"end":{"line":109,"column":null}}},"fnMap":{"0":{"name":"(anonymous_0)","decl":{"start":{"line":1,"column":52},"end":{"line":1,"column":null}},"loc":{"start":{"line":1,"column":52},"end":{"line":1,"column":null}}},"1":{"name":"(anonymous_1)","decl":{"start":{"line":6,"column":36},"end":{"line":6,"column":42}},"loc":{"start":{"line":6,"column":42},"end":{"line":107,"column":2}}},"2":{"name":"(anonymous_2)","decl":{"start":{"line":13,"column":35},"end":{"line":13,"column":47}},"loc":{"start":{"line":13,"column":47},"end":{"line":52,"column":5}}},"3":{"name":"(anonymous_3)","decl":{"start":{"line":67,"column":20},"end":{"line":67,"column":21}},"loc":{"start":{"line":67,"column":27},"end":{"line":67,"column":70}}},"4":{"name":"(anonymous_4)","decl":{"start":{"line":95,"column":25},"end":{"line":95,"column":26}},"loc":{"start":{"line":96,"column":14},"end":{"line":100,"column":null}}}},"branchMap":{"0":{"loc":{"start":{"line":1,"column":37},"end":{"line":1,"column":null}},"type":"binary-expr","locations":[{"start":{"line":1,"column":37},"end":{"line":1,"column":null}},{"start":{"line":1,"column":52},"end":{"line":1,"column":null}}]},"1":{"loc":{"start":{"line":1,"column":52},"end":{"line":1,"column":null}},"type":"if","locations":[{"start":{"line":1,"column":52},"end":{"line":1,"column":null}}]},"2":{"loc":{"start":{"line":1,"column":52},"end":{"line":1,"column":null}},"type":"binary-expr","locations":[{"start":{"line":1,"column":52},"end":{"line":1,"column":null}},{"start":{"line":1,"column":52},"end":{"line":1,"column":null}}]},"3":{"loc":{"start":{"line":14,"column":4},"end":{"line":19,"column":null}},"type":"if","locations":[{"start":{"line":14,"column":4},"end":{"line":19,"column":null}}]},"4":{"loc":{"start":{"line":14,"column":8},"end":{"line":14,"column":53}},"type":"binary-expr","locations":[{"start":{"line":14,"column":8},"end":{"line":14,"column":22}},{"start":{"line":14,"column":22},"end":{"line":14,"column":53}}]},"5":{"loc":{"start":{"line":33,"column":6},"end":{"line":48,"column":null}},"type":"if","locations":[{"start":{"line":33,"column":6},"end":{"line":48,"column":null}},{"start":{"line":46,"column":13},"end":{"line":48,"column":null}}]},"6":{"loc":{"start":{"line":35,"column":27},"end":{"line":35,"column":null}},"type":"binary-expr","locations":[{"start":{"line":35,"column":27},"end":{"line":35,"column":58}},{"start":{"line":35,"column":58},"end":{"line":35,"column":null}}]},"7":{"loc":{"start":{"line":39,"column":8},"end":{"line":43,"column":null}},"type":"if","locations":[{"start":{"line":39,"column":8},"end":{"line":43,"column":null}},{"start":{"line":41,"column":15},"end":{"line":43,"column":null}}]},"8":{"loc":{"start":{"line":39,"column":12},"end":{"line":39,"column":56}},"type":"binary-expr","locations":[{"start":{"line":39,"column":12},"end":{"line":39,"column":25}},{"start":{"line":39,"column":25},"end":{"line":39,"column":56}}]},"9":{"loc":{"start":{"line":40,"column":26},"end":{"line":40,"column":null}},"type":"binary-expr","locations":[{"start":{"line":40,"column":26},"end":{"line":40,"column":68}},{"start":{"line":40,"column":68},"end":{"line":40,"column":null}}]},"10":{"loc":{"start":{"line":67,"column":40},"end":{"line":67,"column":68}},"type":"binary-expr","locations":[{"start":{"line":67,"column":40},"end":{"line":67,"column":66}},{"start":{"line":67,"column":66},"end":{"line":67,"column":68}}]},"11":{"loc":{"start":{"line":77,"column":7},"end":{"line":80,"column":null}},"type":"binary-expr","locations":[{"start":{"line":77,"column":7},"end":{"line":77,"column":null}},{"start":{"line":78,"column":8},"end":{"line":80,"column":null}}]},"12":{"loc":{"start":{"line":84,"column":7},"end":{"line":87,"column":null}},"type":"binary-expr","locations":[{"start":{"line":84,"column":7},"end":{"line":84,"column":null}},{"start":{"line":85,"column":8},"end":{"line":87,"column":null}}]},"13":{"loc":{"start":{"line":91,"column":7},"end":{"line":103,"column":null}},"type":"binary-expr","locations":[{"start":{"line":91,"column":7},"end":{"line":91,"column":null}},{"start":{"line":92,"column":8},"end":{"line":103,"column":null}}]}},"s":{"0":1,"1":8,"2":1,"3":2,"4":2,"5":2,"6":2,"7":2,"8":2,"9":0,"10":0,"11":0,"12":0,"13":0,"14":0,"15":0,"16":0,"17":0,"18":0,"19":0,"20":0,"21":0,"22":0,"23":0,"24":0,"25":0,"26":0,"27":0,"28":0,"29":0,"30":0,"31":0,"32":0,"33":2,"34":0,"35":0,"36":1,"37":1,"38":1},"f":{"0":1,"1":2,"2":0,"3":0,"4":0},"b":{"0":[1,0],"1":[1],"2":[1,1],"3":[0],"4":[0,0],"5":[0,0],"6":[0,0],"7":[0,0],"8":[0,0],"9":[0,0],"10":[0,0],"11":[2,0],"12":[2,0],"13":[2,0]}}
,"C:/Users/zeyad/Frontend-Dev-Packages-Registry/src/Components/GetPermissions.tsx": {"path":"C:/Users/zeyad/Frontend-Dev-Packages-Registry/src/Components/GetPermissions.tsx","statementMap":{"0":{"start":{"line":1,"column":39},"end":{"line":1,"column":null}},"1":{"start":{"line":1,"column":63},"end":{"line":1,"column":null}},"2":{"start":{"line":6,"column":37},"end":{"line":114,"column":2}},"3":{"start":{"line":6,"column":43},"end":{"line":6,"column":null}},"4":{"start":{"line":7,"column":30},"end":{"line":7,"column":null}},"5":{"start":{"line":8,"column":40},"end":{"line":8,"column":null}},"6":{"start":{"line":9,"column":42},"end":{"line":9,"column":null}},"7":{"start":{"line":10,"column":46},"end":{"line":10,"column":null}},"8":{"start":{"line":13,"column":2},"end":{"line":15,"column":null}},"9":{"start":{"line":14,"column":4},"end":{"line":14,"column":null}},"10":{"start":{"line":18,"column":27},"end":{"line":62,"column":null}},"11":{"start":{"line":19,"column":4},"end":{"line":24,"column":null}},"12":{"start":{"line":20,"column":6},"end":{"line":20,"column":null}},"13":{"start":{"line":21,"column":6},"end":{"line":21,"column":null}},"14":{"start":{"line":22,"column":6},"end":{"line":22,"column":null}},"15":{"start":{"line":23,"column":6},"end":{"line":23,"column":null}},"16":{"start":{"line":26,"column":4},"end":{"line":61,"column":null}},"17":{"start":{"line":27,"column":6},"end":{"line":27,"column":null}},"18":{"start":{"line":28,"column":6},"end":{"line":28,"column":null}},"19":{"start":{"line":29,"column":6},"end":{"line":29,"column":null}},"20":{"start":{"line":32,"column":23},"end":{"line":32,"column":null}},"21":{"start":{"line":33,"column":6},"end":{"line":33,"column":null}},"22":{"start":{"line":35,"column":6},"end":{"line":39,"column":null}},"23":{"start":{"line":36,"column":8},"end":{"line":36,"column":null}},"24":{"start":{"line":38,"column":8},"end":{"line":38,"column":null}},"25":{"start":{"line":41,"column":6},"end":{"line":41,"column":null}},"26":{"start":{"line":43,"column":6},"end":{"line":58,"column":null}},"27":{"start":{"line":44,"column":27},"end":{"line":44,"column":null}},"28":{"start":{"line":45,"column":27},"end":{"line":45,"column":null}},"29":{"start":{"line":46,"column":26},"end":{"line":46,"column":null}},"30":{"start":{"line":47,"column":27},"end":{"line":47,"column":null}},"31":{"start":{"line":49,"column":8},"end":{"line":53,"column":null}},"32":{"start":{"line":50,"column":10},"end":{"line":50,"column":null}},"33":{"start":{"line":52,"column":10},"end":{"line":52,"column":null}},"34":{"start":{"line":55,"column":8},"end":{"line":55,"column":null}},"35":{"start":{"line":57,"column":8},"end":{"line":57,"column":null}},"36":{"start":{"line":60,"column":6},"end":{"line":60,"column":null}},"37":{"start":{"line":64,"column":2},"end":{"line":112,"column":null}},"38":{"start":{"line":77,"column":27},"end":{"line":77,"column":null}},"39":{"start":{"line":114,"column":2},"end":{"line":6,"column":37}},"40":{"start":{"line":6,"column":34},"end":{"line":null,"column":-1}},"41":{"start":{"line":116,"column":34},"end":{"line":116,"column":null}}},"fnMap":{"0":{"name":"(anonymous_0)","decl":{"start":{"line":1,"column":63},"end":{"line":1,"column":null}},"loc":{"start":{"line":1,"column":63},"end":{"line":1,"column":null}}},"1":{"name":"(anonymous_1)","decl":{"start":{"line":6,"column":37},"end":{"line":6,"column":43}},"loc":{"start":{"line":6,"column":43},"end":{"line":114,"column":2}}},"2":{"name":"(anonymous_2)","decl":{"start":{"line":13,"column":12},"end":{"line":13,"column":18}},"loc":{"start":{"line":13,"column":18},"end":{"line":15,"column":5}}},"3":{"name":"(anonymous_3)","decl":{"start":{"line":18,"column":39},"end":{"line":18,"column":51}},"loc":{"start":{"line":18,"column":51},"end":{"line":62,"column":5}}},"4":{"name":"(anonymous_4)","decl":{"start":{"line":77,"column":20},"end":{"line":77,"column":21}},"loc":{"start":{"line":77,"column":27},"end":{"line":77,"column":null}}}},"branchMap":{"0":{"loc":{"start":{"line":1,"column":39},"end":{"line":1,"column":null}},"type":"binary-expr","locations":[{"start":{"line":1,"column":39},"end":{"line":1,"column":null}},{"start":{"line":1,"column":63},"end":{"line":1,"column":null}}]},"1":{"loc":{"start":{"line":1,"column":63},"end":{"line":1,"column":null}},"type":"if","locations":[{"start":{"line":1,"column":63},"end":{"line":1,"column":null}}]},"2":{"loc":{"start":{"line":1,"column":63},"end":{"line":1,"column":null}},"type":"binary-expr","locations":[{"start":{"line":1,"column":63},"end":{"line":1,"column":null}},{"start":{"line":1,"column":63},"end":{"line":1,"column":null}}]},"3":{"loc":{"start":{"line":19,"column":4},"end":{"line":24,"column":null}},"type":"if","locations":[{"start":{"line":19,"column":4},"end":{"line":24,"column":null}}]},"4":{"loc":{"start":{"line":35,"column":6},"end":{"line":39,"column":null}},"type":"if","locations":[{"start":{"line":35,"column":6},"end":{"line":39,"column":null}},{"start":{"line":37,"column":13},"end":{"line":39,"column":null}}]},"5":{"loc":{"start":{"line":43,"column":6},"end":{"line":58,"column":null}},"type":"if","locations":[{"start":{"line":43,"column":6},"end":{"line":58,"column":null}},{"start":{"line":56,"column":13},"end":{"line":58,"column":null}}]},"6":{"loc":{"start":{"line":45,"column":27},"end":{"line":45,"column":null}},"type":"binary-expr","locations":[{"start":{"line":45,"column":27},"end":{"line":45,"column":58}},{"start":{"line":45,"column":58},"end":{"line":45,"column":null}}]},"7":{"loc":{"start":{"line":49,"column":8},"end":{"line":53,"column":null}},"type":"if","locations":[{"start":{"line":49,"column":8},"end":{"line":53,"column":null}},{"start":{"line":51,"column":15},"end":{"line":53,"column":null}}]},"8":{"loc":{"start":{"line":49,"column":12},"end":{"line":49,"column":56}},"type":"binary-expr","locations":[{"start":{"line":49,"column":12},"end":{"line":49,"column":25}},{"start":{"line":49,"column":25},"end":{"line":49,"column":56}}]},"9":{"loc":{"start":{"line":50,"column":26},"end":{"line":50,"column":null}},"type":"binary-expr","locations":[{"start":{"line":50,"column":26},"end":{"line":50,"column":68}},{"start":{"line":50,"column":68},"end":{"line":50,"column":null}}]},"10":{"loc":{"start":{"line":88,"column":7},"end":{"line":91,"column":null}},"type":"binary-expr","locations":[{"start":{"line":88,"column":7},"end":{"line":88,"column":null}},{"start":{"line":89,"column":8},"end":{"line":91,"column":null}}]},"11":{"loc":{"start":{"line":95,"column":7},"end":{"line":98,"column":null}},"type":"binary-expr","locations":[{"start":{"line":95,"column":7},"end":{"line":95,"column":null}},{"start":{"line":96,"column":8},"end":{"line":98,"column":null}}]},"12":{"loc":{"start":{"line":102,"column":7},"end":{"line":110,"column":null}},"type":"binary-expr","locations":[{"start":{"line":102,"column":7},"end":{"line":102,"column":null}},{"start":{"line":103,"column":8},"end":{"line":110,"column":null}}]},"13":{"loc":{"start":{"line":106,"column":48},"end":{"line":106,"column":88}},"type":"cond-expr","locations":[{"start":{"line":106,"column":75},"end":{"line":106,"column":83}},{"start":{"line":106,"column":83},"end":{"line":106,"column":88}}]},"14":{"loc":{"start":{"line":107,"column":46},"end":{"line":107,"column":84}},"type":"cond-expr","locations":[{"start":{"line":107,"column":71},"end":{"line":107,"column":79}},{"start":{"line":107,"column":79},"end":{"line":107,"column":84}}]},"15":{"loc":{"start":{"line":108,"column":46},"end":{"line":108,"column":84}},"type":"cond-expr","locations":[{"start":{"line":108,"column":71},"end":{"line":108,"column":79}},{"start":{"line":108,"column":79},"end":{"line":108,"column":84}}]}},"s":{"0":1,"1":8,"2":1,"3":2,"4":2,"5":2,"6":2,"7":2,"8":2,"9":2,"10":2,"11":0,"12":0,"13":0,"14":0,"15":0,"16":0,"17":0,"18":0,"19":0,"20":0,"21":0,"22":0,"23":0,"24":0,"25":0,"26":0,"27":0,"28":0,"29":0,"30":0,"31":0,"32":0,"33":0,"34":0,"35":0,"36":0,"37":2,"38":0,"39":1,"40":1,"41":1},"f":{"0":1,"1":2,"2":2,"3":0,"4":0},"b":{"0":[1,0],"1":[1],"2":[1,1],"3":[0],"4":[0,0],"5":[0,0],"6":[0,0],"7":[0,0],"8":[0,0],"9":[0,0],"10":[2,0],"11":[2,0],"12":[2,0],"13":[0,0],"14":[0,0],"15":[0,0]}}
,"C:/Users/zeyad/Frontend-Dev-Packages-Registry/src/Components/GetUsersInGroup.tsx": {"path":"C:/Users/zeyad/Frontend-Dev-Packages-Registry/src/Components/GetUsersInGroup.tsx","statementMap":{"0":{"start":{"line":1,"column":37},"end":{"line":1,"column":null}},"1":{"start":{"line":1,"column":52},"end":{"line":1,"column":null}},"2":{"start":{"line":6,"column":34},"end":{"line":111,"column":2}},"3":{"start":{"line":6,"column":40},"end":{"line":6,"column":null}},"4":{"start":{"line":7,"column":32},"end":{"line":7,"column":null}},"5":{"start":{"line":8,"column":28},"end":{"line":8,"column":null}},"6":{"start":{"line":9,"column":42},"end":{"line":9,"column":null}},"7":{"start":{"line":10,"column":46},"end":{"line":10,"column":null}},"8":{"start":{"line":13,"column":21},"end":{"line":55,"column":null}},"9":{"start":{"line":14,"column":4},"end":{"line":19,"column":null}},"10":{"start":{"line":15,"column":6},"end":{"line":15,"column":null}},"11":{"start":{"line":16,"column":6},"end":{"line":16,"column":null}},"12":{"start":{"line":17,"column":6},"end":{"line":17,"column":null}},"13":{"start":{"line":18,"column":6},"end":{"line":18,"column":null}},"14":{"start":{"line":21,"column":4},"end":{"line":54,"column":null}},"15":{"start":{"line":22,"column":6},"end":{"line":22,"column":null}},"16":{"start":{"line":23,"column":6},"end":{"line":23,"column":null}},"17":{"start":{"line":26,"column":28},"end":{"line":26,"column":null}},"18":{"start":{"line":27,"column":6},"end":{"line":30,"column":null}},"19":{"start":{"line":28,"column":8},"end":{"line":28,"column":null}},"20":{"start":{"line":29,"column":8},"end":{"line":29,"column":null}},"21":{"start":{"line":32,"column":23},"end":{"line":32,"column":null}},"22":{"start":{"line":33,"column":6},"end":{"line":33,"column":null}},"23":{"start":{"line":35,"column":6},"end":{"line":35,"column":null}},"24":{"start":{"line":36,"column":6},"end":{"line":36,"column":null}},"25":{"start":{"line":38,"column":6},"end":{"line":53,"column":null}},"26":{"start":{"line":39,"column":27},"end":{"line":39,"column":null}},"27":{"start":{"line":40,"column":27},"end":{"line":40,"column":null}},"28":{"start":{"line":41,"column":26},"end":{"line":41,"column":null}},"29":{"start":{"line":42,"column":27},"end":{"line":42,"column":null}},"30":{"start":{"line":44,"column":8},"end":{"line":48,"column":null}},"31":{"start":{"line":45,"column":10},"end":{"line":45,"column":null}},"32":{"start":{"line":47,"column":10},"end":{"line":47,"column":null}},"33":{"start":{"line":50,"column":8},"end":{"line":50,"column":null}},"34":{"start":{"line":52,"column":8},"end":{"line":52,"column":null}},"35":{"start":{"line":57,"column":2},"end":{"line":109,"column":null}},"36":{"start":{"line":70,"column":27},"end":{"line":70,"column":54}},"37":{"start":{"line":99,"column":14},"end":{"line":102,"column":null}},"38":{"start":{"line":111,"column":2},"end":{"line":6,"column":34}},"39":{"start":{"line":6,"column":31},"end":{"line":null,"column":-1}},"40":{"start":{"line":113,"column":31},"end":{"line":113,"column":null}}},"fnMap":{"0":{"name":"(anonymous_0)","decl":{"start":{"line":1,"column":52},"end":{"line":1,"column":null}},"loc":{"start":{"line":1,"column":52},"end":{"line":1,"column":null}}},"1":{"name":"(anonymous_1)","decl":{"start":{"line":6,"column":34},"end":{"line":6,"column":40}},"loc":{"start":{"line":6,"column":40},"end":{"line":111,"column":2}}},"2":{"name":"(anonymous_2)","decl":{"start":{"line":13,"column":33},"end":{"line":13,"column":45}},"loc":{"start":{"line":13,"column":45},"end":{"line":55,"column":5}}},"3":{"name":"(anonymous_3)","decl":{"start":{"line":70,"column":20},"end":{"line":70,"column":21}},"loc":{"start":{"line":70,"column":27},"end":{"line":70,"column":54}}},"4":{"name":"(anonymous_4)","decl":{"start":{"line":98,"column":23},"end":{"line":98,"column":24}},"loc":{"start":{"line":99,"column":14},"end":{"line":102,"column":null}}}},"branchMap":{"0":{"loc":{"start":{"line":1,"column":37},"end":{"line":1,"column":null}},"type":"binary-expr","locations":[{"start":{"line":1,"column":37},"end":{"line":1,"column":null}},{"start":{"line":1,"column":52},"end":{"line":1,"column":null}}]},"1":{"loc":{"start":{"line":1,"column":52},"end":{"line":1,"column":null}},"type":"if","locations":[{"start":{"line":1,"column":52},"end":{"line":1,"column":null}}]},"2":{"loc":{"start":{"line":1,"column":52},"end":{"line":1,"column":null}},"type":"binary-expr","locations":[{"start":{"line":1,"column":52},"end":{"line":1,"column":null}},{"start":{"line":1,"column":52},"end":{"line":1,"column":null}}]},"3":{"loc":{"start":{"line":14,"column":4},"end":{"line":19,"column":null}},"type":"if","locations":[{"start":{"line":14,"column":4},"end":{"line":19,"column":null}}]},"4":{"loc":{"start":{"line":27,"column":6},"end":{"line":30,"column":null}},"type":"if","locations":[{"start":{"line":27,"column":6},"end":{"line":30,"column":null}}]},"5":{"loc":{"start":{"line":38,"column":6},"end":{"line":53,"column":null}},"type":"if","locations":[{"start":{"line":38,"column":6},"end":{"line":53,"column":null}},{"start":{"line":51,"column":13},"end":{"line":53,"column":null}}]},"6":{"loc":{"start":{"line":40,"column":27},"end":{"line":40,"column":null}},"type":"binary-expr","locations":[{"start":{"line":40,"column":27},"end":{"line":40,"column":58}},{"start":{"line":40,"column":58},"end":{"line":40,"column":null}}]},"7":{"loc":{"start":{"line":44,"column":8},"end":{"line":48,"column":null}},"type":"if","locations":[{"start":{"line":44,"column":8},"end":{"line":48,"column":null}},{"start":{"line":46,"column":15},"end":{"line":48,"column":null}}]},"8":{"loc":{"start":{"line":44,"column":12},"end":{"line":44,"column":56}},"type":"binary-expr","locations":[{"start":{"line":44,"column":12},"end":{"line":44,"column":25}},{"start":{"line":44,"column":25},"end":{"line":44,"column":56}}]},"9":{"loc":{"start":{"line":45,"column":26},"end":{"line":45,"column":null}},"type":"binary-expr","locations":[{"start":{"line":45,"column":26},"end":{"line":45,"column":68}},{"start":{"line":45,"column":68},"end":{"line":45,"column":null}}]},"10":{"loc":{"start":{"line":80,"column":7},"end":{"line":83,"column":null}},"type":"binary-expr","locations":[{"start":{"line":80,"column":7},"end":{"line":80,"column":null}},{"start":{"line":81,"column":8},"end":{"line":83,"column":null}}]},"11":{"loc":{"start":{"line":87,"column":7},"end":{"line":90,"column":null}},"type":"binary-expr","locations":[{"start":{"line":87,"column":7},"end":{"line":87,"column":null}},{"start":{"line":88,"column":8},"end":{"line":90,"column":null}}]},"12":{"loc":{"start":{"line":94,"column":7},"end":{"line":107,"column":null}},"type":"cond-expr","locations":[{"start":{"line":95,"column":8},"end":{"line":105,"column":null}},{"start":{"line":107,"column":8},"end":{"line":107,"column":null}}]},"13":{"loc":{"start":{"line":107,"column":8},"end":{"line":107,"column":null}},"type":"binary-expr","locations":[{"start":{"line":107,"column":8},"end":{"line":107,"column":25}},{"start":{"line":107,"column":25},"end":{"line":107,"column":43}},{"start":{"line":107,"column":43},"end":{"line":107,"column":null}}]}},"s":{"0":1,"1":8,"2":1,"3":2,"4":2,"5":2,"6":2,"7":2,"8":2,"9":0,"10":0,"11":0,"12":0,"13":0,"14":0,"15":0,"16":0,"17":0,"18":0,"19":0,"20":0,"21":0,"22":0,"23":0,"24":0,"25":0,"26":0,"27":0,"28":0,"29":0,"30":0,"31":0,"32":0,"33":0,"34":0,"35":2,"36":0,"37":0,"38":1,"39":1,"40":1},"f":{"0":1,"1":2,"2":0,"3":0,"4":0},"b":{"0":[1,0],"1":[1],"2":[1,1],"3":[0],"4":[0],"5":[0,0],"6":[0,0],"7":[0,0],"8":[0,0],"9":[0,0],"10":[2,0],"11":[2,0],"12":[0,2],"13":[2,2,0]}}
,"C:/Users/zeyad/Frontend-Dev-Packages-Registry/src/Components/Logout.tsx": {"path":"C:/Users/zeyad/Frontend-Dev-Packages-Registry/src/Components/Logout.tsx","statementMap":{"0":{"start":{"line":1,"column":39},"end":{"line":1,"column":null}},"1":{"start":{"line":9,"column":38},"end":{"line":47,"column":5}},"2":{"start":{"line":9,"column":57},"end":{"line":9,"column":null}},"3":{"start":{"line":10,"column":34},"end":{"line":10,"column":null}},"4":{"start":{"line":11,"column":44},"end":{"line":11,"column":null}},"5":{"start":{"line":13,"column":24},"end":{"line":36,"column":null}},"6":{"start":{"line":14,"column":8},"end":{"line":35,"column":null}},"7":{"start":{"line":15,"column":23},"end":{"line":15,"column":null}},"8":{"start":{"line":16,"column":8},"end":{"line":16,"column":null}},"9":{"start":{"line":17,"column":8},"end":{"line":17,"column":null}},"10":{"start":{"line":18,"column":8},"end":{"line":18,"column":null}},"11":{"start":{"line":20,"column":8},"end":{"line":33,"column":null}},"12":{"start":{"line":21,"column":31},"end":{"line":21,"column":null}},"13":{"start":{"line":22,"column":31},"end":{"line":22,"column":null}},"14":{"start":{"line":23,"column":30},"end":{"line":23,"column":null}},"15":{"start":{"line":24,"column":31},"end":{"line":24,"column":null}},"16":{"start":{"line":25,"column":12},"end":{"line":29,"column":null}},"17":{"start":{"line":26,"column":12},"end":{"line":26,"column":null}},"18":{"start":{"line":28,"column":12},"end":{"line":28,"column":null}},"19":{"start":{"line":30,"column":12},"end":{"line":30,"column":null}},"20":{"start":{"line":32,"column":12},"end":{"line":32,"column":null}},"21":{"start":{"line":34,"column":8},"end":{"line":34,"column":null}},"22":{"start":{"line":38,"column":4},"end":{"line":45,"column":null}},"23":{"start":{"line":47,"column":5},"end":{"line":9,"column":38}},"24":{"start":{"line":9,"column":35},"end":{"line":null,"column":-1}},"25":{"start":{"line":49,"column":22},"end":{"line":49,"column":null}}},"fnMap":{"0":{"name":"(anonymous_0)","decl":{"start":{"line":1,"column":39},"end":{"line":1,"column":null}},"loc":{"start":{"line":1,"column":39},"end":{"line":1,"column":null}}},"1":{"name":"(anonymous_1)","decl":{"start":{"line":9,"column":38},"end":{"line":9,"column":39}},"loc":{"start":{"line":9,"column":57},"end":{"line":47,"column":5}}},"2":{"name":"(anonymous_2)","decl":{"start":{"line":13,"column":24},"end":{"line":13,"column":36}},"loc":{"start":{"line":13,"column":36},"end":{"line":36,"column":null}}}},"branchMap":{"0":{"loc":{"start":{"line":1,"column":39},"end":{"line":1,"column":null}},"type":"binary-expr","locations":[{"start":{"line":1,"column":39},"end":{"line":1,"column":null}},{"start":{"line":1,"column":39},"end":{"line":1,"column":null}}]},"1":{"loc":{"start":{"line":1,"column":39},"end":{"line":1,"column":null}},"type":"if","locations":[{"start":{"line":1,"column":39},"end":{"line":1,"column":null}}]},"2":{"loc":{"start":{"line":20,"column":8},"end":{"line":33,"column":null}},"type":"if","locations":[{"start":{"line":20,"column":8},"end":{"line":33,"column":null}},{"start":{"line":31,"column":15},"end":{"line":33,"column":null}}]},"3":{"loc":{"start":{"line":22,"column":31},"end":{"line":22,"column":null}},"type":"binary-expr","locations":[{"start":{"line":22,"column":31},"end":{"line":22,"column":62}},{"start":{"line":22,"column":62},"end":{"line":22,"column":null}}]},"4":{"loc":{"start":{"line":25,"column":12},"end":{"line":29,"column":null}},"type":"if","locations":[{"start":{"line":25,"column":12},"end":{"line":29,"column":null}},{"start":{"line":27,"column":19},"end":{"line":29,"column":null}}]},"5":{"loc":{"start":{"line":25,"column":16},"end":{"line":25,"column":60}},"type":"binary-expr","locations":[{"start":{"line":25,"column":16},"end":{"line":25,"column":29}},{"start":{"line":25,"column":29},"end":{"line":25,"column":60}}]},"6":{"loc":{"start":{"line":26,"column":28},"end":{"line":26,"column":null}},"type":"binary-expr","locations":[{"start":{"line":26,"column":28},"end":{"line":26,"column":70}},{"start":{"line":26,"column":70},"end":{"line":26,"column":null}}]},"7":{"loc":{"start":{"line":43,"column":9},"end":{"line":43,"column":null}},"type":"binary-expr","locations":[{"start":{"line":43,"column":9},"end":{"line":43,"column":25}},{"start":{"line":43,"column":25},"end":{"line":43,"column":null}}]},"8":{"loc":{"start":{"line":44,"column":9},"end":{"line":44,"column":null}},"type":"binary-expr","locations":[{"start":{"line":44,"column":9},"end":{"line":44,"column":20}},{"start":{"line":44,"column":20},"end":{"line":44,"column":null}}]}},"s":{"0":9,"1":1,"2":20,"3":20,"4":20,"5":20,"6":0,"7":0,"8":0,"9":0,"10":0,"11":0,"12":0,"13":0,"14":0,"15":0,"16":0,"17":0,"18":0,"19":0,"20":0,"21":0,"22":20,"23":1,"24":1,"25":1},"f":{"0":1,"1":20,"2":0},"b":{"0":[2,1],"1":[1],"2":[0,0],"3":[0,0],"4":[0,0],"5":[0,0],"6":[0,0],"7":[20,0],"8":[20,0]}}
,"C:/Users/zeyad/Frontend-Dev-Packages-Registry/src/Components/PackageCost.tsx": {"path":"C:/Users/zeyad/Frontend-Dev-Packages-Registry/src/Components/PackageCost.tsx","statementMap":{"0":{"start":{"line":1,"column":39},"end":{"line":1,"column":null}},"1":{"start":{"line":6,"column":30},"end":{"line":93,"column":2}},"2":{"start":{"line":6,"column":36},"end":{"line":6,"column":null}},"3":{"start":{"line":7,"column":22},"end":{"line":7,"column":null}},"4":{"start":{"line":8,"column":26},"end":{"line":8,"column":null}},"5":{"start":{"line":9,"column":42},"end":{"line":9,"column":null}},"6":{"start":{"line":11,"column":20},"end":{"line":33,"column":null}},"7":{"start":{"line":12,"column":4},"end":{"line":32,"column":null}},"8":{"start":{"line":13,"column":21},"end":{"line":13,"column":null}},"9":{"start":{"line":14,"column":6},"end":{"line":14,"column":null}},"10":{"start":{"line":15,"column":6},"end":{"line":15,"column":null}},"11":{"start":{"line":17,"column":6},"end":{"line":30,"column":null}},"12":{"start":{"line":18,"column":27},"end":{"line":18,"column":null}},"13":{"start":{"line":19,"column":27},"end":{"line":19,"column":null}},"14":{"start":{"line":20,"column":26},"end":{"line":20,"column":null}},"15":{"start":{"line":21,"column":27},"end":{"line":21,"column":null}},"16":{"start":{"line":22,"column":8},"end":{"line":26,"column":null}},"17":{"start":{"line":23,"column":10},"end":{"line":23,"column":null}},"18":{"start":{"line":25,"column":10},"end":{"line":25,"column":null}},"19":{"start":{"line":27,"column":8},"end":{"line":27,"column":null}},"20":{"start":{"line":29,"column":8},"end":{"line":29,"column":null}},"21":{"start":{"line":31,"column":6},"end":{"line":31,"column":null}},"22":{"start":{"line":35,"column":2},"end":{"line":91,"column":null}},"23":{"start":{"line":49,"column":29},"end":{"line":49,"column":51}},"24":{"start":{"line":77,"column":16},"end":{"line":85,"column":null}},"25":{"start":{"line":93,"column":2},"end":{"line":6,"column":30}},"26":{"start":{"line":6,"column":27},"end":{"line":null,"column":-1}},"27":{"start":{"line":95,"column":27},"end":{"line":95,"column":null}}},"fnMap":{"0":{"name":"(anonymous_0)","decl":{"start":{"line":1,"column":39},"end":{"line":1,"column":null}},"loc":{"start":{"line":1,"column":39},"end":{"line":1,"column":null}}},"1":{"name":"(anonymous_1)","decl":{"start":{"line":6,"column":30},"end":{"line":6,"column":36}},"loc":{"start":{"line":6,"column":36},"end":{"line":93,"column":2}}},"2":{"name":"(anonymous_2)","decl":{"start":{"line":11,"column":20},"end":{"line":11,"column":32}},"loc":{"start":{"line":11,"column":32},"end":{"line":33,"column":null}}},"3":{"name":"(anonymous_3)","decl":{"start":{"line":49,"column":22},"end":{"line":49,"column":23}},"loc":{"start":{"line":49,"column":29},"end":{"line":49,"column":51}}},"4":{"name":"(anonymous_4)","decl":{"start":{"line":76,"column":40},"end":{"line":76,"column":41}},"loc":{"start":{"line":77,"column":16},"end":{"line":85,"column":null}}}},"branchMap":{"0":{"loc":{"start":{"line":1,"column":39},"end":{"line":1,"column":null}},"type":"binary-expr","locations":[{"start":{"line":1,"column":39},"end":{"line":1,"column":null}},{"start":{"
[...]
ne":37,"column":6},"end":{"line":50,"column":null}},{"start":{"line":48,"column":13},"end":{"line":50,"column":null}}]},"5":{"loc":{"start":{"line":39,"column":27},"end":{"line":39,"column":null}},"type":"binary-expr","locations":[{"start":{"line":39,"column":27},"end":{"line":39,"column":58}},{"start":{"line":39,"column":58},"end":{"line":39,"column":null}}]},"6":{"loc":{"start":{"line":42,"column":8},"end":{"line":46,"column":null}},"type":"if","locations":[{"start":{"line":42,"column":8},"end":{"line":46,"column":null}},{"start":{"line":44,"column":15},"end":{"line":46,"column":null}}]},"7":{"loc":{"start":{"line":42,"column":12},"end":{"line":42,"column":56}},"type":"binary-expr","locations":[{"start":{"line":42,"column":12},"end":{"line":42,"column":25}},{"start":{"line":42,"column":25},"end":{"line":42,"column":56}}]},"8":{"loc":{"start":{"line":43,"column":26},"end":{"line":43,"column":null}},"type":"binary-expr","locations":[{"start":{"line":43,"column":26},"end":{"line":43,"column":68}},{"start":{"line":43,"column":68},"end":{"line":43,"column":null}}]},"9":{"loc":{"start":{"line":114,"column":7},"end":{"line":117,"column":null}},"type":"binary-expr","locations":[{"start":{"line":114,"column":7},"end":{"line":114,"column":null}},{"start":{"line":115,"column":8},"end":{"line":117,"column":null}}]},"10":{"loc":{"start":{"line":121,"column":7},"end":{"line":124,"column":null}},"type":"binary-expr","locations":[{"start":{"line":121,"column":7},"end":{"line":121,"column":null}},{"start":{"line":122,"column":8},"end":{"line":124,"column":null}}]}},"s":{"0":1,"1":8,"2":1,"3":2,"4":2,"5":2,"6":2,"7":2,"8":2,"9":0,"10":0,"11":2,"12":0,"13":0,"14":0,"15":0,"16":0,"17":0,"18":0,"19":0,"20":0,"21":0,"22":0,"23":0,"24":0,"25":0,"26":0,"27":0,"28":0,"29":0,"30":0,"31":2,"32":0,"33":0,"34":0,"35":0,"36":1,"37":1,"38":1},"f":{"0":1,"1":2,"2":0,"3":0,"4":0,"5":0,"6":0,"7":0,"8":0},"b":{"0":[1,0],"1":[1],"2":[1,1],"3":[0],"4":[0,0],"5":[0,0],"6":[0,0],"7":[0,0],"8":[0,0],"9":[2,0],"10":[2,0]}}
,"C:/Users/zeyad/Frontend-Dev-Packages-Registry/src/Components/UploadPackage.tsx": {"path":"C:/Users/zeyad/Frontend-Dev-Packages-Registry/src/Components/UploadPackage.tsx","statementMap":{"0":{"start":{"line":1,"column":39},"end":{"line":1,"column":null}},"1":{"start":{"line":6,"column":32},"end":{"line":110,"column":2}},"2":{"start":{"line":6,"column":38},"end":{"line":6,"column":null}},"3":{"start":{"line":7,"column":40},"end":{"line":13,"column":null}},"4":{"start":{"line":14,"column":42},"end":{"line":14,"column":null}},"5":{"start":{"line":16,"column":27},"end":{"line":27,"column":null}},"6":{"start":{"line":17,"column":17},"end":{"line":17,"column":null}},"7":{"start":{"line":18,"column":4},"end":{"line":26,"column":null}},"8":{"start":{"line":19,"column":21},"end":{"line":19,"column":null}},"9":{"start":{"line":20,"column":6},"end":{"line":24,"column":null}},"10":{"start":{"line":21,"column":8},"end":{"line":23,"column":null}},"11":{"start":{"line":22,"column":10},"end":{"line":22,"column":null}},"12":{"start":{"line":25,"column":6},"end":{"line":25,"column":null}},"13":{"start":{"line":29,"column":23},"end":{"line":59,"column":null}},"14":{"start":{"line":30,"column":4},"end":{"line":58,"column":null}},"15":{"start":{"line":31,"column":21},"end":{"line":31,"column":null}},"16":{"start":{"line":32,"column":6},"end":{"line":32,"column":null}},"17":{"start":{"line":33,"column":29},"end":{"line":33,"column":null}},"18":{"start":{"line":34,"column":6},"end":{"line":34,"column":null}},"19":{"start":{"line":35,"column":6},"end":{"line":35,"column":null}},"20":{"start":{"line":36,"column":6},"end":{"line":39,"column":null}},"21":{"start":{"line":37,"column":8},"end":{"line":37,"column":46}},"22":{"start":{"line":39,"column":8},"end":{"line":39,"column":46}},"23":{"start":{"line":40,"column":6},"end":{"line":40,"column":null}},"24":{"start":{"line":41,"column":6},"end":{"line":41,"column":null}},"25":{"start":{"line":41,"column":23},"end":{"line":41,"column":48}},"26":{"start":{"line":43,"column":6},"end":{"line":56,"column":null}},"27":{"start":{"line":44,"column":27},"end":{"line":44,"column":null}},"28":{"start":{"line":45,"column":27},"end":{"line":45,"column":null}},"29":{"start":{"line":46,"column":26},"end":{"line":46,"column":null}},"30":{"start":{"line":47,"column":27},"end":{"line":47,"column":null}},"31":{"start":{"line":48,"column":8},"end":{"line":52,"column":null}},"32":{"start":{"line":49,"column":10},"end":{"line":49,"column":null}},"33":{"start":{"line":51,"column":10},"end":{"line":51,"column":null}},"34":{"start":{"line":53,"column":8},"end":{"line":53,"column":null}},"35":{"start":{"line":55,"column":8},"end":{"line":55,"column":null}},"36":{"start":{"line":57,"column":6},"end":{"line":57,"column":null}},"37":{"start":{"line":61,"column":2},"end":{"line":108,"column":null}},"38":{"start":{"line":70,"column":25},"end":{"line":70,"column":82}},"39":{"start":{"line":80,"column":27},"end":{"line":80,"column":89}},"40":{"start":{"line":89,"column":25},"end":{"line":89,"column":87}},"41":{"start":{"line":97,"column":25},"end":{"line":97,"column":101}},"42":{"start":{"line":110,"column":2},"end":{"line":6,"column":32}},"43":{"start":{"line":6,"column":29},"end":{"line":null,"column":-1}},"44":{"start":{"line":112,"column":29},"end":{"line":112,"column":null}}},"fnMap":{"0":{"name":"(anonymous_0)","decl":{"start":{"line":1,"column":39},"end":{"line":1,"column":null}},"loc":{"start":{"line":1,"column":39},"end":{"line":1,"column":null}}},"1":{"name":"(anonymous_1)","decl":{"start":{"line":6,"column":32},"end":{"line":6,"column":38}},"loc":{"start":{"line":6,"column":38},"end":{"line":110,"column":2}}},"2":{"name":"(anonymous_2)","decl":{"start":{"line":16,"column":27},"end":{"line":16,"column":28}},"loc":{"start":{"line":16,"column":71},"end":{"line":27,"column":null}}},"3":{"name":"(anonymous_3)","decl":{"start":{"line":20,"column":22},"end":{"line":20,"column":28}},"loc":{"start":{"line":20,"column":28},"end":{"line":24,"column":null}}},"4":{"name":"(anonymous_4)","decl":{"start":{"line":29,"column":23},"end":{"line":29,"column":35}},"loc":{"start":{"line":29,"column":35},"end":{"line":59,"column":null}}},"5":{"name":"(anonymous_5)","decl":{"start":{"line":41,"column":17},"end":{"line":41,"column":23}},"loc":{"start":{"line":41,"column":23},"end":{"line":41,"column":48}}},"6":{"name":"(anonymous_6)","decl":{"start":{"line":70,"column":18},"end":{"line":70,"column":19}},"loc":{"start":{"line":70,"column":25},"end":{"line":70,"column":82}}},"7":{"name":"(anonymous_7)","decl":{"start":{"line":80,"column":20},"end":{"line":80,"column":21}},"loc":{"start":{"line":80,"column":27},"end":{"line":80,"column":89}}},"8":{"name":"(anonymous_8)","decl":{"start":{"line":89,"column":18},"end":{"line":89,"column":19}},"loc":{"start":{"line":89,"column":25},"end":{"line":89,"column":87}}},"9":{"name":"(anonymous_9)","decl":{"start":{"line":97,"column":18},"end":{"line":97,"column":19}},"loc":{"start":{"line":97,"column":25},"end":{"line":97,"column":101}}}},"branchMap":{"0":{"loc":{"start":{"line":1,"column":39},"end":{"line":1,"column":null}},"type":"binary-expr","locations":[{"start":{"line":1,"column":39},"end":{"line":1,"column":null}},{"start":{"line":1,"column":39},"end":{"line":1,"column":null}}]},"1":{"loc":{"start":{"line":1,"column":39},"end":{"line":1,"column":null}},"type":"if","locations":[{"start":{"line":1,"column":39},"end":{"line":1,"column":null}}]},"2":{"loc":{"start":{"line":18,"column":4},"end":{"line":26,"column":null}},"type":"if","locations":[{"start":{"line":18,"column":4},"end":{"line":26,"column":null}}]},"3":{"loc":{"start":{"line":21,"column":8},"end":{"line":23,"column":null}},"type":"if","locations":[{"start":{"line":21,"column":8},"end":{"line":23,"column":null}}]},"4":{"loc":{"start":{"line":36,"column":6},"end":{"line":39,"column":null}},"type":"if","locations":[{"start":{"line":36,"column":6},"end":{"line":39,"column":null}},{"start":{"line":38,"column":10},"end":{"line":39,"column":null}}]},"5":{"loc":{"start":{"line":43,"column":6},"end":{"line":56,"column":null}},"type":"if","locations":[{"start":{"line":43,"column":6},"end":{"line":56,"column":null}},{"start":{"line":54,"column":13},"end":{"line":56,"column":null}}]},"6":{"loc":{"start":{"line":45,"column":27},"end":{"line":45,"column":null}},"type":"binary-expr","locations":[{"start":{"line":45,"column":27},"end":{"line":45,"column":58}},{"start":{"line":45,"column":58},"end":{"line":45,"column":null}}]},"7":{"loc":{"start":{"line":48,"column":8},"end":{"line":52,"column":null}},"type":"if","locations":[{"start":{"line":48,"column":8},"end":{"line":52,"column":null}},{"start":{"line":50,"column":15},"end":{"line":52,"column":null}}]},"8":{"loc":{"start":{"line":48,"column":12},"end":{"line":48,"column":56}},"type":"binary-expr","locations":[{"start":{"line":48,"column":12},"end":{"line":48,"column":25}},{"start":{"line":48,"column":25},"end":{"line":48,"column":56}}]},"9":{"loc":{"start":{"line":49,"column":26},"end":{"line":49,"column":null}},"type":"binary-expr","locations":[{"start":{"line":49,"column":26},"end":{"line":49,"column":68}},{"start":{"line":49,"column":68},"end":{"line":49,"column":null}}]},"10":{"loc":{"start":{"line":96,"column":15},"end":{"line":96,"column":null}},"type":"binary-expr","locations":[{"start":{"line":96,"column":15},"end":{"line":96,"column":34}},{"start":{"line":96,"column":34},"end":{"line":96,"column":null}}]},"11":{"loc":{"start":{"line":107,"column":7},"end":{"line":107,"column":null}},"type":"binary-expr","locations":[{"start":{"line":107,"column":7},"end":{"line":107,"column":23}},{"start":{"line":107,"column":23},"end":{"line":107,"column":null}}]}},"s":{"0":9,"1":1,"2":340,"3":340,"4":340,"5":340,"6":1,"7":1,"8":1,"9":1,"10":1,"11":1,"12":1,"13":340,"14":3,"15":3,"16":2,"17":2,"18":2,"19":2,"20":2,"21":1,"22":1,"23":2,"24":2,"25":1,"26":1,"27":1,"28":1,"29":1,"30":1,"31":1,"32":1,"33":0,"34":1,"35":0,"36":1,"37":340,"38":27,"39":1,"40":102,"41":36,"42":1,"43":1,"44":1},"f":{"0":1,"1":340,"2":1,"3":1,"4":3,"5":1,"6":27,"7":1,"8":102,"9":36},"b":{"0":[2,1],"1":[1],"2":[1],"3":[1],"4":[1,1],"5":[1,0],"6":[1,0],"7":[1,0],"8":[1,1],"9":[1,0],"10":[340,268],"11":[340,82]}}
,"C:/Users/zeyad/Frontend-Dev-Packages-Registry/src/Pages/AdminPage.tsx": {"path":"C:/Users/zeyad/Frontend-Dev-Packages-Registry/src/Pages/AdminPage.tsx","statementMap":{"0":{"start":{"line":1,"column":25},"end":{"line":1,"column":null}},"1":{"start":{"line":16,"column":31},"end":{"line":60,"column":2}},"2":{"start":{"line":16,"column":37},"end":{"line":16,"column":null}},"3":{"start":{"line":17,"column":19},"end":{"line":17,"column":null}},"4":{"start":{"line":19,"column":2},"end":{"line":58,"column":null}},"5":{"start":{"line":40,"column":25},"end":{"line":40,"column":null}},"6":{"start":{"line":60,"column":2},"end":{"line":17,"column":31}},"7":{"start":{"line":16,"column":28},"end":{"line":17,"column":31}},"8":{"start":{"line":17,"column":30},"end":{"line":16,"column":28}},"9":{"start":{"line":62,"column":28},"end":{"line":62,"column":null}}},"fnMap":{"0":{"name":"(anonymous_0)","decl":{"start":{"line":1,"column":25},"end":{"line":1,"column":null}},"loc":{"start":{"line":1,"column":25},"end":{"line":1,"column":null}}},"1":{"name":"(anonymous_1)","decl":{"start":{"line":16,"column":31},"end":{"line":16,"column":37}},"loc":{"start":{"line":16,"column":37},"end":{"line":60,"column":2}}},"2":{"name":"(anonymous_2)","decl":{"start":{"line":40,"column":19},"end":{"line":40,"column":25}},"loc":{"start":{"line":40,"column":25},"end":{"line":40,"column":null}}},"3":{"name":"(anonymous_3)","decl":{"start":{"line":16,"column":28},"end":{"line":16,"column":31}},"loc":{"start":{"line":16,"column":28},"end":{"line":17,"column":31}}}},"branchMap":{"0":{"loc":{"start":{"line":1,"column":25},"end":{"line":1,"column":null}},"type":"binary-expr","locations":[{"start":{"line":1,"column":25},"end":{"line":1,"column":null}},{"start":{"line":1,"column":25},"end":{"line":1,"column":null}}]},"1":{"loc":{"start":{"line":1,"column":25},"end":{"line":1,"column":null}},"type":"if","locations":[{"start":{"line":1,"column":25},"end":{"line":1,"column":null}}]}},"s":{"0":9,"1":1,"2":20,"3":20,"4":20,"5":1,"6":1,"7":1,"8":1,"9":1},"f":{"0":1,"1":20,"2":1,"3":1},"b":{"0":[2,1],"1":[1]}}
,"C:/Users/zeyad/Frontend-Dev-Packages-Registry/src/Pages/HomePage.tsx": {"path":"C:/Users/zeyad/Frontend-Dev-Packages-Registry/src/Pages/HomePage.tsx","statementMap":{"0":{"start":{"line":1,"column":25},"end":{"line":1,"column":null}},"1":{"start":{"line":17,"column":42},"end":{"line":103,"column":2}},"2":{"start":{"line":17,"column":70},"end":{"line":17,"column":null}},"3":{"start":{"line":18,"column":19},"end":{"line":18,"column":null}},"4":{"start":{"line":20,"column":23},"end":{"line":24,"column":null}},"5":{"start":{"line":21,"column":4},"end":{"line":21,"column":null}},"6":{"start":{"line":22,"column":4},"end":{"line":22,"column":null}},"7":{"start":{"line":23,"column":4},"end":{"line":23,"column":null}},"8":{"start":{"line":26,"column":26},"end":{"line":28,"column":null}},"9":{"start":{"line":27,"column":4},"end":{"line":27,"column":null}},"10":{"start":{"line":30,"column":2},"end":{"line":101,"column":null}},"11":{"start":{"line":85,"column":25},"end":{"line":85,"column":52}},"12":{"start":{"line":103,"column":2},"end":{"line":18,"column":31}},"13":{"start":{"line":17,"column":39},"end":{"line":18,"column":31}},"14":{"start":{"line":18,"column":30},"end":{"line":17,"column":39}},"15":{"start":{"line":105,"column":24},"end":{"line":105,"column":null}}},"fnMap":{"0":{"name":"(anonymous_0)","decl":{"start":{"line":1,"column":25},"end":{"line":1,"column":null}},"loc":{"start":{"line":1,"column":25},"end":{"line":1,"column":null}}},"1":{"name":"(anonymous_1)","decl":{"start":{"line":17,"column":42},"end":{"line":17,"column":43}},"loc":{"start":{"line":17,"column":70},"end":{"line":103,"column":2}}},"2":{"name":"(anonymous_2)","decl":{"start":{"line":20,"column":23},"end":{"line":20,"column":29}},"loc":{"start":{"line":20,"column":29},"end":{"line":24,"column":null}}},"3":{"name":"(anonymous_3)","decl":{"start":{"line":26,"column":26},"end":{"line":26,"column":32}},"loc":{"start":{"line":26,"column":32},"end":{"line":28,"column":null}}},"4":{"name":"(anonymous_4)","decl":{"start":{"line":85,"column":19},"end":{"line":85,"column":25}},"loc":{"start":{"line":85,"column":25},"end":{"line":85,"column":52}}},"5":{"name":"(anonymous_5)","decl":{"start":{"line":17,"column":39},"end":{"line":17,"column":42}},"loc":{"start":{"line":17,"column":39},"end":{"line":18,"column":31}}}},"branchMap":{"0":{"loc":{"start":{"line":1,"column":25},"end":{"line":1,"column":null}},"type":"binary-expr","locations":[{"start":{"line":1,"column":25},"end":{"line":1,"column":null}},{"start":{"line":1,"column":25},"end":{"line":1,"column":null}}]},"1":{"loc":{"start":{"line":1,"column":25},"end":{"line":1,"column":null}},"type":"if","locations":[{"start":{"line":1,"column":25},"end":{"line":1,"column":null}}]}},"s":{"0":9,"1":1,"2":20,"3":20,"4":20,"5":0,"6":0,"7":0,"8":20,"9":1,"10":20,"11":1,"12":1,"13":1,"14":1,"15":1},"f":{"0":1,"1":20,"2":0,"3":1,"4":1,"5":1},"b":{"0":[2,1],"1":[1]}}
,"C:/Users/zeyad/Frontend-Dev-Packages-Registry/src/Pages/LandingPage.tsx": {"path":"C:/Users/zeyad/Frontend-Dev-Packages-Registry/src/Pages/LandingPage.tsx","statementMap":{"0":{"start":{"line":1,"column":25},"end":{"line":1,"column":null}},"1":{"start":{"line":4,"column":30},"end":{"line":28,"column":2}},"2":{"start":{"line":4,"column":36},"end":{"line":4,"column":null}},"3":{"start":{"line":5,"column":19},"end":{"line":5,"column":null}},"4":{"start":{"line":7,"column":2},"end":{"line":26,"column":null}},"5":{"start":{"line":15,"column":27},"end":{"line":15,"column":47}},"6":{"start":{"line":21,"column":27},"end":{"line":21,"column":48}},"7":{"start":{"line":28,"column":2},"end":{"line":5,"column":31}},"8":{"start":{"line":4,"column":27},"end":{"line":5,"column":31}},"9":{"start":{"line":5,"column":30},"end":{"line":4,"column":27}},"10":{"start":{"line":30,"column":27},"end":{"line":30,"column":null}}},"fnMap":{"0":{"name":"(anonymous_0)","decl":{"start":{"line":1,"column":25},"end":{"line":1,"column":null}},"loc":{"start":{"line":1,"column":25},"end":{"line":1,"column":null}}},"1":{"name":"(anonymous_1)","decl":{"start":{"line":4,"column":30},"end":{"line":4,"column":36}},"loc":{"start":{"line":4,"column":36},"end":{"line":28,"column":2}}},"2":{"name":"(anonymous_2)","decl":{"start":{"line":15,"column":21},"end":{"line":15,"column":27}},"loc":{"start":{"line":15,"column":27},"end":{"line":15,"column":47}}},"3":{"name":"(anonymous_3)","decl":{"start":{"line":21,"column":21},"end":{"line":21,"column":27}},"loc":{"start":{"line":21,"column":27},"end":{"line":21,"column":48}}},"4":{"name":"(anonymous_4)","decl":{"start":{"line":4,"column":27},"end":{"line":4,"column":30}},"loc":{"start":{"line":4,"column":27},"end":{"line":5,"column":31}}}},"branchMap":{"0":{"loc":{"start":{"line":1,"column":25},"end":{"line":1,"column":null}},"type":"binary-expr","locations":[{"start":{"line":1,"column":25},"end":{"line":1,"column":null}},{"start":{"line":1,"column":25},"end":{"line":1,"column":null}}]},"1":{"loc":{"start":{"line":1,"column":25},"end":{"line":1,"column":null}},"type":"if","locations":[{"start":{"line":1,"column":25},"end":{"line":1,"column":null}}]}},"s":{"0":9,"1":1,"2":2,"3":2,"4":2,"5":0,"6":1,"7":1,"8":1,"9":1,"10":1},"f":{"0":1,"1":2,"2":0,"3":1,"4":1},"b":{"0":[2,1],"1":[1]}}
,"C:/Users/zeyad/Frontend-Dev-Packages-Registry/src/Pages/LoginPage.tsx": {"path":"C:/Users/zeyad/Frontend-Dev-Packages-Registry/src/Pages/LoginPage.tsx","statementMap":{"0":{"start":{"line":1,"column":25},"end":{"line":1,"column":null}},"1":{"start":{"line":10,"column":44},"end":{"line":35,"column":2}},"2":{"start":{"line":10,"column":86},"end":{"line":10,"column":null}},"3":{"start":{"line":11,"column":19},"end":{"line":11,"column":null}},"4":{"start":{"line":13,"column":22},"end":{"line":25,"column":null}},"5":{"start":{"line":15,"column":4},"end":{"line":15,"column":null}},"6":{"start":{"line":18,"column":4},"end":{"line":18,"column":null}},"7":{"start":{"line":21,"column":4},"end":{"line":21,"column":null}},"8":{"start":{"line":24,"column":4},"end":{"line":24,"column":null}},"9":{"start":{"line":27,"column":2},"end":{"line":33,"column":null}},"10":{"start":{"line":35,"column":2},"end":{"line":11,"column":31}},"11":{"start":{"line":10,"column":41},"end":{"line":11,"column":31}},"12":{"start":{"line":11,"column":30},"end":{"line":10,"column":41}},"13":{"start":{"line":37,"column":25},"end":{"line":37,"column":null}}},"fnMap":{"0":{"name":"(anonymous_0)","decl":{"start":{"line":1,"column":25},"end":{"line":1,"column":null}},"loc":{"start":{"line":1,"column":25},"end":{"line":1,"column":null}}},"1":{"name":"(anonymous_1)","decl":{"start":{"line":10,"column":44},"end":{"line":10,"column":45}},"loc":{"start":{"line":10,"column":86},"end":{"line":35,"column":2}}},"2":{"name":"(anonymous_2)","decl":{"start":{"line":13,"column":22},"end":{"line":13,"column":23}},"loc":{"start":{"line":13,"column":41},"end":{"line":25,"column":null}}},"3":{"name":"(anonymous_3)","decl":{"start":{"line":10,"column":41},"end":{"line":10,"column":44}},"loc":{"start":{"line":10,"column":41},"end":{"line":11,"column":31}}}},"branchMap":{"0":{"loc":{"start":{"line":1,"column":25},"end":{"line":1,"column":null}},"type":"binary-expr","locations":[{"start":{"line":1,"column":25},"end":{"line":1,"column":null}},{"start":{"line":1,"column":25},"end":{"line":1,"column":null}}]},"1":{"loc":{"start":{"line":1,"column":25},"end":{"line":1,"column":null}},"type":"if","locations":[{"start":{"line":1,"column":25},"end":{"line":1,"column":null}}]}},"s":{"0":9,"1":1,"2":2,"3":2,"4":2,"5":1,"6":1,"7":1,"8":1,"9":2,"10":1,"11":1,"12":1,"13":1},"f":{"0":1,"1":2,"2":1,"3":1},"b":{"0":[2,1],"1":[1]}}
}
